[08-02-2006 00:00:11] >> Connected to irc.freenode.net:6667, registering...
[08-02-2006 00:00:21] >> Warning: Invalid argument supplied for foreach() in /home/web/ezcommunity/ezcommunity/ezirc.ezcommunity.net/ezirc_v001_IQ-0.9.3/include/class.IQBot.php (line 304)
[08-02-2006 00:00:21] -sterling.freenode.net:ezlog- *** Banned: Tor access to freenode is via a hidden service (mejokbp2brhw4omd.onion). Please see URL freenode.net/irc_servers.shtml for more info. Thanks!
[08-02-2006 00:00:21] Diconnected. Sleeping for 2 second(s).
[08-02-2006 00:00:23] >> Connecting to irc.freenode.net:6667
[08-02-2006 00:00:39] >> Connected to irc.freenode.net:6667, registering...
[08-02-2006 00:00:39] >> Warning: Invalid argument supplied for foreach() in /home/web/ezcommunity/ezcommunity/ezirc.ezcommunity.net/ezirc_v001_IQ-0.9.3/include/class.IQBot.php (line 304)
[08-02-2006 00:00:39] -calvino.freenode.net:ezlog- *** Banned: Tor access to freenode is via a hidden service (mejokbp2brhw4omd.onion). Please see URL freenode.net/irc_servers.shtml for more info. Thanks!
[08-02-2006 00:00:39] Diconnected. Sleeping for 2 second(s).
[08-02-2006 00:00:41] >> Connecting to irc.freenode.net:6667
[08-02-2006 00:00:58] >> Connected to irc.freenode.net:6667, registering...
[08-02-2006 00:01:29] >> Warning: Invalid argument supplied for foreach() in /home/web/ezcommunity/ezcommunity/ezirc.ezcommunity.net/ezirc_v001_IQ-0.9.3/include/class.IQBot.php (line 304)
[08-02-2006 00:01:29] -sterling.freenode.net:ezlog- *** Banned: Tor access to freenode is via a hidden service (mejokbp2brhw4omd.onion). Please see URL freenode.net/irc_servers.shtml for more info. Thanks!
[08-02-2006 00:01:29] Diconnected. Sleeping for 2 second(s).
[08-02-2006 00:01:31] >> Connecting to irc.freenode.net:6667
[08-02-2006 00:01:47] >> Connected to irc.freenode.net:6667, registering...
[08-02-2006 00:01:59] >> Warning: Invalid argument supplied for foreach() in /home/web/ezcommunity/ezcommunity/ezirc.ezcommunity.net/ezirc_v001_IQ-0.9.3/include/class.IQBot.php (line 304)
[08-02-2006 00:01:59] -sterling.freenode.net:ezlog- *** Banned: Tor access to freenode is via a hidden service (mejokbp2brhw4omd.onion). Please see URL freenode.net/irc_servers.shtml for more info. Thanks!
[08-02-2006 00:01:59] Diconnected. Sleeping for 2 second(s).
[08-02-2006 00:02:01] >> Connecting to irc.freenode.net:6667
[08-02-2006 00:02:17] >> Connected to irc.freenode.net:6667, registering...
[08-02-2006 00:02:17] >> Warning: Invalid argument supplied for foreach() in /home/web/ezcommunity/ezcommunity/ezirc.ezcommunity.net/ezirc_v001_IQ-0.9.3/include/class.IQBot.php (line 304)
[08-02-2006 00:02:17] -calvino.freenode.net:ezlog- *** Banned: Tor access to freenode is via a hidden service (mejokbp2brhw4omd.onion). Please see URL freenode.net/irc_servers.shtml for more info. Thanks!
[08-02-2006 00:02:17] Diconnected. Sleeping for 2 second(s).
[08-02-2006 00:02:19] >> Connecting to irc.freenode.net:6667
[08-02-2006 00:02:36] >> Connected to irc.freenode.net:6667, registering...
[08-02-2006 00:03:07] >> Warning: Invalid argument supplied for foreach() in /home/web/ezcommunity/ezcommunity/ezirc.ezcommunity.net/ezirc_v001_IQ-0.9.3/include/class.IQBot.php (line 304)
[08-02-2006 00:03:07] -sterling.freenode.net:ezlog- *** Banned: Tor access to freenode is via a hidden service (mejokbp2brhw4omd.onion). Please see URL freenode.net/irc_servers.shtml for more info. Thanks!
[08-02-2006 00:03:07] Diconnected. Sleeping for 2 second(s).
[08-02-2006 00:03:09] >> Connecting to irc.freenode.net:6667
[08-02-2006 00:03:25] >> Connected to irc.freenode.net:6667, registering...
[08-02-2006 00:03:42] >> Warning: Invalid argument supplied for foreach() in /home/web/ezcommunity/ezcommunity/ezirc.ezcommunity.net/ezirc_v001_IQ-0.9.3/include/class.IQBot.php (line 304)
[08-02-2006 00:03:42] -sterling.freenode.net:ezlog- *** Banned: Tor access to freenode is via a hidden service (mejokbp2brhw4omd.onion). Please see URL freenode.net/irc_servers.shtml for more info. Thanks!
[08-02-2006 00:03:42] Diconnected. Sleeping for 2 second(s).
[08-02-2006 00:03:44] >> Connecting to irc.freenode.net:6667
[08-02-2006 00:04:00] >> Connected to irc.freenode.net:6667, registering...
[08-02-2006 00:04:00] >> Warning: Invalid argument supplied for foreach() in /home/web/ezcommunity/ezcommunity/ezirc.ezcommunity.net/ezirc_v001_IQ-0.9.3/include/class.IQBot.php (line 304)
[08-02-2006 00:04:00] -calvino.freenode.net:ezlog- *** Banned: Tor access to freenode is via a hidden service (mejokbp2brhw4omd.onion). Please see URL freenode.net/irc_servers.shtml for more info. Thanks!
[08-02-2006 00:04:00] Diconnected. Sleeping for 2 second(s).
