[05-09-2006 00:37:26] -!- ordnas [n=ordnas@p549D5353.dip.t-dialin.net] has joined #ezpublish
[05-09-2006 00:45:42] -!- buz [n=buz@217-162-135-182.dclient.hispeed.ch] has joined #ezpublish
[05-09-2006 00:46:27] -!- _buz [n=buz@217-162-135-182.dclient.hispeed.ch] has joined #ezpublish
[05-09-2006 01:07:27] -!- _kore [n=lordhong@port-83-236-9-237.dynamic.qsc.de] has joined #ezpublish
[05-09-2006 01:21:02] [#ezpublish] <Tidemann> mornin¨
[05-09-2006 01:28:56] [#ezpublish] <kris10an> mornin
[05-09-2006 01:44:05] -!- buz [n=buz@217-162-135-182.dclient.hispeed.ch] has quit ["Konversation terminated!"]
[05-09-2006 01:54:51] -!- DiGiTa|__ [n=pet2poul@84.5.137.171] has joined #ezpublish
[05-09-2006 01:55:47] -!- kore__ [n=lordhong@F0-EZSYSTEMS.customer.getit.de] has joined #ezpublish
[05-09-2006 01:59:52] -!- _buz [n=buz@217-162-135-182.dclient.hispeed.ch] has quit [Read error: 110 (Connection timed out)]
[05-09-2006 02:18:10] -!- kalooni [n=nicolas@fbx.internethic.net] has joined #ezpublish
[05-09-2006 02:23:18] -!- jota [n=jota@cm216016.red83-165.mundo-r.com] has joined #ezpublish
[05-09-2006 02:53:03] -!- Tidemann [n=tidemann@ti132110a080-7303.bb.online.no] has quit [Read error: 104 (Connection reset by peer)]
[05-09-2006 03:06:58] -!- ordna1 [n=ordnas@p549D5136.dip.t-dialin.net] has joined #ezpublish
[05-09-2006 03:10:05] -!- elephantMan [n=elephant@32.202.99-84.rev.gaoland.net] has quit [Read error: 110 (Connection timed out)]
[05-09-2006 03:13:44] -!- elephantMan [n=elephant@55.205.103-84.rev.gaoland.net] has joined #ezpublish
[05-09-2006 03:23:53] -!- ordnas [n=ordnas@p549D5353.dip.t-dialin.net] has quit [Read error: 110 (Connection timed out)]
[05-09-2006 03:51:56] -!- katana` [n=Katana@gai69-1-87-91-102-67.dsl.club-internet.fr] has joined #ezpublish
[05-09-2006 03:58:09] [#ezpublish] <katana`> hi
[05-09-2006 04:13:41] -!- awormus [n=aaron@p54B122EC.dip0.t-ipconnect.de] has quit ["Leaving"]
[05-09-2006 04:18:59] [#ezpublish] <kris10an> mornin
[05-09-2006 04:56:13] -!- ordnas [n=ordnas@p549D5136.dip.t-dialin.net] has joined #ezpublish
[05-09-2006 04:56:54] [#ezpublish] <DiGiTa|__> http://www.couloir.org/js_slideshow/
[05-09-2006 05:02:32] [#ezpublish] <kalooni> nice ;)
[05-09-2006 05:03:42] [#ezpublish] <katana`> yep
[05-09-2006 05:09:47] -!- ordna1 [n=ordnas@p549D5136.dip.t-dialin.net] has quit [Read error: 110 (Connection timed out)]
[05-09-2006 05:10:09] [#ezpublish] <kris10an> nice! and really cool pictures
[05-09-2006 05:14:58] -!- ordnas [n=ordnas@p549D5136.dip.t-dialin.net] has quit [Read error: 110 (Connection timed out)]
[05-09-2006 05:15:29] [#ezpublish] <xbit> is it ezpub? :o
[05-09-2006 05:31:40] -!- tobmaster [n=tobmaste@F0-EZSYSTEMS.customer.getit.de] has joined #ezpublish
[05-09-2006 05:36:39] -!- hovik [n=hovik@85.19.74.66] has quit [Read error: 104 (Connection reset by peer)]
[05-09-2006 05:39:08] -!- hovik [n=hovik@85.19.74.66] has joined #ezpublish
[05-09-2006 05:39:16] -!- zrg [n=zurgutt@217-159-153-69-dsl.kt.estpak.ee] has joined #ezpublish
[05-09-2006 05:39:30] [#ezpublish] <zrg> dudes
[05-09-2006 05:40:14] [#ezpublish] <zrg> how do i check in template if $node is main location for object?
[05-09-2006 05:49:13] [#ezpublish] <xbit> $node.object.main_node_id vs $node.node_id i guess :o
[05-09-2006 05:54:01] [#ezpublish] <zrg> cool
[05-09-2006 05:54:25] [#ezpublish] <zrg> i was digging way too deep :)
[05-09-2006 05:57:19] -!- hovik [n=hovik@85.19.74.66] has left #ezpublish ["Kopete 0.11.1 : http://kopete.kde.org"]
[05-09-2006 06:01:17] -!- hovik [n=hovik@85.19.74.66] has joined #ezpublish
[05-09-2006 06:01:29] -!- hovik [n=hovik@85.19.74.66] has left #ezpublish ["Kopete 0.11.1 : http://kopete.kde.org"]
[05-09-2006 06:02:38] -!- _buz [n=buz@217-162-135-182.dclient.hispeed.ch] has joined #ezpublish
[05-09-2006 06:03:55] -!- buz [n=buz@217-162-135-182.dclient.hispeed.ch] has joined #ezpublish
[05-09-2006 06:07:42] -!- ordnas [n=ordnas@p5080B934.dip0.t-ipconnect.de] has joined #ezpublish
[05-09-2006 06:12:52] -!- ordna1 [n=ordnas@p5080B934.dip0.t-ipconnect.de] has joined #ezpublish
[05-09-2006 06:16:20] -!- zrg [n=zurgutt@217-159-153-69-dsl.kt.estpak.ee] has quit ["Download Gaim: http://gaim.sourceforge.net/"]
[05-09-2006 06:25:11] -!- ordnas [n=ordnas@p5080B934.dip0.t-ipconnect.de] has quit [Read error: 110 (Connection timed out)]
[05-09-2006 06:30:57] -!- ordna1 [n=ordnas@p5080B934.dip0.t-ipconnect.de] has quit [Read error: 113 (No route to host)]
[05-09-2006 06:48:30] -!- ordnas [n=ordnas@p50808D32.dip0.t-ipconnect.de] has joined #ezpublish
[05-09-2006 07:08:46] -!- awormus [n=aaron@p54B122EC.dip0.t-ipconnect.de] has joined #ezpublish
[05-09-2006 07:46:28] -!- _buz [n=buz@217-162-135-182.dclient.hispeed.ch] has quit [Read error: 110 (Connection timed out)]
[05-09-2006 08:32:16] -!- jota [n=jota@cm216016.red83-165.mundo-r.com] has quit ["Abandonando"]
[05-09-2006 09:22:16] -!- hovik [n=hovik@173.80-203-136.nextgentel.com] has joined #ezpublish
[05-09-2006 09:24:26] -!- elephantMan [n=elephant@55.205.103-84.rev.gaoland.net] has quit [Read error: 110 (Connection timed out)]
[05-09-2006 09:25:04] -!- elephantMan [n=elephant@36.205.103-84.rev.gaoland.net] has joined #ezpublish
[05-09-2006 09:42:16] -!- kore__ [n=lordhong@F0-EZSYSTEMS.customer.getit.de] has quit []
[05-09-2006 09:58:22] [#ezpublish] <elephantMan> hi all
[05-09-2006 10:08:42] -!- ordnas [n=ordnas@p50808D32.dip0.t-ipconnect.de] has quit [Read error: 113 (No route to host)]
[05-09-2006 10:37:08] -!- kalooni [n=nicolas@fbx.internethic.net] has quit ["Quitte"]
[05-09-2006 10:37:25] -!- katana` [n=Katana@gai69-1-87-91-102-67.dsl.club-internet.fr] has quit ["Peace and Protection 4.22"]
[05-09-2006 10:50:55] -!- nfrp [n=nfrp@LSt-Amand-152-31-36-33.w82-127.abo.wanadoo.fr] has joined #ezpublish
[05-09-2006 11:25:29] -!- caee [i=ce@129.177.43.14] has joined #ezpublish
[05-09-2006 11:26:49] -!- nfrp [n=nfrp@LSt-Amand-152-31-36-33.w82-127.abo.wanadoo.fr] has quit ["Leaving"]
[05-09-2006 11:54:19] -!- tobmaster [n=tobmaste@F0-EZSYSTEMS.customer.getit.de] has quit ["Thx 4 all the fisch"]
[05-09-2006 12:15:13] -!- _buz [n=buz@217-162-135-182.dclient.hispeed.ch] has joined #ezpublish
[05-09-2006 14:02:16] -!- _buz [n=buz@217-162-135-182.dclient.hispeed.ch] has quit [Read error: 110 (Connection timed out)]
[05-09-2006 14:21:07] -!- domas [n=midom@wikipedia/Midom] has joined #ezpublish
[05-09-2006 14:21:13] [#ezpublish] <domas> hello!
[05-09-2006 14:23:26] -!- ls [n=ls@unregister049029239087.c29.msk.pl] has joined #ezpublish
[05-09-2006 14:53:19] -!- buz [n=buz@217-162-135-182.dclient.hispeed.ch] has quit ["Konversation terminated!"]
[05-09-2006 15:00:36] -!- xigle1 [n=xiglet@cD9088F2C.sdsl.catch.no] has joined #ezpublish
[05-09-2006 15:21:20] -!- Allman [n=allman@ti132110a340-0157.bb.online.no] has joined #ezpublish
[05-09-2006 15:32:21] -!- ls [n=ls@unregister049029239087.c29.msk.pl] has quit ["Leaving"]
[05-09-2006 15:39:41] -!- xigle1 is now known as xigleth
[05-09-2006 15:51:27] -!- ordnas [n=ordnas@p549D5136.dip.t-dialin.net] has joined #ezpublish
[05-09-2006 15:57:22] -!- ordnas [n=ordnas@p549D5136.dip.t-dialin.net] has left #ezpublish []
[05-09-2006 16:15:40] -!- DiGiTa|__ [n=pet2poul@84.5.137.171] has quit []
[05-09-2006 16:24:27] -!- _kore [n=lordhong@port-83-236-9-237.dynamic.qsc.de] has quit [""The Flag is a symbol of the fact that man is still a herd animal.""]
[05-09-2006 16:29:22] -!- caee [i=ce@129.177.43.14] has quit [Read error: 104 (Connection reset by peer)]
[05-09-2006 16:43:20] -!- Allman [n=allman@ti132110a340-0157.bb.online.no] has quit []
[05-09-2006 16:50:53] -!- awormus [n=aaron@p54B122EC.dip0.t-ipconnect.de] has quit ["Leaving"]
[05-09-2006 17:19:13] -!- xigleth [n=xiglet@cD9088F2C.sdsl.catch.no] has quit ["Download Gaim: http://gaim.sourceforge.net/"]
[05-09-2006 17:50:16] -!- zrg [n=zurgutt@217-159-153-69-dsl.kt.estpak.ee] has joined #ezpublish
[05-09-2006 22:03:39] -!- zrg [n=zurgutt@217-159-153-69-dsl.kt.estpak.ee] has quit ["Download Gaim: http://gaim.sourceforge.net/"]
[05-09-2006 22:25:51] -!- hovik [n=hovik@173.80-203-136.nextgentel.com] has left #ezpublish ["Kopete 0.11.1 : http://kopete.kde.org"]
[05-09-2006 23:29:46] -!- _buz [n=buz@217-162-135-182.dclient.hispeed.ch] has joined #ezpublish
[05-09-2006 23:43:34] -!- _buz [n=buz@217-162-135-182.dclient.hispeed.ch] has quit ["Konversation terminated!"]
