[08-03-2006 00:00:01] >> Connecting to irc.freenode.net:6667
[08-03-2006 00:00:01] >> Connected to irc.freenode.net:6667, registering...
[08-03-2006 00:00:01] >> Warning: Invalid argument supplied for foreach() in /home/web/ezcommunity/ezcommunity/ezirc.ezcommunity.net/ezirc_v001_IQ-0.9.3/include/class.IQBot.php (line 304)
[08-03-2006 00:00:01] -sterling.freenode.net:ezlog- *** Banned: Tor access to freenode is via a hidden service (mejokbp2brhw4omd.onion). Please see URL freenode.net/irc_servers.shtml for more info. Thanks!
[08-03-2006 00:00:01] Diconnected. Sleeping for 2 second(s).
[08-03-2006 00:00:03] >> Connecting to irc.freenode.net:6667
[08-03-2006 00:00:03] >> Connected to irc.freenode.net:6667, registering...
[08-03-2006 00:00:04] >> Warning: Invalid argument supplied for foreach() in /home/web/ezcommunity/ezcommunity/ezirc.ezcommunity.net/ezirc_v001_IQ-0.9.3/include/class.IQBot.php (line 304)
[08-03-2006 00:00:04] -sterling.freenode.net:ezlog- *** Banned: Tor access to freenode is via a hidden service (mejokbp2brhw4omd.onion). Please see URL freenode.net/irc_servers.shtml for more info. Thanks!
[08-03-2006 00:00:04] Diconnected. Sleeping for 2 second(s).
[08-03-2006 00:00:06] >> Connecting to irc.freenode.net:6667
[08-03-2006 00:00:06] >> Connected to irc.freenode.net:6667, registering...
[08-03-2006 00:00:06] >> Warning: Invalid argument supplied for foreach() in /home/web/ezcommunity/ezcommunity/ezirc.ezcommunity.net/ezirc_v001_IQ-0.9.3/include/class.IQBot.php (line 304)
[08-03-2006 00:00:06] -sterling.freenode.net:ezlog- *** Banned: Tor access to freenode is via a hidden service (mejokbp2brhw4omd.onion). Please see URL freenode.net/irc_servers.shtml for more info. Thanks!
[08-03-2006 00:00:06] Diconnected. Sleeping for 2 second(s).
[08-03-2006 00:00:08] >> Connecting to irc.freenode.net:6667
[08-03-2006 00:00:08] >> Connected to irc.freenode.net:6667, registering...
[08-03-2006 00:00:09] >> Warning: Invalid argument supplied for foreach() in /home/web/ezcommunity/ezcommunity/ezirc.ezcommunity.net/ezirc_v001_IQ-0.9.3/include/class.IQBot.php (line 304)
[08-03-2006 00:00:09] -calvino.freenode.net:ezlog- *** Banned: Tor access to freenode is via a hidden service (mejokbp2brhw4omd.onion). Please see URL freenode.net/irc_servers.shtml for more info. Thanks!
[08-03-2006 00:00:09] Diconnected. Sleeping for 2 second(s).
[08-03-2006 00:00:11] >> Connecting to irc.freenode.net:6667
[08-03-2006 00:00:11] >> Connected to irc.freenode.net:6667, registering...
[08-03-2006 00:00:11] >> Warning: Invalid argument supplied for foreach() in /home/web/ezcommunity/ezcommunity/ezirc.ezcommunity.net/ezirc_v001_IQ-0.9.3/include/class.IQBot.php (line 304)
[08-03-2006 00:00:11] -sterling.freenode.net:ezlog- *** Banned: Tor access to freenode is via a hidden service (mejokbp2brhw4omd.onion). Please see URL freenode.net/irc_servers.shtml for more info. Thanks!
[08-03-2006 00:00:11] Diconnected. Sleeping for 2 second(s).
[08-03-2006 00:00:13] >> Connecting to irc.freenode.net:6667
[08-03-2006 00:00:13] >> Connected to irc.freenode.net:6667, registering...
[08-03-2006 00:00:14] >> Warning: Invalid argument supplied for foreach() in /home/web/ezcommunity/ezcommunity/ezirc.ezcommunity.net/ezirc_v001_IQ-0.9.3/include/class.IQBot.php (line 304)
[08-03-2006 00:00:14] -sterling.freenode.net:ezlog- *** Banned: Tor access to freenode is via a hidden service (mejokbp2brhw4omd.onion). Please see URL freenode.net/irc_servers.shtml for more info. Thanks!
[08-03-2006 00:00:14] Diconnected. Sleeping for 2 second(s).
[08-03-2006 00:00:16] >> Connecting to irc.freenode.net:6667
[08-03-2006 00:00:16] >> Connected to irc.freenode.net:6667, registering...
[08-03-2006 00:00:16] >> Warning: Invalid argument supplied for foreach() in /home/web/ezcommunity/ezcommunity/ezirc.ezcommunity.net/ezirc_v001_IQ-0.9.3/include/class.IQBot.php (line 304)
[08-03-2006 00:00:16] -sterling.freenode.net:ezlog- *** Banned: Tor access to freenode is via a hidden service (mejokbp2brhw4omd.onion). Please see URL freenode.net/irc_servers.shtml for more info. Thanks!
[08-03-2006 00:00:16] Diconnected. Sleeping for 2 second(s).
[08-03-2006 00:00:18] >> Connecting to irc.freenode.net:6667
[08-03-2006 00:00:18] >> Connected to irc.freenode.net:6667, registering...
[08-03-2006 00:00:19] >> Warning: Invalid argument supplied for foreach() in /home/web/ezcommunity/ezcommunity/ezirc.ezcommunity.net/ezirc_v001_IQ-0.9.3/include/class.IQBot.php (line 304)
[08-03-2006 00:00:19] -sterling.freenode.net:ezlog- *** Banned: Tor access to freenode is via a hidden service (mejokbp2brhw4omd.onion). Please see URL freenode.net/irc_servers.shtml for more info. Thanks!
[08-03-2006 00:00:19] Diconnected. Sleeping for 2 second(s).
[08-03-2006 00:00:21] >> Connecting to irc.freenode.net:6667
[08-03-2006 00:00:21] >> Connected to irc.freenode.net:6667, registering...
[08-03-2006 00:00:21] >> Warning: Invalid argument supplied for foreach() in /home/web/ezcommunity/ezcommunity/ezirc.ezcommunity.net/ezirc_v001_IQ-0.9.3/include/class.IQBot.php (line 304)
[08-03-2006 00:00:21] -sterling.freenode.net:ezlog- *** Banned: Tor access to freenode is via a hidden service (mejokbp2brhw4omd.onion). Please see URL freenode.net/irc_servers.shtml for more info. Thanks!
[08-03-2006 00:00:21] Diconnected. Sleeping for 2 second(s).
[08-03-2006 00:00:23] >> Connecting to irc.freenode.net:6667
[08-03-2006 00:00:23] >> Connected to irc.freenode.net:6667, registering...
[08-03-2006 00:00:24] >> Warning: Invalid argument supplied for foreach() in /home/web/ezcommunity/ezcommunity/ezirc.ezcommunity.net/ezirc_v001_IQ-0.9.3/include/class.IQBot.php (line 304)
[08-03-2006 00:00:24] -calvino.freenode.net:ezlog- *** Banned: Tor access to freenode is via a hidden service (mejokbp2brhw4omd.onion). Please see URL freenode.net/irc_servers.shtml for more info. Thanks!
[08-03-2006 00:00:24] Diconnected. Sleeping for 2 second(s).
[08-03-2006 00:00:26] >> Connecting to irc.freenode.net:6667
[08-03-2006 00:00:26] >> Connected to irc.freenode.net:6667, registering...
[08-03-2006 00:00:26] >> Warning: Invalid argument supplied for foreach() in /home/web/ezcommunity/ezcommunity/ezirc.ezcommunity.net/ezirc_v001_IQ-0.9.3/include/class.IQBot.php (line 304)
[08-03-2006 00:00:26] -sterling.freenode.net:ezlog- *** Banned: Tor access to freenode is via a hidden service (mejokbp2brhw4omd.onion). Please see URL freenode.net/irc_servers.shtml for more info. Thanks!
[08-03-2006 00:00:26] Diconnected. Sleeping for 2 second(s).
[08-03-2006 00:00:28] >> Connecting to irc.freenode.net:6667
[08-03-2006 00:00:28] >> Connected to irc.freenode.net:6667, registering...
[08-03-2006 00:00:28] >> Warning: Invalid argument supplied for foreach() in /home/web/ezcommunity/ezcommunity/ezirc.ezcommunity.net/ezirc_v001_IQ-0.9.3/include/class.IQBot.php (line 304)
[08-03-2006 00:00:28] -sterling.freenode.net:ezlog- *** Banned: Tor access to freenode is via a hidden service (mejokbp2brhw4omd.onion). Please see URL freenode.net/irc_servers.shtml for more info. Thanks!
[08-03-2006 00:00:28] Diconnected. Sleeping for 2 second(s).
[08-03-2006 00:00:30] >> Connecting to irc.freenode.net:6667
[08-03-2006 00:00:31] >> Connected to irc.freenode.net:6667, registering...
[08-03-2006 00:00:31] >> Warning: Invalid argument supplied for foreach() in /home/web/ezcommunity/ezcommunity/ezirc.ezcommunity.net/ezirc_v001_IQ-0.9.3/include/class.IQBot.php (line 304)
[08-03-2006 00:00:31] -sterling.freenode.net:ezlog- *** Banned: Tor access to freenode is via a hidden service (mejokbp2brhw4omd.onion). Please see URL freenode.net/irc_servers.shtml for more info. Thanks!
[08-03-2006 00:00:31] Diconnected. Sleeping for 2 second(s).
[08-03-2006 00:00:33] >> Connecting to irc.freenode.net:6667
[08-03-2006 00:00:33] >> Connected to irc.freenode.net:6667, registering...
[08-03-2006 00:00:34] >> Warning: Invalid argument supplied for foreach() in /home/web/ezcommunity/ezcommunity/ezirc.ezcommunity.net/ezirc_v001_IQ-0.9.3/include/class.IQBot.php (line 304)
[08-03-2006 00:00:34] -sterling.freenode.net:ezlog- *** Banned: Tor access to freenode is via a hidden service (mejokbp2brhw4omd.onion). Please see URL freenode.net/irc_servers.shtml for more info. Thanks!
[08-03-2006 00:00:34] Diconnected. Sleeping for 2 second(s).
[08-03-2006 00:00:36] >> Connecting to irc.freenode.net:6667
[08-03-2006 00:00:36] >> Connected to irc.freenode.net:6667, registering...
[08-03-2006 00:00:36] >> Warning: Invalid argument supplied for foreach() in /home/web/ezcommunity/ezcommunity/ezirc.ezcommunity.net/ezirc_v001_IQ-0.9.3/include/class.IQBot.php (line 304)
[08-03-2006 00:00:36] -sterling.freenode.net:ezlog- *** Banned: Tor access to freenode is via a hidden service (mejokbp2brhw4omd.onion). Please see URL freenode.net/irc_servers.shtml for more info. Thanks!
[08-03-2006 00:00:36] Diconnected. Sleeping for 2 second(s).
[08-03-2006 00:00:38] >> Connecting to irc.freenode.net:6667
[08-03-2006 00:00:38] >> Connected to irc.freenode.net:6667, registering...
[08-03-2006 00:00:39] >> Warning: Invalid argument supplied for foreach() in /home/web/ezcommunity/ezcommunity/ezirc.ezcommunity.net/ezirc_v001_IQ-0.9.3/include/class.IQBot.php (line 304)
[08-03-2006 00:00:39] -sterling.freenode.net:ezlog- *** Banned: Tor access to freenode is via a hidden service (mejokbp2brhw4omd.onion). Please see URL freenode.net/irc_servers.shtml for more info. Thanks!
[08-03-2006 00:00:39] Diconnected. Sleeping for 2 second(s).
[08-03-2006 00:00:41] >> Connecting to irc.freenode.net:6667
[08-03-2006 00:00:41] >> Connected to irc.freenode.net:6667, registering...
[08-03-2006 00:00:41] >> Warning: Invalid argument supplied for foreach() in /home/web/ezcommunity/ezcommunity/ezirc.ezcommunity.net/ezirc_v001_IQ-0.9.3/include/class.IQBot.php (line 304)
[08-03-2006 00:00:41] -calvino.freenode.net:ezlog- *** Banned: Tor access to freenode is via a hidden service (mejokbp2brhw4omd.onion). Please see URL freenode.net/irc_servers.shtml for more info. Thanks!
[08-03-2006 00:00:41] Diconnected. Sleeping for 2 second(s).
[08-03-2006 00:00:43] >> Connecting to irc.freenode.net:6667
[08-03-2006 00:00:43] >> Connected to irc.freenode.net:6667, registering...
[08-03-2006 00:00:44] >> Warning: Invalid argument supplied for foreach() in /home/web/ezcommunity/ezcommunity/ezirc.ezcommunity.net/ezirc_v001_IQ-0.9.3/include/class.IQBot.php (line 304)
[08-03-2006 00:00:44] -sterling.freenode.net:ezlog- *** Banned: Tor access to freenode is via a hidden service (mejokbp2brhw4omd.onion). Please see URL freenode.net/irc_servers.shtml for more info. Thanks!
[08-03-2006 00:00:44] Diconnected. Sleeping for 2 second(s).
[08-03-2006 00:00:46] >> Connecting to irc.freenode.net:6667
[08-03-2006 00:00:46] >> Connected to irc.freenode.net:6667, registering...
[08-03-2006 00:00:46] >> Warning: Invalid argument supplied for foreach() in /home/web/ezcommunity/ezcommunity/ezirc.ezcommunity.net/ezirc_v001_IQ-0.9.3/include/class.IQBot.php (line 304)
[08-03-2006 00:00:46] -sterling.freenode.net:ezlog- *** Banned: Tor access to freenode is via a hidden service (mejokbp2brhw4omd.onion). Please see URL freenode.net/irc_servers.shtml for more info. Thanks!
[08-03-2006 00:00:46] Diconnected. Sleeping for 2 second(s).
[08-03-2006 00:00:48] >> Connecting to irc.freenode.net:6667
[08-03-2006 00:00:48] >> Connected to irc.freenode.net:6667, registering...
[08-03-2006 00:00:48] >> Warning: Invalid argument supplied for foreach() in /home/web/ezcommunity/ezcommunity/ezirc.ezcommunity.net/ezirc_v001_IQ-0.9.3/include/class.IQBot.php (line 304)
[08-03-2006 00:00:48] -sterling.freenode.net:ezlog- *** Banned: Tor access to freenode is via a hidden service (mejokbp2brhw4omd.onion). Please see URL freenode.net/irc_servers.shtml for more info. Thanks!
[08-03-2006 00:00:48] Diconnected. Sleeping for 2 second(s).
[08-03-2006 00:00:50] >> Connecting to irc.freenode.net:6667
[08-03-2006 00:00:51] >> Connected to irc.freenode.net:6667, registering...
[08-03-2006 00:00:51] >> Warning: Invalid argument supplied for foreach() in /home/web/ezcommunity/ezcommunity/ezirc.ezcommunity.net/ezirc_v001_IQ-0.9.3/include/class.IQBot.php (line 304)
[08-03-2006 00:00:51] -sterling.freenode.net:ezlog- *** Banned: Tor access to freenode is via a hidden service (mejokbp2brhw4omd.onion). Please see URL freenode.net/irc_servers.shtml for more info. Thanks!
[08-03-2006 00:00:51] Diconnected. Sleeping for 2 second(s).
[08-03-2006 00:00:53] >> Connecting to irc.freenode.net:6667
[08-03-2006 00:00:53] >> Connected to irc.freenode.net:6667, registering...
[08-03-2006 00:00:53] >> Warning: Invalid argument supplied for foreach() in /home/web/ezcommunity/ezcommunity/ezirc.ezcommunity.net/ezirc_v001_IQ-0.9.3/include/class.IQBot.php (line 304)
[08-03-2006 00:00:53] -sterling.freenode.net:ezlog- *** Banned: Tor access to freenode is via a hidden service (mejokbp2brhw4omd.onion). Please see URL freenode.net/irc_servers.shtml for more info. Thanks!
[08-03-2006 00:00:53] Diconnected. Sleeping for 2 second(s).
[08-03-2006 00:00:55] >> Connecting to irc.freenode.net:6667
[08-03-2006 00:00:56] >> Connected to irc.freenode.net:6667, registering...
[08-03-2006 00:00:56] >> Warning: Invalid argument supplied for foreach() in /home/web/ezcommunity/ezcommunity/ezirc.ezcommunity.net/ezirc_v001_IQ-0.9.3/include/class.IQBot.php (line 304)
[08-03-2006 00:00:56] -calvino.freenode.net:ezlog- *** Banned: Tor access to freenode is via a hidden service (mejokbp2brhw4omd.onion). Please see URL freenode.net/irc_servers.shtml for more info. Thanks!
[08-03-2006 00:00:56] Diconnected. Sleeping for 2 second(s).
[08-03-2006 00:00:58] >> Connecting to irc.freenode.net:6667
[08-03-2006 00:00:58] >> Connected to irc.freenode.net:6667, registering...
[08-03-2006 00:00:58] >> Warning: Invalid argument supplied for foreach() in /home/web/ezcommunity/ezcommunity/ezirc.ezcommunity.net/ezirc_v001_IQ-0.9.3/include/class.IQBot.php (line 304)
[08-03-2006 00:00:58] -sterling.freenode.net:ezlog- *** Banned: Tor access to freenode is via a hidden service (mejokbp2brhw4omd.onion). Please see URL freenode.net/irc_servers.shtml for more info. Thanks!
[08-03-2006 00:00:58] Diconnected. Sleeping for 2 second(s).
[08-03-2006 00:01:00] >> Connecting to irc.freenode.net:6667
[08-03-2006 00:01:00] >> Connected to irc.freenode.net:6667, registering...
[08-03-2006 00:01:01] >> Warning: Invalid argument supplied for foreach() in /home/web/ezcommunity/ezcommunity/ezirc.ezcommunity.net/ezirc_v001_IQ-0.9.3/include/class.IQBot.php (line 304)
[08-03-2006 00:01:01] -sterling.freenode.net:ezlog- *** Banned: Tor access to freenode is via a hidden service (mejokbp2brhw4omd.onion). Please see URL freenode.net/irc_servers.shtml for more info. Thanks!
[08-03-2006 00:01:01] Diconnected. Sleeping for 2 second(s).
[08-03-2006 00:01:03] >> Connecting to irc.freenode.net:6667
[08-03-2006 00:01:03] >> Connected to irc.freenode.net:6667, registering...
[08-03-2006 00:01:03] >> Warning: Invalid argument supplied for foreach() in /home/web/ezcommunity/ezcommunity/ezirc.ezcommunity.net/ezirc_v001_IQ-0.9.3/include/class.IQBot.php (line 304)
[08-03-2006 00:01:03] -sterling.freenode.net:ezlog- *** Banned: Tor access to freenode is via a hidden service (mejokbp2brhw4omd.onion). Please see URL freenode.net/irc_servers.shtml for more info. Thanks!
[08-03-2006 00:01:03] Diconnected. Sleeping for 2 second(s).
[08-03-2006 00:01:05] >> Connecting to irc.freenode.net:6667
[08-03-2006 00:01:05] >> Connected to irc.freenode.net:6667, registering...
[08-03-2006 00:01:06] >> Warning: Invalid argument supplied for foreach() in /home/web/ezcommunity/ezcommunity/ezirc.ezcommunity.net/ezirc_v001_IQ-0.9.3/include/class.IQBot.php (line 304)
[08-03-2006 00:01:06] -sterling.freenode.net:ezlog- *** Banned: Tor access to freenode is via a hidden service (mejokbp2brhw4omd.onion). Please see URL freenode.net/irc_servers.shtml for more info. Thanks!
[08-03-2006 00:01:06] Diconnected. Sleeping for 2 second(s).
[08-03-2006 00:01:08] >> Connecting to irc.freenode.net:6667
[08-03-2006 00:01:08] >> Connected to irc.freenode.net:6667, registering...
[08-03-2006 00:01:08] >> Warning: Invalid argument supplied for foreach() in /home/web/ezcommunity/ezcommunity/ezirc.ezcommunity.net/ezirc_v001_IQ-0.9.3/include/class.IQBot.php (line 304)
[08-03-2006 00:01:08] -sterling.freenode.net:ezlog- *** Banned: Tor access to freenode is via a hidden service (mejokbp2brhw4omd.onion). Please see URL freenode.net/irc_servers.shtml for more info. Thanks!
[08-03-2006 00:01:08] Diconnected. Sleeping for 2 second(s).
[08-03-2006 00:01:10] >> Connecting to irc.freenode.net:6667
[08-03-2006 00:01:10] >> Connected to irc.freenode.net:6667, registering...
[08-03-2006 00:01:11] >> Warning: Invalid argument supplied for foreach() in /home/web/ezcommunity/ezcommunity/ezirc.ezcommunity.net/ezirc_v001_IQ-0.9.3/include/class.IQBot.php (line 304)
[08-03-2006 00:01:11] -calvino.freenode.net:ezlog- *** Banned: Tor access to freenode is via a hidden service (mejokbp2brhw4omd.onion). Please see URL freenode.net/irc_servers.shtml for more info. Thanks!
[08-03-2006 00:01:11] Diconnected. Sleeping for 2 second(s).
[08-03-2006 00:01:13] >> Connecting to irc.freenode.net:6667
[08-03-2006 00:01:13] >> Connected to irc.freenode.net:6667, registering...
[08-03-2006 00:01:13] >> Warning: Invalid argument supplied for foreach() in /home/web/ezcommunity/ezcommunity/ezirc.ezcommunity.net/ezirc_v001_IQ-0.9.3/include/class.IQBot.php (line 304)
[08-03-2006 00:01:13] -sterling.freenode.net:ezlog- *** Banned: Tor access to freenode is via a hidden service (mejokbp2brhw4omd.onion). Please see URL freenode.net/irc_servers.shtml for more info. Thanks!
[08-03-2006 00:01:13] Diconnected. Sleeping for 2 second(s).
[08-03-2006 00:01:15] >> Connecting to irc.freenode.net:6667
[08-03-2006 00:01:15] >> Connected to irc.freenode.net:6667, registering...
[08-03-2006 00:01:16] >> Warning: Invalid argument supplied for foreach() in /home/web/ezcommunity/ezcommunity/ezirc.ezcommunity.net/ezirc_v001_IQ-0.9.3/include/class.IQBot.php (line 304)
[08-03-2006 00:01:16] -sterling.freenode.net:ezlog- *** Banned: Tor access to freenode is via a hidden service (mejokbp2brhw4omd.onion). Please see URL freenode.net/irc_servers.shtml for more info. Thanks!
[08-03-2006 00:01:16] Diconnected. Sleeping for 2 second(s).
[08-03-2006 00:01:18] >> Connecting to irc.freenode.net:6667
[08-03-2006 00:01:18] >> Connected to irc.freenode.net:6667, registering...
[08-03-2006 00:01:18] >> Warning: Invalid argument supplied for foreach() in /home/web/ezcommunity/ezcommunity/ezirc.ezcommunity.net/ezirc_v001_IQ-0.9.3/include/class.IQBot.php (line 304)
[08-03-2006 00:01:18] -sterling.freenode.net:ezlog- *** Banned: Tor access to freenode is via a hidden service (mejokbp2brhw4omd.onion). Please see URL freenode.net/irc_servers.shtml for more info. Thanks!
[08-03-2006 00:01:18] Diconnected. Sleeping for 2 second(s).
[08-03-2006 00:01:20] >> Connecting to irc.freenode.net:6667
[08-03-2006 00:01:20] >> Connected to irc.freenode.net:6667, registering...
[08-03-2006 00:01:20] >> Warning: Invalid argument supplied for foreach() in /home/web/ezcommunity/ezcommunity/ezirc.ezcommunity.net/ezirc_v001_IQ-0.9.3/include/class.IQBot.php (line 304)
[08-03-2006 00:01:20] -sterling.freenode.net:ezlog- *** Banned: Tor access to freenode is via a hidden service (mejokbp2brhw4omd.onion). Please see URL freenode.net/irc_servers.shtml for more info. Thanks!
[08-03-2006 00:01:20] Diconnected. Sleeping for 2 second(s).
[08-03-2006 00:01:22] >> Connecting to irc.freenode.net:6667
[08-03-2006 00:01:23] >> Connected to irc.freenode.net:6667, registering...
[08-03-2006 00:01:23] >> Warning: Invalid argument supplied for foreach() in /home/web/ezcommunity/ezcommunity/ezirc.ezcommunity.net/ezirc_v001_IQ-0.9.3/include/class.IQBot.php (line 304)
[08-03-2006 00:01:23] -sterling.freenode.net:ezlog- *** Banned: Tor access to freenode is via a hidden service (mejokbp2brhw4omd.onion). Please see URL freenode.net/irc_servers.shtml for more info. Thanks!
[08-03-2006 00:01:23] Diconnected. Sleeping for 2 second(s).
[08-03-2006 00:01:25] >> Connecting to irc.freenode.net:6667
[08-03-2006 00:01:25] >> Connected to irc.freenode.net:6667, registering...
[08-03-2006 00:01:25] >> Warning: Invalid argument supplied for foreach() in /home/web/ezcommunity/ezcommunity/ezirc.ezcommunity.net/ezirc_v001_IQ-0.9.3/include/class.IQBot.php (line 304)
[08-03-2006 00:01:25] -calvino.freenode.net:ezlog- *** Banned: Tor access to freenode is via a hidden service (mejokbp2brhw4omd.onion). Please see URL freenode.net/irc_servers.shtml for more info. Thanks!
[08-03-2006 00:01:25] Diconnected. Sleeping for 2 second(s).
[08-03-2006 00:01:27] >> Connecting to irc.freenode.net:6667
[08-03-2006 00:01:27] >> Connected to irc.freenode.net:6667, registering...
[08-03-2006 00:01:28] >> Warning: Invalid argument supplied for foreach() in /home/web/ezcommunity/ezcommunity/ezirc.ezcommunity.net/ezirc_v001_IQ-0.9.3/include/class.IQBot.php (line 304)
[08-03-2006 00:01:28] -sterling.freenode.net:ezlog- *** Banned: Tor access to freenode is via a hidden service (mejokbp2brhw4omd.onion). Please see URL freenode.net/irc_servers.shtml for more info. Thanks!
[08-03-2006 00:01:28] Diconnected. Sleeping for 2 second(s).
[08-03-2006 00:01:30] >> Connecting to irc.freenode.net:6667
[08-03-2006 00:01:30] >> Connected to irc.freenode.net:6667, registering...
[08-03-2006 00:01:30] >> Warning: Invalid argument supplied for foreach() in /home/web/ezcommunity/ezcommunity/ezirc.ezcommunity.net/ezirc_v001_IQ-0.9.3/include/class.IQBot.php (line 304)
[08-03-2006 00:01:30] -sterling.freenode.net:ezlog- *** Banned: Tor access to freenode is via a hidden service (mejokbp2brhw4omd.onion). Please see URL freenode.net/irc_servers.shtml for more info. Thanks!
[08-03-2006 00:01:30] Diconnected. Sleeping for 2 second(s).
[08-03-2006 00:01:32] >> Connecting to irc.freenode.net:6667
[08-03-2006 00:01:32] >> Connected to irc.freenode.net:6667, registering...
[08-03-2006 00:01:33] >> Warning: Invalid argument supplied for foreach() in /home/web/ezcommunity/ezcommunity/ezirc.ezcommunity.net/ezirc_v001_IQ-0.9.3/include/class.IQBot.php (line 304)
[08-03-2006 00:01:33] -sterling.freenode.net:ezlog- *** Banned: Tor access to freenode is via a hidden service (mejokbp2brhw4omd.onion). Please see URL freenode.net/irc_servers.shtml for more info. Thanks!
[08-03-2006 00:01:33] Diconnected. Sleeping for 2 second(s).
[08-03-2006 00:01:35] >> Connecting to irc.freenode.net:6667
[08-03-2006 00:01:35] >> Connected to irc.freenode.net:6667, registering...
[08-03-2006 00:01:36] >> Warning: Invalid argument supplied for foreach() in /home/web/ezcommunity/ezcommunity/ezirc.ezcommunity.net/ezirc_v001_IQ-0.9.3/include/class.IQBot.php (line 304)
[08-03-2006 00:01:36] -sterling.freenode.net:ezlog- *** Banned: Tor access to freenode is via a hidden service (mejokbp2brhw4omd.onion). Please see URL freenode.net/irc_servers.shtml for more info. Thanks!
[08-03-2006 00:01:36] Diconnected. Sleeping for 2 second(s).
[08-03-2006 00:01:38] >> Connecting to irc.freenode.net:6667
[08-03-2006 00:01:38] >> Connected to irc.freenode.net:6667, registering...
[08-03-2006 00:01:38] >> Warning: Invalid argument supplied for foreach() in /home/web/ezcommunity/ezcommunity/ezirc.ezcommunity.net/ezirc_v001_IQ-0.9.3/include/class.IQBot.php (line 304)
[08-03-2006 00:01:38] -sterling.freenode.net:ezlog- *** Banned: Tor access to freenode is via a hidden service (mejokbp2brhw4omd.onion). Please see URL freenode.net/irc_servers.shtml for more info. Thanks!
[08-03-2006 00:01:38] Diconnected. Sleeping for 2 second(s).
[08-03-2006 00:01:40] >> Connecting to irc.freenode.net:6667
[08-03-2006 00:01:40] >> Connected to irc.freenode.net:6667, registering...
[08-03-2006 00:01:41] >> Warning: Invalid argument supplied for foreach() in /home/web/ezcommunity/ezcommunity/ezirc.ezcommunity.net/ezirc_v001_IQ-0.9.3/include/class.IQBot.php (line 304)
[08-03-2006 00:01:41] -calvino.freenode.net:ezlog- *** Banned: Tor access to freenode is via a hidden service (mejokbp2brhw4omd.onion). Please see URL freenode.net/irc_servers.shtml for more info. Thanks!
[08-03-2006 00:01:41] Diconnected. Sleeping for 2 second(s).
[08-03-2006 00:01:43] >> Connecting to irc.freenode.net:6667
[08-03-2006 00:01:43] >> Connected to irc.freenode.net:6667, registering...
[08-03-2006 00:01:43] >> Warning: Invalid argument supplied for foreach() in /home/web/ezcommunity/ezcommunity/ezirc.ezcommunity.net/ezirc_v001_IQ-0.9.3/include/class.IQBot.php (line 304)
[08-03-2006 00:01:43] -sterling.freenode.net:ezlog- *** Banned: Tor access to freenode is via a hidden service (mejokbp2brhw4omd.onion). Please see URL freenode.net/irc_servers.shtml for more info. Thanks!
[08-03-2006 00:01:43] Diconnected. Sleeping for 2 second(s).
[08-03-2006 00:01:45] >> Connecting to irc.freenode.net:6667
[08-03-2006 00:01:45] >> Connected to irc.freenode.net:6667, registering...
[08-03-2006 00:01:45] >> Warning: Invalid argument supplied for foreach() in /home/web/ezcommunity/ezcommunity/ezirc.ezcommunity.net/ezirc_v001_IQ-0.9.3/include/class.IQBot.php (line 304)
[08-03-2006 00:01:45] -sterling.freenode.net:ezlog- *** Banned: Tor access to freenode is via a hidden service (mejokbp2brhw4omd.onion). Please see URL freenode.net/irc_servers.shtml for more info. Thanks!
[08-03-2006 00:01:45] Diconnected. Sleeping for 2 second(s).
[08-03-2006 00:01:47] >> Connecting to irc.freenode.net:6667
[08-03-2006 00:01:48] >> Connected to irc.freenode.net:6667, registering...
[08-03-2006 00:01:48] >> Warning: Invalid argument supplied for foreach() in /home/web/ezcommunity/ezcommunity/ezirc.ezcommunity.net/ezirc_v001_IQ-0.9.3/include/class.IQBot.php (line 304)
[08-03-2006 00:01:48] -sterling.freenode.net:ezlog- *** Banned: Tor access to freenode is via a hidden service (mejokbp2brhw4omd.onion). Please see URL freenode.net/irc_servers.shtml for more info. Thanks!
[08-03-2006 00:01:48] Diconnected. Sleeping for 2 second(s).
[08-03-2006 00:01:50] >> Connecting to irc.freenode.net:6667
[08-03-2006 00:01:50] >> Connected to irc.freenode.net:6667, registering...
[08-03-2006 00:01:50] >> Warning: Invalid argument supplied for foreach() in /home/web/ezcommunity/ezcommunity/ezirc.ezcommunity.net/ezirc_v001_IQ-0.9.3/include/class.IQBot.php (line 304)
[08-03-2006 00:01:50] -sterling.freenode.net:ezlog- *** Banned: Tor access to freenode is via a hidden service (mejokbp2brhw4omd.onion). Please see URL freenode.net/irc_servers.shtml for more info. Thanks!
[08-03-2006 00:01:50] Diconnected. Sleeping for 2 second(s).
[08-03-2006 00:01:52] >> Connecting to irc.freenode.net:6667
[08-03-2006 00:01:52] >> Connected to irc.freenode.net:6667, registering...
[08-03-2006 00:01:53] >> Warning: Invalid argument supplied for foreach() in /home/web/ezcommunity/ezcommunity/ezirc.ezcommunity.net/ezirc_v001_IQ-0.9.3/include/class.IQBot.php (line 304)
[08-03-2006 00:01:53] -sterling.freenode.net:ezlog- *** Banned: Tor access to freenode is via a hidden service (mejokbp2brhw4omd.onion). Please see URL freenode.net/irc_servers.shtml for more info. Thanks!
[08-03-2006 00:01:53] Diconnected. Sleeping for 2 second(s).
[08-03-2006 00:01:55] >> Connecting to irc.freenode.net:6667
[08-03-2006 00:01:55] >> Connected to irc.freenode.net:6667, registering...
[08-03-2006 00:01:55] >> Warning: Invalid argument supplied for foreach() in /home/web/ezcommunity/ezcommunity/ezirc.ezcommunity.net/ezirc_v001_IQ-0.9.3/include/class.IQBot.php (line 304)
[08-03-2006 00:01:55] -calvino.freenode.net:ezlog- *** Banned: Tor access to freenode is via a hidden service (mejokbp2brhw4omd.onion). Please see URL freenode.net/irc_servers.shtml for more info. Thanks!
[08-03-2006 00:01:55] Diconnected. Sleeping for 2 second(s).
[08-03-2006 00:01:57] >> Connecting to irc.freenode.net:6667
[08-03-2006 00:01:57] >> Connected to irc.freenode.net:6667, registering...
[08-03-2006 00:01:58] >> Warning: Invalid argument supplied for foreach() in /home/web/ezcommunity/ezcommunity/ezirc.ezcommunity.net/ezirc_v001_IQ-0.9.3/include/class.IQBot.php (line 304)
[08-03-2006 00:01:58] -sterling.freenode.net:ezlog- *** Banned: Tor access to freenode is via a hidden service (mejokbp2brhw4omd.onion). Please see URL freenode.net/irc_servers.shtml for more info. Thanks!
[08-03-2006 00:01:58] Diconnected. Sleeping for 2 second(s).
[08-03-2006 00:02:00] >> Connecting to irc.freenode.net:6667
[08-03-2006 00:02:00] >> Connected to irc.freenode.net:6667, registering...
[08-03-2006 00:02:00] >> Warning: Invalid argument supplied for foreach() in /home/web/ezcommunity/ezcommunity/ezirc.ezcommunity.net/ezirc_v001_IQ-0.9.3/include/class.IQBot.php (line 304)
[08-03-2006 00:02:00] -sterling.freenode.net:ezlog- *** Banned: Tor access to freenode is via a hidden service (mejokbp2brhw4omd.onion). Please see URL freenode.net/irc_servers.shtml for more info. Thanks!
[08-03-2006 00:02:00] Diconnected. Sleeping for 2 second(s).
[08-03-2006 00:02:02] >> Connecting to irc.freenode.net:6667
[08-03-2006 00:02:02] >> Connected to irc.freenode.net:6667, registering...
[08-03-2006 00:02:03] >> Warning: Invalid argument supplied for foreach() in /home/web/ezcommunity/ezcommunity/ezirc.ezcommunity.net/ezirc_v001_IQ-0.9.3/include/class.IQBot.php (line 304)
[08-03-2006 00:02:03] -sterling.freenode.net:ezlog- *** Banned: Tor access to freenode is via a hidden service (mejokbp2brhw4omd.onion). Please see URL freenode.net/irc_servers.shtml for more info. Thanks!
[08-03-2006 00:02:03] Diconnected. Sleeping for 2 second(s).
[08-03-2006 00:02:05] >> Connecting to irc.freenode.net:6667
[08-03-2006 00:02:05] >> Connected to irc.freenode.net:6667, registering...
[08-03-2006 00:02:05] >> Warning: Invalid argument supplied for foreach() in /home/web/ezcommunity/ezcommunity/ezirc.ezcommunity.net/ezirc_v001_IQ-0.9.3/include/class.IQBot.php (line 304)
[08-03-2006 00:02:05] -sterling.freenode.net:ezlog- *** Banned: Tor access to freenode is via a hidden service (mejokbp2brhw4omd.onion). Please see URL freenode.net/irc_servers.shtml for more info. Thanks!
[08-03-2006 00:02:05] Diconnected. Sleeping for 2 second(s).
[08-03-2006 00:02:07] >> Connecting to irc.freenode.net:6667
[08-03-2006 00:02:07] >> Connected to irc.freenode.net:6667, registering...
[08-03-2006 00:02:08] >> Warning: Invalid argument supplied for foreach() in /home/web/ezcommunity/ezcommunity/ezirc.ezcommunity.net/ezirc_v001_IQ-0.9.3/include/class.IQBot.php (line 304)
[08-03-2006 00:02:08] -sterling.freenode.net:ezlog- *** Banned: Tor access to freenode is via a hidden service (mejokbp2brhw4omd.onion). Please see URL freenode.net/irc_servers.shtml for more info. Thanks!
[08-03-2006 00:02:08] Diconnected. Sleeping for 2 second(s).
[08-03-2006 00:02:10] >> Connecting to irc.freenode.net:6667
[08-03-2006 00:02:10] >> Connected to irc.freenode.net:6667, registering...
[08-03-2006 00:02:10] >> Warning: Invalid argument supplied for foreach() in /home/web/ezcommunity/ezcommunity/ezirc.ezcommunity.net/ezirc_v001_IQ-0.9.3/include/class.IQBot.php (line 304)
[08-03-2006 00:02:10] -calvino.freenode.net:ezlog- *** Banned: Tor access to freenode is via a hidden service (mejokbp2brhw4omd.onion). Please see URL freenode.net/irc_servers.shtml for more info. Thanks!
[08-03-2006 00:02:10] Diconnected. Sleeping for 2 second(s).
[08-03-2006 00:02:12] >> Connecting to irc.freenode.net:6667
[08-03-2006 00:02:12] >> Connected to irc.freenode.net:6667, registering...
[08-03-2006 00:02:13] >> Warning: Invalid argument supplied for foreach() in /home/web/ezcommunity/ezcommunity/ezirc.ezcommunity.net/ezirc_v001_IQ-0.9.3/include/class.IQBot.php (line 304)
[08-03-2006 00:02:13] -sterling.freenode.net:ezlog- *** Banned: Tor access to freenode is via a hidden service (mejokbp2brhw4omd.onion). Please see URL freenode.net/irc_servers.shtml for more info. Thanks!
[08-03-2006 00:02:13] Diconnected. Sleeping for 2 second(s).
[08-03-2006 00:02:15] >> Connecting to irc.freenode.net:6667
[08-03-2006 00:02:15] >> Connected to irc.freenode.net:6667, registering...
[08-03-2006 00:02:15] >> Warning: Invalid argument supplied for foreach() in /home/web/ezcommunity/ezcommunity/ezirc.ezcommunity.net/ezirc_v001_IQ-0.9.3/include/class.IQBot.php (line 304)
[08-03-2006 00:02:15] -sterling.freenode.net:ezlog- *** Banned: Tor access to freenode is via a hidden service (mejokbp2brhw4omd.onion). Please see URL freenode.net/irc_servers.shtml for more info. Thanks!
[08-03-2006 00:02:15] Diconnected. Sleeping for 2 second(s).
[08-03-2006 00:02:17] >> Connecting to irc.freenode.net:6667
[08-03-2006 00:02:17] >> Connected to irc.freenode.net:6667, registering...
[08-03-2006 00:02:18] >> Warning: Invalid argument supplied for foreach() in /home/web/ezcommunity/ezcommunity/ezirc.ezcommunity.net/ezirc_v001_IQ-0.9.3/include/class.IQBot.php (line 304)
[08-03-2006 00:02:18] -sterling.freenode.net:ezlog- *** Banned: Tor access to freenode is via a hidden service (mejokbp2brhw4omd.onion). Please see URL freenode.net/irc_servers.shtml for more info. Thanks!
[08-03-2006 00:02:18] Diconnected. Sleeping for 2 second(s).
[08-03-2006 00:02:20] >> Connecting to irc.freenode.net:6667
[08-03-2006 00:02:20] >> Connected to irc.freenode.net:6667, registering...
[08-03-2006 00:02:20] >> Warning: Invalid argument supplied for foreach() in /home/web/ezcommunity/ezcommunity/ezirc.ezcommunity.net/ezirc_v001_IQ-0.9.3/include/class.IQBot.php (line 304)
[08-03-2006 00:02:20] -sterling.freenode.net:ezlog- *** Banned: Tor access to freenode is via a hidden service (mejokbp2brhw4omd.onion). Please see URL freenode.net/irc_servers.shtml for more info. Thanks!
[08-03-2006 00:02:20] Diconnected. Sleeping for 2 second(s).
[08-03-2006 00:02:22] >> Connecting to irc.freenode.net:6667
[08-03-2006 00:02:22] >> Connected to irc.freenode.net:6667, registering...
[08-03-2006 00:02:22] >> Warning: Invalid argument supplied for foreach() in /home/web/ezcommunity/ezcommunity/ezirc.ezcommunity.net/ezirc_v001_IQ-0.9.3/include/class.IQBot.php (line 304)
[08-03-2006 00:02:22] -sterling.freenode.net:ezlog- *** Banned: Tor access to freenode is via a hidden service (mejokbp2brhw4omd.onion). Please see URL freenode.net/irc_servers.shtml for more info. Thanks!
[08-03-2006 00:02:22] Diconnected. Sleeping for 2 second(s).
[08-03-2006 00:02:24] >> Connecting to irc.freenode.net:6667
[08-03-2006 00:02:25] >> Connected to irc.freenode.net:6667, registering...
[08-03-2006 00:02:25] >> Warning: Invalid argument supplied for foreach() in /home/web/ezcommunity/ezcommunity/ezirc.ezcommunity.net/ezirc_v001_IQ-0.9.3/include/class.IQBot.php (line 304)
[08-03-2006 00:02:25] -calvino.freenode.net:ezlog- *** Banned: Tor access to freenode is via a hidden service (mejokbp2brhw4omd.onion). Please see URL freenode.net/irc_servers.shtml for more info. Thanks!
[08-03-2006 00:02:25] Diconnected. Sleeping for 2 second(s).
[08-03-2006 00:02:27] >> Connecting to irc.freenode.net:6667
[08-03-2006 00:02:27] >> Connected to irc.freenode.net:6667, registering...
[08-03-2006 00:02:27] >> Warning: Invalid argument supplied for foreach() in /home/web/ezcommunity/ezcommunity/ezirc.ezcommunity.net/ezirc_v001_IQ-0.9.3/include/class.IQBot.php (line 304)
[08-03-2006 00:02:27] -sterling.freenode.net:ezlog- *** Banned: Tor access to freenode is via a hidden service (mejokbp2brhw4omd.onion). Please see URL freenode.net/irc_servers.shtml for more info. Thanks!
[08-03-2006 00:02:27] Diconnected. Sleeping for 2 second(s).
[08-03-2006 00:02:29] >> Connecting to irc.freenode.net:6667
[08-03-2006 00:02:30] >> Connected to irc.freenode.net:6667, registering...
[08-03-2006 00:02:30] >> Warning: Invalid argument supplied for foreach() in /home/web/ezcommunity/ezcommunity/ezirc.ezcommunity.net/ezirc_v001_IQ-0.9.3/include/class.IQBot.php (line 304)
[08-03-2006 00:02:30] -sterling.freenode.net:ezlog- *** Banned: Tor access to freenode is via a hidden service (mejokbp2brhw4omd.onion). Please see URL freenode.net/irc_servers.shtml for more info. Thanks!
[08-03-2006 00:02:30] Diconnected. Sleeping for 2 second(s).
[08-03-2006 00:02:32] >> Connecting to irc.freenode.net:6667
[08-03-2006 00:02:32] >> Connected to irc.freenode.net:6667, registering...
[08-03-2006 00:02:32] >> Warning: Invalid argument supplied for foreach() in /home/web/ezcommunity/ezcommunity/ezirc.ezcommunity.net/ezirc_v001_IQ-0.9.3/include/class.IQBot.php (line 304)
[08-03-2006 00:02:32] -sterling.freenode.net:ezlog- *** Banned: Tor access to freenode is via a hidden service (mejokbp2brhw4omd.onion). Please see URL freenode.net/irc_servers.shtml for more info. Thanks!
[08-03-2006 00:02:32] Diconnected. Sleeping for 2 second(s).
[08-03-2006 00:02:34] >> Connecting to irc.freenode.net:6667
[08-03-2006 00:02:35] >> Connected to irc.freenode.net:6667, registering...
[08-03-2006 00:02:35] >> Warning: Invalid argument supplied for foreach() in /home/web/ezcommunity/ezcommunity/ezirc.ezcommunity.net/ezirc_v001_IQ-0.9.3/include/class.IQBot.php (line 304)
[08-03-2006 00:02:35] -sterling.freenode.net:ezlog- *** Banned: Tor access to freenode is via a hidden service (mejokbp2brhw4omd.onion). Please see URL freenode.net/irc_servers.shtml for more info. Thanks!
[08-03-2006 00:02:35] Diconnected. Sleeping for 2 second(s).
[08-03-2006 00:02:37] >> Connecting to irc.freenode.net:6667
[08-03-2006 00:02:37] >> Connected to irc.freenode.net:6667, registering...
[08-03-2006 00:02:38] >> Warning: Invalid argument supplied for foreach() in /home/web/ezcommunity/ezcommunity/ezirc.ezcommunity.net/ezirc_v001_IQ-0.9.3/include/class.IQBot.php (line 304)
[08-03-2006 00:02:38] -sterling.freenode.net:ezlog- *** Banned: Tor access to freenode is via a hidden service (mejokbp2brhw4omd.onion). Please see URL freenode.net/irc_servers.shtml for more info. Thanks!
[08-03-2006 00:02:38] Diconnected. Sleeping for 2 second(s).
[08-03-2006 00:02:40] >> Connecting to irc.freenode.net:6667
[08-03-2006 00:02:40] >> Connected to irc.freenode.net:6667, registering...
[08-03-2006 00:02:40] >> Warning: Invalid argument supplied for foreach() in /home/web/ezcommunity/ezcommunity/ezirc.ezcommunity.net/ezirc_v001_IQ-0.9.3/include/class.IQBot.php (line 304)
[08-03-2006 00:02:40] -sterling.freenode.net:ezlog- *** Banned: Tor access to freenode is via a hidden service (mejokbp2brhw4omd.onion). Please see URL freenode.net/irc_servers.shtml for more info. Thanks!
[08-03-2006 00:02:40] Diconnected. Sleeping for 2 second(s).
[08-03-2006 00:02:42] >> Connecting to irc.freenode.net:6667
[08-03-2006 00:02:42] >> Connected to irc.freenode.net:6667, registering...
[08-03-2006 00:02:42] >> Warning: Invalid argument supplied for foreach() in /home/web/ezcommunity/ezcommunity/ezirc.ezcommunity.net/ezirc_v001_IQ-0.9.3/include/class.IQBot.php (line 304)
[08-03-2006 00:02:42] -calvino.freenode.net:ezlog- *** Banned: Tor access to freenode is via a hidden service (mejokbp2brhw4omd.onion). Please see URL freenode.net/irc_servers.shtml for more info. Thanks!
[08-03-2006 00:02:42] Diconnected. Sleeping for 2 second(s).
[08-03-2006 00:02:44] >> Connecting to irc.freenode.net:6667
[08-03-2006 00:02:45] >> Connected to irc.freenode.net:6667, registering...
[08-03-2006 00:02:45] >> Warning: Invalid argument supplied for foreach() in /home/web/ezcommunity/ezcommunity/ezirc.ezcommunity.net/ezirc_v001_IQ-0.9.3/include/class.IQBot.php (line 304)
[08-03-2006 00:02:45] -sterling.freenode.net:ezlog- *** Banned: Tor access to freenode is via a hidden service (mejokbp2brhw4omd.onion). Please see URL freenode.net/irc_servers.shtml for more info. Thanks!
[08-03-2006 00:02:45] Diconnected. Sleeping for 2 second(s).
[08-03-2006 00:02:47] >> Connecting to irc.freenode.net:6667
[08-03-2006 00:02:47] >> Connected to irc.freenode.net:6667, registering...
[08-03-2006 00:02:47] >> Warning: Invalid argument supplied for foreach() in /home/web/ezcommunity/ezcommunity/ezirc.ezcommunity.net/ezirc_v001_IQ-0.9.3/include/class.IQBot.php (line 304)
[08-03-2006 00:02:47] -sterling.freenode.net:ezlog- *** Banned: Tor access to freenode is via a hidden service (mejokbp2brhw4omd.onion). Please see URL freenode.net/irc_servers.shtml for more info. Thanks!
[08-03-2006 00:02:47] Diconnected. Sleeping for 2 second(s).
[08-03-2006 00:02:49] >> Connecting to irc.freenode.net:6667
[08-03-2006 00:02:50] >> Connected to irc.freenode.net:6667, registering...
[08-03-2006 00:02:50] >> Warning: Invalid argument supplied for foreach() in /home/web/ezcommunity/ezcommunity/ezirc.ezcommunity.net/ezirc_v001_IQ-0.9.3/include/class.IQBot.php (line 304)
[08-03-2006 00:02:50] -sterling.freenode.net:ezlog- *** Banned: Tor access to freenode is via a hidden service (mejokbp2brhw4omd.onion). Please see URL freenode.net/irc_servers.shtml for more info. Thanks!
[08-03-2006 00:02:50] Diconnected. Sleeping for 2 second(s).
[08-03-2006 00:02:52] >> Connecting to irc.freenode.net:6667
[08-03-2006 00:02:52] >> Connected to irc.freenode.net:6667, registering...
[08-03-2006 00:02:52] >> Warning: Invalid argument supplied for foreach() in /home/web/ezcommunity/ezcommunity/ezirc.ezcommunity.net/ezirc_v001_IQ-0.9.3/include/class.IQBot.php (line 304)
[08-03-2006 00:02:52] -sterling.freenode.net:ezlog- *** Banned: Tor access to freenode is via a hidden service (mejokbp2brhw4omd.onion). Please see URL freenode.net/irc_servers.shtml for more info. Thanks!
[08-03-2006 00:02:52] Diconnected. Sleeping for 2 second(s).
[08-03-2006 00:02:54] >> Connecting to irc.freenode.net:6667
[08-03-2006 00:02:55] >> Connected to irc.freenode.net:6667, registering...
[08-03-2006 00:02:55] >> Warning: Invalid argument supplied for foreach() in /home/web/ezcommunity/ezcommunity/ezirc.ezcommunity.net/ezirc_v001_IQ-0.9.3/include/class.IQBot.php (line 304)
[08-03-2006 00:02:55] -sterling.freenode.net:ezlog- *** Banned: Tor access to freenode is via a hidden service (mejokbp2brhw4omd.onion). Please see URL freenode.net/irc_servers.shtml for more info. Thanks!
[08-03-2006 00:02:55] Diconnected. Sleeping for 2 second(s).
[08-03-2006 00:02:57] >> Connecting to irc.freenode.net:6667
[08-03-2006 00:02:57] >> Connected to irc.freenode.net:6667, registering...
[08-03-2006 00:02:57] >> Warning: Invalid argument supplied for foreach() in /home/web/ezcommunity/ezcommunity/ezirc.ezcommunity.net/ezirc_v001_IQ-0.9.3/include/class.IQBot.php (line 304)
[08-03-2006 00:02:57] -calvino.freenode.net:ezlog- *** Banned: Tor access to freenode is via a hidden service (mejokbp2brhw4omd.onion). Please see URL freenode.net/irc_servers.shtml for more info. Thanks!
[08-03-2006 00:02:57] Diconnected. Sleeping for 2 second(s).
[08-03-2006 00:02:59] >> Connecting to irc.freenode.net:6667
[08-03-2006 00:02:59] >> Connected to irc.freenode.net:6667, registering...
[08-03-2006 00:03:00] >> Warning: Invalid argument supplied for foreach() in /home/web/ezcommunity/ezcommunity/ezirc.ezcommunity.net/ezirc_v001_IQ-0.9.3/include/class.IQBot.php (line 304)
[08-03-2006 00:03:00] -sterling.freenode.net:ezlog- *** Banned: Tor access to freenode is via a hidden service (mejokbp2brhw4omd.onion). Please see URL freenode.net/irc_servers.shtml for more info. Thanks!
[08-03-2006 00:03:00] Diconnected. Sleeping for 2 second(s).
[08-03-2006 00:03:02] >> Connecting to irc.freenode.net:6667
[08-03-2006 00:03:02] >> Connected to irc.freenode.net:6667, registering...
[08-03-2006 00:03:02] >> Warning: Invalid argument supplied for foreach() in /home/web/ezcommunity/ezcommunity/ezirc.ezcommunity.net/ezirc_v001_IQ-0.9.3/include/class.IQBot.php (line 304)
[08-03-2006 00:03:02] -sterling.freenode.net:ezlog- *** Banned: Tor access to freenode is via a hidden service (mejokbp2brhw4omd.onion). Please see URL freenode.net/irc_servers.shtml for more info. Thanks!
[08-03-2006 00:03:02] Diconnected. Sleeping for 2 second(s).
[08-03-2006 00:03:04] >> Connecting to irc.freenode.net:6667
[08-03-2006 00:03:04] >> Connected to irc.freenode.net:6667, registering...
[08-03-2006 00:03:05] >> Warning: Invalid argument supplied for foreach() in /home/web/ezcommunity/ezcommunity/ezirc.ezcommunity.net/ezirc_v001_IQ-0.9.3/include/class.IQBot.php (line 304)
[08-03-2006 00:03:05] -sterling.freenode.net:ezlog- *** Banned: Tor access to freenode is via a hidden service (mejokbp2brhw4omd.onion). Please see URL freenode.net/irc_servers.shtml for more info. Thanks!
[08-03-2006 00:03:05] Diconnected. Sleeping for 2 second(s).
[08-03-2006 00:03:07] >> Connecting to irc.freenode.net:6667
[08-03-2006 00:03:07] >> Connected to irc.freenode.net:6667, registering...
[08-03-2006 00:03:07] >> Warning: Invalid argument supplied for foreach() in /home/web/ezcommunity/ezcommunity/ezirc.ezcommunity.net/ezirc_v001_IQ-0.9.3/include/class.IQBot.php (line 304)
[08-03-2006 00:03:07] -sterling.freenode.net:ezlog- *** Banned: Tor access to freenode is via a hidden service (mejokbp2brhw4omd.onion). Please see URL freenode.net/irc_servers.shtml for more info. Thanks!
[08-03-2006 00:03:07] Diconnected. Sleeping for 2 second(s).
[08-03-2006 00:03:09] >> Connecting to irc.freenode.net:6667
[08-03-2006 00:03:09] >> Connected to irc.freenode.net:6667, registering...
[08-03-2006 00:03:09] >> Warning: Invalid argument supplied for foreach() in /home/web/ezcommunity/ezcommunity/ezirc.ezcommunity.net/ezirc_v001_IQ-0.9.3/include/class.IQBot.php (line 304)
[08-03-2006 00:03:09] -sterling.freenode.net:ezlog- *** Banned: Tor access to freenode is via a hidden service (mejokbp2brhw4omd.onion). Please see URL freenode.net/irc_servers.shtml for more info. Thanks!
[08-03-2006 00:03:09] Diconnected. Sleeping for 2 second(s).
[08-03-2006 00:03:11] >> Connecting to irc.freenode.net:6667
[08-03-2006 00:03:12] >> Connected to irc.freenode.net:6667, registering...
[08-03-2006 00:03:12] >> Warning: Invalid argument supplied for foreach() in /home/web/ezcommunity/ezcommunity/ezirc.ezcommunity.net/ezirc_v001_IQ-0.9.3/include/class.IQBot.php (line 304)
[08-03-2006 00:03:12] -calvino.freenode.net:ezlog- *** Banned: Tor access to freenode is via a hidden service (mejokbp2brhw4omd.onion). Please see URL freenode.net/irc_servers.shtml for more info. Thanks!
[08-03-2006 00:03:12] Diconnected. Sleeping for 2 second(s).
[08-03-2006 00:03:14] >> Connecting to irc.freenode.net:6667
[08-03-2006 00:03:14] >> Connected to irc.freenode.net:6667, registering...
[08-03-2006 00:03:14] >> Warning: Invalid argument supplied for foreach() in /home/web/ezcommunity/ezcommunity/ezirc.ezcommunity.net/ezirc_v001_IQ-0.9.3/include/class.IQBot.php (line 304)
[08-03-2006 00:03:14] -sterling.freenode.net:ezlog- *** Banned: Tor access to freenode is via a hidden service (mejokbp2brhw4omd.onion). Please see URL freenode.net/irc_servers.shtml for more info. Thanks!
[08-03-2006 00:03:14] Diconnected. Sleeping for 2 second(s).
[08-03-2006 00:03:16] >> Connecting to irc.freenode.net:6667
[08-03-2006 00:03:16] >> Connected to irc.freenode.net:6667, registering...
[08-03-2006 00:03:17] >> Warning: Invalid argument supplied for foreach() in /home/web/ezcommunity/ezcommunity/ezirc.ezcommunity.net/ezirc_v001_IQ-0.9.3/include/class.IQBot.php (line 304)
[08-03-2006 00:03:17] -sterling.freenode.net:ezlog- *** Banned: Tor access to freenode is via a hidden service (mejokbp2brhw4omd.onion). Please see URL freenode.net/irc_servers.shtml for more info. Thanks!
[08-03-2006 00:03:17] Diconnected. Sleeping for 2 second(s).
[08-03-2006 00:03:19] >> Connecting to irc.freenode.net:6667
[08-03-2006 00:03:19] >> Connected to irc.freenode.net:6667, registering...
[08-03-2006 00:03:19] >> Warning: Invalid argument supplied for foreach() in /home/web/ezcommunity/ezcommunity/ezirc.ezcommunity.net/ezirc_v001_IQ-0.9.3/include/class.IQBot.php (line 304)
[08-03-2006 00:03:19] -sterling.freenode.net:ezlog- *** Banned: Tor access to freenode is via a hidden service (mejokbp2brhw4omd.onion). Please see URL freenode.net/irc_servers.shtml for more info. Thanks!
[08-03-2006 00:03:19] Diconnected. Sleeping for 2 second(s).
[08-03-2006 00:03:21] >> Connecting to irc.freenode.net:6667
[08-03-2006 00:03:21] >> Connected to irc.freenode.net:6667, registering...
[08-03-2006 00:03:22] >> Warning: Invalid argument supplied for foreach() in /home/web/ezcommunity/ezcommunity/ezirc.ezcommunity.net/ezirc_v001_IQ-0.9.3/include/class.IQBot.php (line 304)
[08-03-2006 00:03:22] -sterling.freenode.net:ezlog- *** Banned: Tor access to freenode is via a hidden service (mejokbp2brhw4omd.onion). Please see URL freenode.net/irc_servers.shtml for more info. Thanks!
[08-03-2006 00:03:22] Diconnected. Sleeping for 2 second(s).
[08-03-2006 00:03:24] >> Connecting to irc.freenode.net:6667
[08-03-2006 00:03:24] >> Connected to irc.freenode.net:6667, registering...
[08-03-2006 00:03:24] >> Warning: Invalid argument supplied for foreach() in /home/web/ezcommunity/ezcommunity/ezirc.ezcommunity.net/ezirc_v001_IQ-0.9.3/include/class.IQBot.php (line 304)
[08-03-2006 00:03:24] -sterling.freenode.net:ezlog- *** Banned: Tor access to freenode is via a hidden service (mejokbp2brhw4omd.onion). Please see URL freenode.net/irc_servers.shtml for more info. Thanks!
[08-03-2006 00:03:24] Diconnected. Sleeping for 2 second(s).
[08-03-2006 00:03:26] >> Connecting to irc.freenode.net:6667
[08-03-2006 00:03:26] >> Connected to irc.freenode.net:6667, registering...
[08-03-2006 00:03:27] >> Warning: Invalid argument supplied for foreach() in /home/web/ezcommunity/ezcommunity/ezirc.ezcommunity.net/ezirc_v001_IQ-0.9.3/include/class.IQBot.php (line 304)
[08-03-2006 00:03:27] -calvino.freenode.net:ezlog- *** Banned: Tor access to freenode is via a hidden service (mejokbp2brhw4omd.onion). Please see URL freenode.net/irc_servers.shtml for more info. Thanks!
[08-03-2006 00:03:27] Diconnected. Sleeping for 2 second(s).
[08-03-2006 00:03:29] >> Connecting to irc.freenode.net:6667
[08-03-2006 00:03:29] >> Connected to irc.freenode.net:6667, registering...
[08-03-2006 00:03:29] >> Warning: Invalid argument supplied for foreach() in /home/web/ezcommunity/ezcommunity/ezirc.ezcommunity.net/ezirc_v001_IQ-0.9.3/include/class.IQBot.php (line 304)
[08-03-2006 00:03:29] -sterling.freenode.net:ezlog- *** Banned: Tor access to freenode is via a hidden service (mejokbp2brhw4omd.onion). Please see URL freenode.net/irc_servers.shtml for more info. Thanks!
[08-03-2006 00:03:29] Diconnected. Sleeping for 2 second(s).
[08-03-2006 00:03:31] >> Connecting to irc.freenode.net:6667
[08-03-2006 00:03:31] >> Connected to irc.freenode.net:6667, registering...
[08-03-2006 00:03:32] >> Warning: Invalid argument supplied for foreach() in /home/web/ezcommunity/ezcommunity/ezirc.ezcommunity.net/ezirc_v001_IQ-0.9.3/include/class.IQBot.php (line 304)
[08-03-2006 00:03:32] -sterling.freenode.net:ezlog- *** Banned: Tor access to freenode is via a hidden service (mejokbp2brhw4omd.onion). Please see URL freenode.net/irc_servers.shtml for more info. Thanks!
[08-03-2006 00:03:32] Diconnected. Sleeping for 2 second(s).
[08-03-2006 00:03:34] >> Connecting to irc.freenode.net:6667
[08-03-2006 00:03:34] >> Connected to irc.freenode.net:6667, registering...
[08-03-2006 00:03:34] >> Warning: Invalid argument supplied for foreach() in /home/web/ezcommunity/ezcommunity/ezirc.ezcommunity.net/ezirc_v001_IQ-0.9.3/include/class.IQBot.php (line 304)
[08-03-2006 00:03:34] -sterling.freenode.net:ezlog- *** Banned: Tor access to freenode is via a hidden service (mejokbp2brhw4omd.onion). Please see URL freenode.net/irc_servers.shtml for more info. Thanks!
[08-03-2006 00:03:34] Diconnected. Sleeping for 2 second(s).
[08-03-2006 00:03:36] >> Connecting to irc.freenode.net:6667
[08-03-2006 00:03:36] >> Connected to irc.freenode.net:6667, registering...
[08-03-2006 00:03:37] >> Warning: Invalid argument supplied for foreach() in /home/web/ezcommunity/ezcommunity/ezirc.ezcommunity.net/ezirc_v001_IQ-0.9.3/include/class.IQBot.php (line 304)
[08-03-2006 00:03:37] -sterling.freenode.net:ezlog- *** Banned: Tor access to freenode is via a hidden service (mejokbp2brhw4omd.onion). Please see URL freenode.net/irc_servers.shtml for more info. Thanks!
[08-03-2006 00:03:37] Diconnected. Sleeping for 2 second(s).
[08-03-2006 00:03:39] >> Connecting to irc.freenode.net:6667
[08-03-2006 00:03:39] >> Connected to irc.freenode.net:6667, registering...
[08-03-2006 00:03:39] >> Warning: Invalid argument supplied for foreach() in /home/web/ezcommunity/ezcommunity/ezirc.ezcommunity.net/ezirc_v001_IQ-0.9.3/include/class.IQBot.php (line 304)
[08-03-2006 00:03:39] -sterling.freenode.net:ezlog- *** Banned: Tor access to freenode is via a hidden service (mejokbp2brhw4omd.onion). Please see URL freenode.net/irc_servers.shtml for more info. Thanks!
[08-03-2006 00:03:39] Diconnected. Sleeping for 2 second(s).
[08-03-2006 00:03:41] >> Connecting to irc.freenode.net:6667
[08-03-2006 00:03:42] >> Connected to irc.freenode.net:6667, registering...
[08-03-2006 00:03:42] >> Warning: Invalid argument supplied for foreach() in /home/web/ezcommunity/ezcommunity/ezirc.ezcommunity.net/ezirc_v001_IQ-0.9.3/include/class.IQBot.php (line 304)
[08-03-2006 00:03:42] -sterling.freenode.net:ezlog- *** Banned: Tor access to freenode is via a hidden service (mejokbp2brhw4omd.onion). Please see URL freenode.net/irc_servers.shtml for more info. Thanks!
[08-03-2006 00:03:42] Diconnected. Sleeping for 2 second(s).
[08-03-2006 00:03:44] >> Connecting to irc.freenode.net:6667
[08-03-2006 00:03:44] >> Connected to irc.freenode.net:6667, registering...
[08-03-2006 00:03:44] >> Warning: Invalid argument supplied for foreach() in /home/web/ezcommunity/ezcommunity/ezirc.ezcommunity.net/ezirc_v001_IQ-0.9.3/include/class.IQBot.php (line 304)
[08-03-2006 00:03:44] -calvino.freenode.net:ezlog- *** Banned: Tor access to freenode is via a hidden service (mejokbp2brhw4omd.onion). Please see URL freenode.net/irc_servers.shtml for more info. Thanks!
[08-03-2006 00:03:44] Diconnected. Sleeping for 2 second(s).
[08-03-2006 00:03:46] >> Connecting to irc.freenode.net:6667
[08-03-2006 00:03:46] >> Connected to irc.freenode.net:6667, registering...
[08-03-2006 00:03:47] >> Warning: Invalid argument supplied for foreach() in /home/web/ezcommunity/ezcommunity/ezirc.ezcommunity.net/ezirc_v001_IQ-0.9.3/include/class.IQBot.php (line 304)
[08-03-2006 00:03:47] -sterling.freenode.net:ezlog- *** Banned: Tor access to freenode is via a hidden service (mejokbp2brhw4omd.onion). Please see URL freenode.net/irc_servers.shtml for more info. Thanks!
[08-03-2006 00:03:47] Diconnected. Sleeping for 2 second(s).
[08-03-2006 00:03:49] >> Connecting to irc.freenode.net:6667
[08-03-2006 00:03:49] >> Connected to irc.freenode.net:6667, registering...
[08-03-2006 00:03:49] >> Warning: Invalid argument supplied for foreach() in /home/web/ezcommunity/ezcommunity/ezirc.ezcommunity.net/ezirc_v001_IQ-0.9.3/include/class.IQBot.php (line 304)
[08-03-2006 00:03:49] -sterling.freenode.net:ezlog- *** Banned: Tor access to freenode is via a hidden service (mejokbp2brhw4omd.onion). Please see URL freenode.net/irc_servers.shtml for more info. Thanks!
[08-03-2006 00:03:49] Diconnected. Sleeping for 2 second(s).
[08-03-2006 00:03:51] >> Connecting to irc.freenode.net:6667
[08-03-2006 00:03:51] >> Connected to irc.freenode.net:6667, registering...
[08-03-2006 00:03:52] >> Warning: Invalid argument supplied for foreach() in /home/web/ezcommunity/ezcommunity/ezirc.ezcommunity.net/ezirc_v001_IQ-0.9.3/include/class.IQBot.php (line 304)
[08-03-2006 00:03:52] -sterling.freenode.net:ezlog- *** Banned: Tor access to freenode is via a hidden service (mejokbp2brhw4omd.onion). Please see URL freenode.net/irc_servers.shtml for more info. Thanks!
[08-03-2006 00:03:52] Diconnected. Sleeping for 2 second(s).
[08-03-2006 00:03:54] >> Connecting to irc.freenode.net:6667
[08-03-2006 00:03:54] >> Connected to irc.freenode.net:6667, registering...
[08-03-2006 00:03:54] >> Warning: Invalid argument supplied for foreach() in /home/web/ezcommunity/ezcommunity/ezirc.ezcommunity.net/ezirc_v001_IQ-0.9.3/include/class.IQBot.php (line 304)
[08-03-2006 00:03:54] -sterling.freenode.net:ezlog- *** Banned: Tor access to freenode is via a hidden service (mejokbp2brhw4omd.onion). Please see URL freenode.net/irc_servers.shtml for more info. Thanks!
[08-03-2006 00:03:54] Diconnected. Sleeping for 2 second(s).
[08-03-2006 00:03:56] >> Connecting to irc.freenode.net:6667
[08-03-2006 00:03:56] >> Connected to irc.freenode.net:6667, registering...
[08-03-2006 00:03:57] >> Warning: Invalid argument supplied for foreach() in /home/web/ezcommunity/ezcommunity/ezirc.ezcommunity.net/ezirc_v001_IQ-0.9.3/include/class.IQBot.php (line 304)
[08-03-2006 00:03:57] -sterling.freenode.net:ezlog- *** Banned: Tor access to freenode is via a hidden service (mejokbp2brhw4omd.onion). Please see URL freenode.net/irc_servers.shtml for more info. Thanks!
[08-03-2006 00:03:57] Diconnected. Sleeping for 2 second(s).
[08-03-2006 00:03:59] >> Connecting to irc.freenode.net:6667
[08-03-2006 00:03:59] >> Connected to irc.freenode.net:6667, registering...
[08-03-2006 00:03:59] >> Warning: Invalid argument supplied for foreach() in /home/web/ezcommunity/ezcommunity/ezirc.ezcommunity.net/ezirc_v001_IQ-0.9.3/include/class.IQBot.php (line 304)
[08-03-2006 00:03:59] -calvino.freenode.net:ezlog- *** Banned: Tor access to freenode is via a hidden service (mejokbp2brhw4omd.onion). Please see URL freenode.net/irc_servers.shtml for more info. Thanks!
[08-03-2006 00:03:59] Diconnected. Sleeping for 2 second(s).
[08-03-2006 00:04:01] >> Connecting to irc.freenode.net:6667
[08-03-2006 00:04:01] >> Connected to irc.freenode.net:6667, registering...
