[05-28-2006 01:35:28] -!- SEAwolfx [n=SEAwolfx@p5493842C.dip0.t-ipconnect.de] has joined #ezpublish
[05-28-2006 01:37:30] [#ezpublish] <SEAwolfx> morning
[05-28-2006 01:52:15] -!- SEAwolfx_ [n=SEAwolfx@p54939590.dip0.t-ipconnect.de] has joined #ezpublish
[05-28-2006 02:10:09] -!- SEAwolfx [n=SEAwolfx@p5493842C.dip0.t-ipconnect.de] has quit [Read error: 110 (Connection timed out)]
[05-28-2006 02:13:40] -!- SEAwolfx_ [n=SEAwolfx@p54939590.dip0.t-ipconnect.de] has quit [Read error: 110 (Connection timed out)]
[05-28-2006 02:18:03] -!- SEAwolfx [n=SEAwolfx@p54939B03.dip0.t-ipconnect.de] has joined #ezpublish
[05-28-2006 03:23:22] -!- buz [n=buz@217-162-135-182.dclient.hispeed.ch] has joined #ezpublish
[05-28-2006 03:24:27] -!- xiglet [n=xiglet@cD9088F2C.sdsl.catch.no] has joined #ezpublish
[05-28-2006 03:58:52] -!- _kore [n=lordhong@port-83-236-8-180.dynamic.qsc.de] has joined #ezpublish
[05-28-2006 05:01:06] [#ezpublish] <xigleth> how do I change my english site to use norwegian "settings".. I mean, my templates is custom made but some output says day, date, time etc in english...
[05-28-2006 05:09:36] -!- awormus [n=aaron@p54B1127E.dip0.t-ipconnect.de] has joined #ezpublish
[05-28-2006 05:24:39] -!- xiglet [n=xiglet@cD9088F2C.sdsl.catch.no] has quit ["Download Gaim: http://gaim.sourceforge.net/"]
[05-28-2006 05:27:58] -!- xiglet [n=xiglet@cD9088F2C.sdsl.catch.no] has joined #ezpublish
[05-28-2006 05:43:25] -!- awormus_ [n=aaron@p54B11149.dip0.t-ipconnect.de] has joined #ezpublish
[05-28-2006 05:43:42] -!- awormus_ [n=aaron@p54B11149.dip0.t-ipconnect.de] has quit [Client Quit]
[05-28-2006 05:50:57] -!- awormus [n=aaron@p54B1127E.dip0.t-ipconnect.de] has quit [Read error: 145 (Connection timed out)]
[05-28-2006 10:11:06] -!- SEAwolfx [n=SEAwolfx@p54939B03.dip0.t-ipconnect.de] has left #ezpublish []
[05-28-2006 10:58:33] -!- SEAwolfx [n=SEAwolfx@p54938339.dip0.t-ipconnect.de] has joined #ezpublish
[05-28-2006 11:48:18] -!- jeremiah [i=jeremiah@31.Red-213-98-123.staticIP.rima-tde.net] has joined #ezpublish
[05-28-2006 12:49:26] -!- tobmaster [n=tobmaste@dslb-084-061-072-168.pools.arcor-ip.net] has joined #ezpublish
[05-28-2006 13:02:56] -!- kore_ [n=lordhong@port-83-236-8-180.dynamic.qsc.de] has joined #ezpublish
[05-28-2006 13:20:51] -!- SEAwolfx [n=SEAwolfx@p54938339.dip0.t-ipconnect.de] has quit [Read error: 110 (Connection timed out)]
[05-28-2006 13:21:57] -!- awormus [n=aaron@p54B127AD.dip0.t-ipconnect.de] has joined #ezpublish
[05-28-2006 14:13:36] -!- Allman [n=allman@ti132110a340-2407.bb.online.no] has joined #ezpublish
[05-28-2006 14:15:50] -!- tobmaster [n=tobmaste@dslb-084-061-072-168.pools.arcor-ip.net] has quit [Remote closed the connection]
[05-28-2006 14:44:23] [#ezpublish] <jeremiah> hi
[05-28-2006 14:44:38] [#ezpublish] <jeremiah> where i could learn more about PACKAGES?
[05-28-2006 14:48:52] [#ezpublish] <jeremiah> i dont understaund the SiteStyles, i import one, but i cant see any change
[05-28-2006 15:18:24] -!- buz [n=buz@217-162-135-182.dclient.hispeed.ch] has quit ["Konversation terminated!"]
[05-28-2006 15:25:24] -!- SEAwolfx [n=SEAwolfx@p5493BFA6.dip0.t-ipconnect.de] has joined #ezpublish
[05-28-2006 15:27:01] -!- tobmaster [n=tobmaste@dslb-084-061-072-168.pools.arcor-ip.net] has joined #ezpublish
[05-28-2006 15:34:29] -!- kore_ [n=lordhong@port-83-236-8-180.dynamic.qsc.de] has quit []
[05-28-2006 15:53:41] -!- Allman [n=allman@ti132110a340-2407.bb.online.no] has quit []
[05-28-2006 16:20:13] -!- xiglet [n=xiglet@cD9088F2C.sdsl.catch.no] has quit [Remote closed the connection]
[05-28-2006 16:31:08] -!- _kore [n=lordhong@port-83-236-8-180.dynamic.qsc.de] has quit [Remote closed the connection]
[05-28-2006 17:24:18] -!- SEAwolfx [n=SEAwolfx@p5493BFA6.dip0.t-ipconnect.de] has quit [Connection timed out]
[05-28-2006 18:53:10] -!- tobmaster [n=tobmaste@dslb-084-061-072-168.pools.arcor-ip.net] has quit [Remote closed the connection]
[05-28-2006 21:09:33] -!- Tidemann [n=tidemann@ti132110a340-3091.bb.online.no] has quit [Read error: 110 (Connection timed out)]
[05-28-2006 23:22:34] -!- buz [n=buz@217-162-135-182.dclient.hispeed.ch] has joined #ezpublish
[05-28-2006 23:33:26] -!- buz [n=buz@217-162-135-182.dclient.hispeed.ch] has quit ["Konversation terminated!"]
[05-28-2006 23:50:23] -!- SEAwolfx [n=SEAwolfx@p549387B8.dip0.t-ipconnect.de] has joined #ezpublish
