[08-07-2006 00:00:01] >> Connecting to irc.freenode.net:6667
[08-07-2006 00:00:01] >> Connected to irc.freenode.net:6667, registering...
[08-07-2006 00:00:02] >> Warning: Invalid argument supplied for foreach() in /home/web/ezcommunity/ezcommunity/ezirc.ezcommunity.net/ezirc_v001_IQ-0.9.3/include/class.IQBot.php (line 304)
[08-07-2006 00:00:02] -sterling.freenode.net:ezlog- *** Banned: Tor access to freenode is via a hidden service (mejokbp2brhw4omd.onion). Please see URL freenode.net/irc_servers.shtml for more info. Thanks!
[08-07-2006 00:00:02] Diconnected. Sleeping for 2 second(s).
[08-07-2006 00:00:04] >> Connecting to irc.freenode.net:6667
[08-07-2006 00:00:04] >> Connected to irc.freenode.net:6667, registering...
[08-07-2006 00:00:04] >> Warning: Invalid argument supplied for foreach() in /home/web/ezcommunity/ezcommunity/ezirc.ezcommunity.net/ezirc_v001_IQ-0.9.3/include/class.IQBot.php (line 304)
[08-07-2006 00:00:04] -calvino.freenode.net:ezlog- *** Banned: Tor access to freenode is via a hidden service (mejokbp2brhw4omd.onion). Please see URL freenode.net/irc_servers.shtml for more info. Thanks!
[08-07-2006 00:00:04] Diconnected. Sleeping for 2 second(s).
[08-07-2006 00:00:06] >> Connecting to irc.freenode.net:6667
[08-07-2006 00:00:06] >> Connected to irc.freenode.net:6667, registering...
[08-07-2006 00:00:07] >> Warning: Invalid argument supplied for foreach() in /home/web/ezcommunity/ezcommunity/ezirc.ezcommunity.net/ezirc_v001_IQ-0.9.3/include/class.IQBot.php (line 304)
[08-07-2006 00:00:07] -sterling.freenode.net:ezlog- *** Banned: Tor access to freenode is via a hidden service (mejokbp2brhw4omd.onion). Please see URL freenode.net/irc_servers.shtml for more info. Thanks!
[08-07-2006 00:00:07] Diconnected. Sleeping for 2 second(s).
[08-07-2006 00:00:09] >> Connecting to irc.freenode.net:6667
[08-07-2006 00:00:09] >> Connected to irc.freenode.net:6667, registering...
[08-07-2006 00:00:09] >> Warning: Invalid argument supplied for foreach() in /home/web/ezcommunity/ezcommunity/ezirc.ezcommunity.net/ezirc_v001_IQ-0.9.3/include/class.IQBot.php (line 304)
[08-07-2006 00:00:09] -sterling.freenode.net:ezlog- *** Banned: Tor access to freenode is via a hidden service (mejokbp2brhw4omd.onion). Please see URL freenode.net/irc_servers.shtml for more info. Thanks!
[08-07-2006 00:00:09] Diconnected. Sleeping for 2 second(s).
[08-07-2006 00:00:11] >> Connecting to irc.freenode.net:6667
[08-07-2006 00:00:11] >> Connected to irc.freenode.net:6667, registering...
[08-07-2006 00:00:12] >> Warning: Invalid argument supplied for foreach() in /home/web/ezcommunity/ezcommunity/ezirc.ezcommunity.net/ezirc_v001_IQ-0.9.3/include/class.IQBot.php (line 304)
[08-07-2006 00:00:12] -sterling.freenode.net:ezlog- *** Banned: Tor access to freenode is via a hidden service (mejokbp2brhw4omd.onion). Please see URL freenode.net/irc_servers.shtml for more info. Thanks!
[08-07-2006 00:00:12] Diconnected. Sleeping for 2 second(s).
[08-07-2006 00:00:14] >> Connecting to irc.freenode.net:6667
[08-07-2006 00:00:14] >> Connected to irc.freenode.net:6667, registering...
[08-07-2006 00:00:14] >> Warning: Invalid argument supplied for foreach() in /home/web/ezcommunity/ezcommunity/ezirc.ezcommunity.net/ezirc_v001_IQ-0.9.3/include/class.IQBot.php (line 304)
[08-07-2006 00:00:14] -sterling.freenode.net:ezlog- *** Banned: Tor access to freenode is via a hidden service (mejokbp2brhw4omd.onion). Please see URL freenode.net/irc_servers.shtml for more info. Thanks!
[08-07-2006 00:00:14] Diconnected. Sleeping for 2 second(s).
[08-07-2006 00:00:16] >> Connecting to irc.freenode.net:6667
[08-07-2006 00:00:16] >> Connected to irc.freenode.net:6667, registering...
[08-07-2006 00:00:17] >> Warning: Invalid argument supplied for foreach() in /home/web/ezcommunity/ezcommunity/ezirc.ezcommunity.net/ezirc_v001_IQ-0.9.3/include/class.IQBot.php (line 304)
[08-07-2006 00:00:17] -sterling.freenode.net:ezlog- *** Banned: Tor access to freenode is via a hidden service (mejokbp2brhw4omd.onion). Please see URL freenode.net/irc_servers.shtml for more info. Thanks!
[08-07-2006 00:00:17] Diconnected. Sleeping for 2 second(s).
[08-07-2006 00:00:19] >> Connecting to irc.freenode.net:6667
[08-07-2006 00:00:19] >> Connected to irc.freenode.net:6667, registering...
[08-07-2006 00:00:19] >> Warning: Invalid argument supplied for foreach() in /home/web/ezcommunity/ezcommunity/ezirc.ezcommunity.net/ezirc_v001_IQ-0.9.3/include/class.IQBot.php (line 304)
[08-07-2006 00:00:19] -sterling.freenode.net:ezlog- *** Banned: Tor access to freenode is via a hidden service (mejokbp2brhw4omd.onion). Please see URL freenode.net/irc_servers.shtml for more info. Thanks!
[08-07-2006 00:00:19] Diconnected. Sleeping for 2 second(s).
[08-07-2006 00:00:21] >> Connecting to irc.freenode.net:6667
[08-07-2006 00:00:21] >> Connected to irc.freenode.net:6667, registering...
[08-07-2006 00:00:22] >> Warning: Invalid argument supplied for foreach() in /home/web/ezcommunity/ezcommunity/ezirc.ezcommunity.net/ezirc_v001_IQ-0.9.3/include/class.IQBot.php (line 304)
[08-07-2006 00:00:22] -calvino.freenode.net:ezlog- *** Banned: Tor access to freenode is via a hidden service (mejokbp2brhw4omd.onion). Please see URL freenode.net/irc_servers.shtml for more info. Thanks!
[08-07-2006 00:00:22] Diconnected. Sleeping for 2 second(s).
[08-07-2006 00:00:24] >> Connecting to irc.freenode.net:6667
[08-07-2006 00:00:24] >> Connected to irc.freenode.net:6667, registering...
[08-07-2006 00:00:24] >> Warning: Invalid argument supplied for foreach() in /home/web/ezcommunity/ezcommunity/ezirc.ezcommunity.net/ezirc_v001_IQ-0.9.3/include/class.IQBot.php (line 304)
[08-07-2006 00:00:24] -sterling.freenode.net:ezlog- *** Banned: Tor access to freenode is via a hidden service (mejokbp2brhw4omd.onion). Please see URL freenode.net/irc_servers.shtml for more info. Thanks!
[08-07-2006 00:00:24] Diconnected. Sleeping for 2 second(s).
[08-07-2006 00:00:26] >> Connecting to irc.freenode.net:6667
[08-07-2006 00:00:26] >> Connected to irc.freenode.net:6667, registering...
[08-07-2006 00:00:27] >> Warning: Invalid argument supplied for foreach() in /home/web/ezcommunity/ezcommunity/ezirc.ezcommunity.net/ezirc_v001_IQ-0.9.3/include/class.IQBot.php (line 304)
[08-07-2006 00:00:27] -sterling.freenode.net:ezlog- *** Banned: Tor access to freenode is via a hidden service (mejokbp2brhw4omd.onion). Please see URL freenode.net/irc_servers.shtml for more info. Thanks!
[08-07-2006 00:00:27] Diconnected. Sleeping for 2 second(s).
[08-07-2006 00:00:29] >> Connecting to irc.freenode.net:6667
[08-07-2006 00:00:29] >> Connected to irc.freenode.net:6667, registering...
[08-07-2006 00:00:29] >> Warning: Invalid argument supplied for foreach() in /home/web/ezcommunity/ezcommunity/ezirc.ezcommunity.net/ezirc_v001_IQ-0.9.3/include/class.IQBot.php (line 304)
[08-07-2006 00:00:29] -sterling.freenode.net:ezlog- *** Banned: Tor access to freenode is via a hidden service (mejokbp2brhw4omd.onion). Please see URL freenode.net/irc_servers.shtml for more info. Thanks!
[08-07-2006 00:00:29] Diconnected. Sleeping for 2 second(s).
[08-07-2006 00:00:31] >> Connecting to irc.freenode.net:6667
[08-07-2006 00:00:31] >> Connected to irc.freenode.net:6667, registering...
[08-07-2006 00:00:32] >> Warning: Invalid argument supplied for foreach() in /home/web/ezcommunity/ezcommunity/ezirc.ezcommunity.net/ezirc_v001_IQ-0.9.3/include/class.IQBot.php (line 304)
[08-07-2006 00:00:32] -sterling.freenode.net:ezlog- *** Banned: Tor access to freenode is via a hidden service (mejokbp2brhw4omd.onion). Please see URL freenode.net/irc_servers.shtml for more info. Thanks!
[08-07-2006 00:00:32] Diconnected. Sleeping for 2 second(s).
[08-07-2006 00:00:34] >> Connecting to irc.freenode.net:6667
[08-07-2006 00:00:34] >> Connected to irc.freenode.net:6667, registering...
[08-07-2006 00:00:34] >> Warning: Invalid argument supplied for foreach() in /home/web/ezcommunity/ezcommunity/ezirc.ezcommunity.net/ezirc_v001_IQ-0.9.3/include/class.IQBot.php (line 304)
[08-07-2006 00:00:34] -sterling.freenode.net:ezlog- *** Banned: Tor access to freenode is via a hidden service (mejokbp2brhw4omd.onion). Please see URL freenode.net/irc_servers.shtml for more info. Thanks!
[08-07-2006 00:00:34] Diconnected. Sleeping for 2 second(s).
[08-07-2006 00:00:36] >> Connecting to irc.freenode.net:6667
[08-07-2006 00:00:36] >> Connected to irc.freenode.net:6667, registering...
[08-07-2006 00:00:37] >> Warning: Invalid argument supplied for foreach() in /home/web/ezcommunity/ezcommunity/ezirc.ezcommunity.net/ezirc_v001_IQ-0.9.3/include/class.IQBot.php (line 304)
[08-07-2006 00:00:37] -sterling.freenode.net:ezlog- *** Banned: Tor access to freenode is via a hidden service (mejokbp2brhw4omd.onion). Please see URL freenode.net/irc_servers.shtml for more info. Thanks!
[08-07-2006 00:00:37] Diconnected. Sleeping for 2 second(s).
[08-07-2006 00:00:39] >> Connecting to irc.freenode.net:6667
[08-07-2006 00:00:39] >> Connected to irc.freenode.net:6667, registering...
[08-07-2006 00:00:39] >> Warning: Invalid argument supplied for foreach() in /home/web/ezcommunity/ezcommunity/ezirc.ezcommunity.net/ezirc_v001_IQ-0.9.3/include/class.IQBot.php (line 304)
[08-07-2006 00:00:39] -calvino.freenode.net:ezlog- *** Banned: Tor access to freenode is via a hidden service (mejokbp2brhw4omd.onion). Please see URL freenode.net/irc_servers.shtml for more info. Thanks!
[08-07-2006 00:00:39] Diconnected. Sleeping for 2 second(s).
[08-07-2006 00:00:41] >> Connecting to irc.freenode.net:6667
[08-07-2006 00:00:41] >> Connected to irc.freenode.net:6667, registering...
[08-07-2006 00:00:42] >> Warning: Invalid argument supplied for foreach() in /home/web/ezcommunity/ezcommunity/ezirc.ezcommunity.net/ezirc_v001_IQ-0.9.3/include/class.IQBot.php (line 304)
[08-07-2006 00:00:42] -sterling.freenode.net:ezlog- *** Banned: Tor access to freenode is via a hidden service (mejokbp2brhw4omd.onion). Please see URL freenode.net/irc_servers.shtml for more info. Thanks!
[08-07-2006 00:00:42] Diconnected. Sleeping for 2 second(s).
[08-07-2006 00:00:44] >> Connecting to irc.freenode.net:6667
[08-07-2006 00:00:44] >> Connected to irc.freenode.net:6667, registering...
[08-07-2006 00:00:44] >> Warning: Invalid argument supplied for foreach() in /home/web/ezcommunity/ezcommunity/ezirc.ezcommunity.net/ezirc_v001_IQ-0.9.3/include/class.IQBot.php (line 304)
[08-07-2006 00:00:44] -sterling.freenode.net:ezlog- *** Banned: Tor access to freenode is via a hidden service (mejokbp2brhw4omd.onion). Please see URL freenode.net/irc_servers.shtml for more info. Thanks!
[08-07-2006 00:00:44] Diconnected. Sleeping for 2 second(s).
[08-07-2006 00:00:46] >> Connecting to irc.freenode.net:6667
[08-07-2006 00:00:46] >> Connected to irc.freenode.net:6667, registering...
[08-07-2006 00:00:47] >> Warning: Invalid argument supplied for foreach() in /home/web/ezcommunity/ezcommunity/ezirc.ezcommunity.net/ezirc_v001_IQ-0.9.3/include/class.IQBot.php (line 304)
[08-07-2006 00:00:47] -sterling.freenode.net:ezlog- *** Banned: Tor access to freenode is via a hidden service (mejokbp2brhw4omd.onion). Please see URL freenode.net/irc_servers.shtml for more info. Thanks!
[08-07-2006 00:00:47] Diconnected. Sleeping for 2 second(s).
[08-07-2006 00:00:49] >> Connecting to irc.freenode.net:6667
[08-07-2006 00:00:49] >> Connected to irc.freenode.net:6667, registering...
[08-07-2006 00:00:49] >> Warning: Invalid argument supplied for foreach() in /home/web/ezcommunity/ezcommunity/ezirc.ezcommunity.net/ezirc_v001_IQ-0.9.3/include/class.IQBot.php (line 304)
[08-07-2006 00:00:49] -sterling.freenode.net:ezlog- *** Banned: Tor access to freenode is via a hidden service (mejokbp2brhw4omd.onion). Please see URL freenode.net/irc_servers.shtml for more info. Thanks!
[08-07-2006 00:00:49] Diconnected. Sleeping for 2 second(s).
[08-07-2006 00:00:51] >> Connecting to irc.freenode.net:6667
[08-07-2006 00:00:51] >> Connected to irc.freenode.net:6667, registering...
[08-07-2006 00:00:52] >> Warning: Invalid argument supplied for foreach() in /home/web/ezcommunity/ezcommunity/ezirc.ezcommunity.net/ezirc_v001_IQ-0.9.3/include/class.IQBot.php (line 304)
[08-07-2006 00:00:52] -sterling.freenode.net:ezlog- *** Banned: Tor access to freenode is via a hidden service (mejokbp2brhw4omd.onion). Please see URL freenode.net/irc_servers.shtml for more info. Thanks!
[08-07-2006 00:00:52] Diconnected. Sleeping for 2 second(s).
[08-07-2006 00:00:54] >> Connecting to irc.freenode.net:6667
[08-07-2006 00:00:54] >> Connected to irc.freenode.net:6667, registering...
[08-07-2006 00:00:54] >> Warning: Invalid argument supplied for foreach() in /home/web/ezcommunity/ezcommunity/ezirc.ezcommunity.net/ezirc_v001_IQ-0.9.3/include/class.IQBot.php (line 304)
[08-07-2006 00:00:54] -sterling.freenode.net:ezlog- *** Banned: Tor access to freenode is via a hidden service (mejokbp2brhw4omd.onion). Please see URL freenode.net/irc_servers.shtml for more info. Thanks!
[08-07-2006 00:00:54] Diconnected. Sleeping for 2 second(s).
[08-07-2006 00:00:56] >> Connecting to irc.freenode.net:6667
[08-07-2006 00:00:56] >> Connected to irc.freenode.net:6667, registering...
[08-07-2006 00:00:57] >> Warning: Invalid argument supplied for foreach() in /home/web/ezcommunity/ezcommunity/ezirc.ezcommunity.net/ezirc_v001_IQ-0.9.3/include/class.IQBot.php (line 304)
[08-07-2006 00:00:57] -calvino.freenode.net:ezlog- *** Banned: Tor access to freenode is via a hidden service (mejokbp2brhw4omd.onion). Please see URL freenode.net/irc_servers.shtml for more info. Thanks!
[08-07-2006 00:00:57] Diconnected. Sleeping for 2 second(s).
[08-07-2006 00:00:59] >> Connecting to irc.freenode.net:6667
[08-07-2006 00:00:59] >> Connected to irc.freenode.net:6667, registering...
[08-07-2006 00:00:59] >> Warning: Invalid argument supplied for foreach() in /home/web/ezcommunity/ezcommunity/ezirc.ezcommunity.net/ezirc_v001_IQ-0.9.3/include/class.IQBot.php (line 304)
[08-07-2006 00:00:59] -sterling.freenode.net:ezlog- *** Banned: Tor access to freenode is via a hidden service (mejokbp2brhw4omd.onion). Please see URL freenode.net/irc_servers.shtml for more info. Thanks!
[08-07-2006 00:00:59] Diconnected. Sleeping for 2 second(s).
[08-07-2006 00:01:01] >> Connecting to irc.freenode.net:6667
[08-07-2006 00:01:01] >> Connected to irc.freenode.net:6667, registering...
[08-07-2006 00:01:02] >> Warning: Invalid argument supplied for foreach() in /home/web/ezcommunity/ezcommunity/ezirc.ezcommunity.net/ezirc_v001_IQ-0.9.3/include/class.IQBot.php (line 304)
[08-07-2006 00:01:02] -sterling.freenode.net:ezlog- *** Banned: Tor access to freenode is via a hidden service (mejokbp2brhw4omd.onion). Please see URL freenode.net/irc_servers.shtml for more info. Thanks!
[08-07-2006 00:01:02] Diconnected. Sleeping for 2 second(s).
[08-07-2006 00:01:04] >> Connecting to irc.freenode.net:6667
[08-07-2006 00:01:04] >> Connected to irc.freenode.net:6667, registering...
[08-07-2006 00:01:04] >> Warning: Invalid argument supplied for foreach() in /home/web/ezcommunity/ezcommunity/ezirc.ezcommunity.net/ezirc_v001_IQ-0.9.3/include/class.IQBot.php (line 304)
[08-07-2006 00:01:04] -calvino.freenode.net:ezlog- *** Banned: Tor access to freenode is via a hidden service (mejokbp2brhw4omd.onion). Please see URL freenode.net/irc_servers.shtml for more info. Thanks!
[08-07-2006 00:01:04] Diconnected. Sleeping for 2 second(s).
[08-07-2006 00:01:06] >> Connecting to irc.freenode.net:6667
[08-07-2006 00:01:06] >> Connected to irc.freenode.net:6667, registering...
[08-07-2006 00:01:07] >> Warning: Invalid argument supplied for foreach() in /home/web/ezcommunity/ezcommunity/ezirc.ezcommunity.net/ezirc_v001_IQ-0.9.3/include/class.IQBot.php (line 304)
[08-07-2006 00:01:07] -sterling.freenode.net:ezlog- *** Banned: Tor access to freenode is via a hidden service (mejokbp2brhw4omd.onion). Please see URL freenode.net/irc_servers.shtml for more info. Thanks!
[08-07-2006 00:01:07] Diconnected. Sleeping for 2 second(s).
[08-07-2006 00:01:09] >> Connecting to irc.freenode.net:6667
[08-07-2006 00:01:09] >> Connected to irc.freenode.net:6667, registering...
[08-07-2006 00:01:09] >> Warning: Invalid argument supplied for foreach() in /home/web/ezcommunity/ezcommunity/ezirc.ezcommunity.net/ezirc_v001_IQ-0.9.3/include/class.IQBot.php (line 304)
[08-07-2006 00:01:09] -sterling.freenode.net:ezlog- *** Banned: Tor access to freenode is via a hidden service (mejokbp2brhw4omd.onion). Please see URL freenode.net/irc_servers.shtml for more info. Thanks!
[08-07-2006 00:01:09] Diconnected. Sleeping for 2 second(s).
[08-07-2006 00:01:11] >> Connecting to irc.freenode.net:6667
[08-07-2006 00:01:12] >> Connected to irc.freenode.net:6667, registering...
[08-07-2006 00:01:12] >> Warning: Invalid argument supplied for foreach() in /home/web/ezcommunity/ezcommunity/ezirc.ezcommunity.net/ezirc_v001_IQ-0.9.3/include/class.IQBot.php (line 304)
[08-07-2006 00:01:12] -sterling.freenode.net:ezlog- *** Banned: Tor access to freenode is via a hidden service (mejokbp2brhw4omd.onion). Please see URL freenode.net/irc_servers.shtml for more info. Thanks!
[08-07-2006 00:01:12] Diconnected. Sleeping for 2 second(s).
[08-07-2006 00:01:14] >> Connecting to irc.freenode.net:6667
[08-07-2006 00:01:14] >> Connected to irc.freenode.net:6667, registering...
[08-07-2006 00:01:14] >> Warning: Invalid argument supplied for foreach() in /home/web/ezcommunity/ezcommunity/ezirc.ezcommunity.net/ezirc_v001_IQ-0.9.3/include/class.IQBot.php (line 304)
[08-07-2006 00:01:14] -sterling.freenode.net:ezlog- *** Banned: Tor access to freenode is via a hidden service (mejokbp2brhw4omd.onion). Please see URL freenode.net/irc_servers.shtml for more info. Thanks!
[08-07-2006 00:01:14] Diconnected. Sleeping for 2 second(s).
[08-07-2006 00:01:16] >> Connecting to irc.freenode.net:6667
[08-07-2006 00:01:17] >> Connected to irc.freenode.net:6667, registering...
[08-07-2006 00:01:17] >> Warning: Invalid argument supplied for foreach() in /home/web/ezcommunity/ezcommunity/ezirc.ezcommunity.net/ezirc_v001_IQ-0.9.3/include/class.IQBot.php (line 304)
[08-07-2006 00:01:17] -sterling.freenode.net:ezlog- *** Banned: Tor access to freenode is via a hidden service (mejokbp2brhw4omd.onion). Please see URL freenode.net/irc_servers.shtml for more info. Thanks!
[08-07-2006 00:01:17] Diconnected. Sleeping for 2 second(s).
[08-07-2006 00:01:19] >> Connecting to irc.freenode.net:6667
[08-07-2006 00:01:19] >> Connected to irc.freenode.net:6667, registering...
[08-07-2006 00:01:19] >> Warning: Invalid argument supplied for foreach() in /home/web/ezcommunity/ezcommunity/ezirc.ezcommunity.net/ezirc_v001_IQ-0.9.3/include/class.IQBot.php (line 304)
[08-07-2006 00:01:19] -sterling.freenode.net:ezlog- *** Banned: Tor access to freenode is via a hidden service (mejokbp2brhw4omd.onion). Please see URL freenode.net/irc_servers.shtml for more info. Thanks!
[08-07-2006 00:01:19] Diconnected. Sleeping for 2 second(s).
[08-07-2006 00:01:21] >> Connecting to irc.freenode.net:6667
[08-07-2006 00:01:22] >> Connected to irc.freenode.net:6667, registering...
[08-07-2006 00:01:22] >> Warning: Invalid argument supplied for foreach() in /home/web/ezcommunity/ezcommunity/ezirc.ezcommunity.net/ezirc_v001_IQ-0.9.3/include/class.IQBot.php (line 304)
[08-07-2006 00:01:22] -calvino.freenode.net:ezlog- *** Banned: Tor access to freenode is via a hidden service (mejokbp2brhw4omd.onion). Please see URL freenode.net/irc_servers.shtml for more info. Thanks!
[08-07-2006 00:01:22] Diconnected. Sleeping for 2 second(s).
[08-07-2006 00:01:24] >> Connecting to irc.freenode.net:6667
[08-07-2006 00:01:24] >> Connected to irc.freenode.net:6667, registering...
[08-07-2006 00:01:24] >> Warning: Invalid argument supplied for foreach() in /home/web/ezcommunity/ezcommunity/ezirc.ezcommunity.net/ezirc_v001_IQ-0.9.3/include/class.IQBot.php (line 304)
[08-07-2006 00:01:24] -sterling.freenode.net:ezlog- *** Banned: Tor access to freenode is via a hidden service (mejokbp2brhw4omd.onion). Please see URL freenode.net/irc_servers.shtml for more info. Thanks!
[08-07-2006 00:01:24] Diconnected. Sleeping for 2 second(s).
[08-07-2006 00:01:26] >> Connecting to irc.freenode.net:6667
[08-07-2006 00:01:26] >> Connected to irc.freenode.net:6667, registering...
[08-07-2006 00:01:27] >> Warning: Invalid argument supplied for foreach() in /home/web/ezcommunity/ezcommunity/ezirc.ezcommunity.net/ezirc_v001_IQ-0.9.3/include/class.IQBot.php (line 304)
[08-07-2006 00:01:27] -sterling.freenode.net:ezlog- *** Banned: Tor access to freenode is via a hidden service (mejokbp2brhw4omd.onion). Please see URL freenode.net/irc_servers.shtml for more info. Thanks!
[08-07-2006 00:01:27] Diconnected. Sleeping for 2 second(s).
[08-07-2006 00:01:29] >> Connecting to irc.freenode.net:6667
[08-07-2006 00:01:29] >> Connected to irc.freenode.net:6667, registering...
[08-07-2006 00:01:29] >> Warning: Invalid argument supplied for foreach() in /home/web/ezcommunity/ezcommunity/ezirc.ezcommunity.net/ezirc_v001_IQ-0.9.3/include/class.IQBot.php (line 304)
[08-07-2006 00:01:29] -sterling.freenode.net:ezlog- *** Banned: Tor access to freenode is via a hidden service (mejokbp2brhw4omd.onion). Please see URL freenode.net/irc_servers.shtml for more info. Thanks!
[08-07-2006 00:01:29] Diconnected. Sleeping for 2 second(s).
[08-07-2006 00:01:31] >> Connecting to irc.freenode.net:6667
[08-07-2006 00:01:31] >> Connected to irc.freenode.net:6667, registering...
[08-07-2006 00:01:32] >> Warning: Invalid argument supplied for foreach() in /home/web/ezcommunity/ezcommunity/ezirc.ezcommunity.net/ezirc_v001_IQ-0.9.3/include/class.IQBot.php (line 304)
[08-07-2006 00:01:32] -sterling.freenode.net:ezlog- *** Banned: Tor access to freenode is via a hidden service (mejokbp2brhw4omd.onion). Please see URL freenode.net/irc_servers.shtml for more info. Thanks!
[08-07-2006 00:01:32] Diconnected. Sleeping for 2 second(s).
[08-07-2006 00:01:34] >> Connecting to irc.freenode.net:6667
[08-07-2006 00:01:34] >> Connected to irc.freenode.net:6667, registering...
[08-07-2006 00:01:34] >> Warning: Invalid argument supplied for foreach() in /home/web/ezcommunity/ezcommunity/ezirc.ezcommunity.net/ezirc_v001_IQ-0.9.3/include/class.IQBot.php (line 304)
[08-07-2006 00:01:34] -sterling.freenode.net:ezlog- *** Banned: Tor access to freenode is via a hidden service (mejokbp2brhw4omd.onion). Please see URL freenode.net/irc_servers.shtml for more info. Thanks!
[08-07-2006 00:01:34] Diconnected. Sleeping for 2 second(s).
[08-07-2006 00:01:36] >> Connecting to irc.freenode.net:6667
[08-07-2006 00:01:36] >> Connected to irc.freenode.net:6667, registering...
[08-07-2006 00:01:37] >> Warning: Invalid argument supplied for foreach() in /home/web/ezcommunity/ezcommunity/ezirc.ezcommunity.net/ezirc_v001_IQ-0.9.3/include/class.IQBot.php (line 304)
[08-07-2006 00:01:37] -sterling.freenode.net:ezlog- *** Banned: Tor access to freenode is via a hidden service (mejokbp2brhw4omd.onion). Please see URL freenode.net/irc_servers.shtml for more info. Thanks!
[08-07-2006 00:01:37] Diconnected. Sleeping for 2 second(s).
[08-07-2006 00:01:39] >> Connecting to irc.freenode.net:6667
[08-07-2006 00:01:39] >> Connected to irc.freenode.net:6667, registering...
[08-07-2006 00:01:39] >> Warning: Invalid argument supplied for foreach() in /home/web/ezcommunity/ezcommunity/ezirc.ezcommunity.net/ezirc_v001_IQ-0.9.3/include/class.IQBot.php (line 304)
[08-07-2006 00:01:39] -calvino.freenode.net:ezlog- *** Banned: Tor access to freenode is via a hidden service (mejokbp2brhw4omd.onion). Please see URL freenode.net/irc_servers.shtml for more info. Thanks!
[08-07-2006 00:01:39] Diconnected. Sleeping for 2 second(s).
[08-07-2006 00:01:41] >> Connecting to irc.freenode.net:6667
[08-07-2006 00:01:41] >> Connected to irc.freenode.net:6667, registering...
[08-07-2006 00:01:42] >> Warning: Invalid argument supplied for foreach() in /home/web/ezcommunity/ezcommunity/ezirc.ezcommunity.net/ezirc_v001_IQ-0.9.3/include/class.IQBot.php (line 304)
[08-07-2006 00:01:42] -sterling.freenode.net:ezlog- *** Banned: Tor access to freenode is via a hidden service (mejokbp2brhw4omd.onion). Please see URL freenode.net/irc_servers.shtml for more info. Thanks!
[08-07-2006 00:01:42] Diconnected. Sleeping for 2 second(s).
[08-07-2006 00:01:44] >> Connecting to irc.freenode.net:6667
[08-07-2006 00:01:44] >> Connected to irc.freenode.net:6667, registering...
[08-07-2006 00:01:44] >> Warning: Invalid argument supplied for foreach() in /home/web/ezcommunity/ezcommunity/ezirc.ezcommunity.net/ezirc_v001_IQ-0.9.3/include/class.IQBot.php (line 304)
[08-07-2006 00:01:44] -sterling.freenode.net:ezlog- *** Banned: Tor access to freenode is via a hidden service (mejokbp2brhw4omd.onion). Please see URL freenode.net/irc_servers.shtml for more info. Thanks!
[08-07-2006 00:01:44] Diconnected. Sleeping for 2 second(s).
[08-07-2006 00:01:46] >> Connecting to irc.freenode.net:6667
[08-07-2006 00:01:46] >> Connected to irc.freenode.net:6667, registering...
[08-07-2006 00:01:47] >> Warning: Invalid argument supplied for foreach() in /home/web/ezcommunity/ezcommunity/ezirc.ezcommunity.net/ezirc_v001_IQ-0.9.3/include/class.IQBot.php (line 304)
[08-07-2006 00:01:47] -sterling.freenode.net:ezlog- *** Banned: Tor access to freenode is via a hidden service (mejokbp2brhw4omd.onion). Please see URL freenode.net/irc_servers.shtml for more info. Thanks!
[08-07-2006 00:01:47] Diconnected. Sleeping for 2 second(s).
[08-07-2006 00:01:49] >> Connecting to irc.freenode.net:6667
[08-07-2006 00:01:49] >> Connected to irc.freenode.net:6667, registering...
[08-07-2006 00:01:49] >> Warning: Invalid argument supplied for foreach() in /home/web/ezcommunity/ezcommunity/ezirc.ezcommunity.net/ezirc_v001_IQ-0.9.3/include/class.IQBot.php (line 304)
[08-07-2006 00:01:49] -sterling.freenode.net:ezlog- *** Banned: Tor access to freenode is via a hidden service (mejokbp2brhw4omd.onion). Please see URL freenode.net/irc_servers.shtml for more info. Thanks!
[08-07-2006 00:01:49] Diconnected. Sleeping for 2 second(s).
[08-07-2006 00:01:51] >> Connecting to irc.freenode.net:6667
[08-07-2006 00:01:51] >> Connected to irc.freenode.net:6667, registering...
[08-07-2006 00:01:52] >> Warning: Invalid argument supplied for foreach() in /home/web/ezcommunity/ezcommunity/ezirc.ezcommunity.net/ezirc_v001_IQ-0.9.3/include/class.IQBot.php (line 304)
[08-07-2006 00:01:52] -sterling.freenode.net:ezlog- *** Banned: Tor access to freenode is via a hidden service (mejokbp2brhw4omd.onion). Please see URL freenode.net/irc_servers.shtml for more info. Thanks!
[08-07-2006 00:01:52] Diconnected. Sleeping for 2 second(s).
[08-07-2006 00:01:54] >> Connecting to irc.freenode.net:6667
[08-07-2006 00:01:54] >> Connected to irc.freenode.net:6667, registering...
[08-07-2006 00:01:54] >> Warning: Invalid argument supplied for foreach() in /home/web/ezcommunity/ezcommunity/ezirc.ezcommunity.net/ezirc_v001_IQ-0.9.3/include/class.IQBot.php (line 304)
[08-07-2006 00:01:54] -sterling.freenode.net:ezlog- *** Banned: Tor access to freenode is via a hidden service (mejokbp2brhw4omd.onion). Please see URL freenode.net/irc_servers.shtml for more info. Thanks!
[08-07-2006 00:01:54] Diconnected. Sleeping for 2 second(s).
[08-07-2006 00:01:56] >> Connecting to irc.freenode.net:6667
[08-07-2006 00:01:56] >> Connected to irc.freenode.net:6667, registering...
[08-07-2006 00:01:57] >> Warning: Invalid argument supplied for foreach() in /home/web/ezcommunity/ezcommunity/ezirc.ezcommunity.net/ezirc_v001_IQ-0.9.3/include/class.IQBot.php (line 304)
[08-07-2006 00:01:57] -calvino.freenode.net:ezlog- *** Banned: Tor access to freenode is via a hidden service (mejokbp2brhw4omd.onion). Please see URL freenode.net/irc_servers.shtml for more info. Thanks!
[08-07-2006 00:01:57] Diconnected. Sleeping for 2 second(s).
[08-07-2006 00:01:59] >> Connecting to irc.freenode.net:6667
[08-07-2006 00:01:59] >> Connected to irc.freenode.net:6667, registering...
[08-07-2006 00:01:59] >> Warning: Invalid argument supplied for foreach() in /home/web/ezcommunity/ezcommunity/ezirc.ezcommunity.net/ezirc_v001_IQ-0.9.3/include/class.IQBot.php (line 304)
[08-07-2006 00:01:59] -sterling.freenode.net:ezlog- *** Banned: Tor access to freenode is via a hidden service (mejokbp2brhw4omd.onion). Please see URL freenode.net/irc_servers.shtml for more info. Thanks!
[08-07-2006 00:01:59] Diconnected. Sleeping for 2 second(s).
[08-07-2006 00:02:01] >> Connecting to irc.freenode.net:6667
[08-07-2006 00:02:01] >> Connected to irc.freenode.net:6667, registering...
[08-07-2006 00:02:02] >> Warning: Invalid argument supplied for foreach() in /home/web/ezcommunity/ezcommunity/ezirc.ezcommunity.net/ezirc_v001_IQ-0.9.3/include/class.IQBot.php (line 304)
[08-07-2006 00:02:02] -sterling.freenode.net:ezlog- *** Banned: Tor access to freenode is via a hidden service (mejokbp2brhw4omd.onion). Please see URL freenode.net/irc_servers.shtml for more info. Thanks!
[08-07-2006 00:02:02] Diconnected. Sleeping for 2 second(s).
[08-07-2006 00:02:04] >> Connecting to irc.freenode.net:6667
[08-07-2006 00:02:04] >> Connected to irc.freenode.net:6667, registering...
[08-07-2006 00:02:04] >> Warning: Invalid argument supplied for foreach() in /home/web/ezcommunity/ezcommunity/ezirc.ezcommunity.net/ezirc_v001_IQ-0.9.3/include/class.IQBot.php (line 304)
[08-07-2006 00:02:04] -sterling.freenode.net:ezlog- *** Banned: Tor access to freenode is via a hidden service (mejokbp2brhw4omd.onion). Please see URL freenode.net/irc_servers.shtml for more info. Thanks!
[08-07-2006 00:02:04] Diconnected. Sleeping for 2 second(s).
[08-07-2006 00:02:06] >> Connecting to irc.freenode.net:6667
[08-07-2006 00:02:06] >> Connected to irc.freenode.net:6667, registering...
[08-07-2006 00:02:07] >> Warning: Invalid argument supplied for foreach() in /home/web/ezcommunity/ezcommunity/ezirc.ezcommunity.net/ezirc_v001_IQ-0.9.3/include/class.IQBot.php (line 304)
[08-07-2006 00:02:07] -calvino.freenode.net:ezlog- *** Banned: Tor access to freenode is via a hidden service (mejokbp2brhw4omd.onion). Please see URL freenode.net/irc_servers.shtml for more info. Thanks!
[08-07-2006 00:02:07] Diconnected. Sleeping for 2 second(s).
[08-07-2006 00:02:09] >> Connecting to irc.freenode.net:6667
[08-07-2006 00:02:09] >> Connected to irc.freenode.net:6667, registering...
[08-07-2006 00:02:09] >> Warning: Invalid argument supplied for foreach() in /home/web/ezcommunity/ezcommunity/ezirc.ezcommunity.net/ezirc_v001_IQ-0.9.3/include/class.IQBot.php (line 304)
[08-07-2006 00:02:09] -sterling.freenode.net:ezlog- *** Banned: Tor access to freenode is via a hidden service (mejokbp2brhw4omd.onion). Please see URL freenode.net/irc_servers.shtml for more info. Thanks!
[08-07-2006 00:02:09] Diconnected. Sleeping for 2 second(s).
[08-07-2006 00:02:11] >> Connecting to irc.freenode.net:6667
[08-07-2006 00:02:11] >> Connected to irc.freenode.net:6667, registering...
[08-07-2006 00:02:12] >> Warning: Invalid argument supplied for foreach() in /home/web/ezcommunity/ezcommunity/ezirc.ezcommunity.net/ezirc_v001_IQ-0.9.3/include/class.IQBot.php (line 304)
[08-07-2006 00:02:12] -sterling.freenode.net:ezlog- *** Banned: Tor access to freenode is via a hidden service (mejokbp2brhw4omd.onion). Please see URL freenode.net/irc_servers.shtml for more info. Thanks!
[08-07-2006 00:02:12] Diconnected. Sleeping for 2 second(s).
[08-07-2006 00:02:14] >> Connecting to irc.freenode.net:6667
[08-07-2006 00:02:14] >> Connected to irc.freenode.net:6667, registering...
[08-07-2006 00:02:14] >> Warning: Invalid argument supplied for foreach() in /home/web/ezcommunity/ezcommunity/ezirc.ezcommunity.net/ezirc_v001_IQ-0.9.3/include/class.IQBot.php (line 304)
[08-07-2006 00:02:14] -sterling.freenode.net:ezlog- *** Banned: Tor access to freenode is via a hidden service (mejokbp2brhw4omd.onion). Please see URL freenode.net/irc_servers.shtml for more info. Thanks!
[08-07-2006 00:02:14] Diconnected. Sleeping for 2 second(s).
[08-07-2006 00:02:16] >> Connecting to irc.freenode.net:6667
[08-07-2006 00:02:16] >> Connected to irc.freenode.net:6667, registering...
[08-07-2006 00:02:17] >> Warning: Invalid argument supplied for foreach() in /home/web/ezcommunity/ezcommunity/ezirc.ezcommunity.net/ezirc_v001_IQ-0.9.3/include/class.IQBot.php (line 304)
[08-07-2006 00:02:17] -sterling.freenode.net:ezlog- *** Banned: Tor access to freenode is via a hidden service (mejokbp2brhw4omd.onion). Please see URL freenode.net/irc_servers.shtml for more info. Thanks!
[08-07-2006 00:02:17] Diconnected. Sleeping for 2 second(s).
[08-07-2006 00:02:19] >> Connecting to irc.freenode.net:6667
[08-07-2006 00:02:19] >> Connected to irc.freenode.net:6667, registering...
[08-07-2006 00:02:19] >> Warning: Invalid argument supplied for foreach() in /home/web/ezcommunity/ezcommunity/ezirc.ezcommunity.net/ezirc_v001_IQ-0.9.3/include/class.IQBot.php (line 304)
[08-07-2006 00:02:19] -sterling.freenode.net:ezlog- *** Banned: Tor access to freenode is via a hidden service (mejokbp2brhw4omd.onion). Please see URL freenode.net/irc_servers.shtml for more info. Thanks!
[08-07-2006 00:02:19] Diconnected. Sleeping for 2 second(s).
[08-07-2006 00:02:21] >> Connecting to irc.freenode.net:6667
[08-07-2006 00:02:21] >> Connected to irc.freenode.net:6667, registering...
[08-07-2006 00:02:22] >> Warning: Invalid argument supplied for foreach() in /home/web/ezcommunity/ezcommunity/ezirc.ezcommunity.net/ezirc_v001_IQ-0.9.3/include/class.IQBot.php (line 304)
[08-07-2006 00:02:22] -sterling.freenode.net:ezlog- *** Banned: Tor access to freenode is via a hidden service (mejokbp2brhw4omd.onion). Please see URL freenode.net/irc_servers.shtml for more info. Thanks!
[08-07-2006 00:02:22] Diconnected. Sleeping for 2 second(s).
[08-07-2006 00:02:24] >> Connecting to irc.freenode.net:6667
[08-07-2006 00:02:24] >> Connected to irc.freenode.net:6667, registering...
[08-07-2006 00:02:24] >> Warning: Invalid argument supplied for foreach() in /home/web/ezcommunity/ezcommunity/ezirc.ezcommunity.net/ezirc_v001_IQ-0.9.3/include/class.IQBot.php (line 304)
[08-07-2006 00:02:24] -calvino.freenode.net:ezlog- *** Banned: Tor access to freenode is via a hidden service (mejokbp2brhw4omd.onion). Please see URL freenode.net/irc_servers.shtml for more info. Thanks!
[08-07-2006 00:02:24] Diconnected. Sleeping for 2 second(s).
[08-07-2006 00:02:26] >> Connecting to irc.freenode.net:6667
[08-07-2006 00:02:26] >> Connected to irc.freenode.net:6667, registering...
[08-07-2006 00:02:27] >> Warning: Invalid argument supplied for foreach() in /home/web/ezcommunity/ezcommunity/ezirc.ezcommunity.net/ezirc_v001_IQ-0.9.3/include/class.IQBot.php (line 304)
[08-07-2006 00:02:27] -sterling.freenode.net:ezlog- *** Banned: Tor access to freenode is via a hidden service (mejokbp2brhw4omd.onion). Please see URL freenode.net/irc_servers.shtml for more info. Thanks!
[08-07-2006 00:02:27] Diconnected. Sleeping for 2 second(s).
[08-07-2006 00:02:29] >> Connecting to irc.freenode.net:6667
[08-07-2006 00:02:29] >> Connected to irc.freenode.net:6667, registering...
[08-07-2006 00:02:29] >> Warning: Invalid argument supplied for foreach() in /home/web/ezcommunity/ezcommunity/ezirc.ezcommunity.net/ezirc_v001_IQ-0.9.3/include/class.IQBot.php (line 304)
[08-07-2006 00:02:29] -sterling.freenode.net:ezlog- *** Banned: Tor access to freenode is via a hidden service (mejokbp2brhw4omd.onion). Please see URL freenode.net/irc_servers.shtml for more info. Thanks!
[08-07-2006 00:02:29] Diconnected. Sleeping for 2 second(s).
[08-07-2006 00:02:31] >> Connecting to irc.freenode.net:6667
[08-07-2006 00:02:31] >> Connected to irc.freenode.net:6667, registering...
[08-07-2006 00:02:32] >> Warning: Invalid argument supplied for foreach() in /home/web/ezcommunity/ezcommunity/ezirc.ezcommunity.net/ezirc_v001_IQ-0.9.3/include/class.IQBot.php (line 304)
[08-07-2006 00:02:32] -sterling.freenode.net:ezlog- *** Banned: Tor access to freenode is via a hidden service (mejokbp2brhw4omd.onion). Please see URL freenode.net/irc_servers.shtml for more info. Thanks!
[08-07-2006 00:02:32] Diconnected. Sleeping for 2 second(s).
[08-07-2006 00:02:34] >> Connecting to irc.freenode.net:6667
[08-07-2006 00:02:34] >> Connected to irc.freenode.net:6667, registering...
[08-07-2006 00:02:34] >> Warning: Invalid argument supplied for foreach() in /home/web/ezcommunity/ezcommunity/ezirc.ezcommunity.net/ezirc_v001_IQ-0.9.3/include/class.IQBot.php (line 304)
[08-07-2006 00:02:34] -sterling.freenode.net:ezlog- *** Banned: Tor access to freenode is via a hidden service (mejokbp2brhw4omd.onion). Please see URL freenode.net/irc_servers.shtml for more info. Thanks!
[08-07-2006 00:02:34] Diconnected. Sleeping for 2 second(s).
[08-07-2006 00:02:36] >> Connecting to irc.freenode.net:6667
[08-07-2006 00:02:36] >> Connected to irc.freenode.net:6667, registering...
[08-07-2006 00:02:37] >> Warning: Invalid argument supplied for foreach() in /home/web/ezcommunity/ezcommunity/ezirc.ezcommunity.net/ezirc_v001_IQ-0.9.3/include/class.IQBot.php (line 304)
[08-07-2006 00:02:37] -sterling.freenode.net:ezlog- *** Banned: Tor access to freenode is via a hidden service (mejokbp2brhw4omd.onion). Please see URL freenode.net/irc_servers.shtml for more info. Thanks!
[08-07-2006 00:02:37] Diconnected. Sleeping for 2 second(s).
[08-07-2006 00:02:39] >> Connecting to irc.freenode.net:6667
[08-07-2006 00:02:39] >> Connected to irc.freenode.net:6667, registering...
[08-07-2006 00:02:39] >> Warning: Invalid argument supplied for foreach() in /home/web/ezcommunity/ezcommunity/ezirc.ezcommunity.net/ezirc_v001_IQ-0.9.3/include/class.IQBot.php (line 304)
[08-07-2006 00:02:39] -sterling.freenode.net:ezlog- *** Banned: Tor access to freenode is via a hidden service (mejokbp2brhw4omd.onion). Please see URL freenode.net/irc_servers.shtml for more info. Thanks!
[08-07-2006 00:02:39] Diconnected. Sleeping for 2 second(s).
[08-07-2006 00:02:41] >> Connecting to irc.freenode.net:6667
[08-07-2006 00:02:41] >> Connected to irc.freenode.net:6667, registering...
[08-07-2006 00:02:41] >> Warning: Invalid argument supplied for foreach() in /home/web/ezcommunity/ezcommunity/ezirc.ezcommunity.net/ezirc_v001_IQ-0.9.3/include/class.IQBot.php (line 304)
[08-07-2006 00:02:41] -calvino.freenode.net:ezlog- *** Banned: Tor access to freenode is via a hidden service (mejokbp2brhw4omd.onion). Please see URL freenode.net/irc_servers.shtml for more info. Thanks!
[08-07-2006 00:02:41] Diconnected. Sleeping for 2 second(s).
[08-07-2006 00:02:43] >> Connecting to irc.freenode.net:6667
[08-07-2006 00:02:44] >> Connected to irc.freenode.net:6667, registering...
[08-07-2006 00:02:44] >> Warning: Invalid argument supplied for foreach() in /home/web/ezcommunity/ezcommunity/ezirc.ezcommunity.net/ezirc_v001_IQ-0.9.3/include/class.IQBot.php (line 304)
[08-07-2006 00:02:44] -sterling.freenode.net:ezlog- *** Banned: Tor access to freenode is via a hidden service (mejokbp2brhw4omd.onion). Please see URL freenode.net/irc_servers.shtml for more info. Thanks!
[08-07-2006 00:02:44] Diconnected. Sleeping for 2 second(s).
[08-07-2006 00:02:46] >> Connecting to irc.freenode.net:6667
[08-07-2006 00:02:46] >> Connected to irc.freenode.net:6667, registering...
[08-07-2006 00:02:46] >> Warning: Invalid argument supplied for foreach() in /home/web/ezcommunity/ezcommunity/ezirc.ezcommunity.net/ezirc_v001_IQ-0.9.3/include/class.IQBot.php (line 304)
[08-07-2006 00:02:46] -sterling.freenode.net:ezlog- *** Banned: Tor access to freenode is via a hidden service (mejokbp2brhw4omd.onion). Please see URL freenode.net/irc_servers.shtml for more info. Thanks!
[08-07-2006 00:02:46] Diconnected. Sleeping for 2 second(s).
[08-07-2006 00:02:48] >> Connecting to irc.freenode.net:6667
[08-07-2006 00:02:49] >> Connected to irc.freenode.net:6667, registering...
[08-07-2006 00:02:49] >> Warning: Invalid argument supplied for foreach() in /home/web/ezcommunity/ezcommunity/ezirc.ezcommunity.net/ezirc_v001_IQ-0.9.3/include/class.IQBot.php (line 304)
[08-07-2006 00:02:49] -sterling.freenode.net:ezlog- *** Banned: Tor access to freenode is via a hidden service (mejokbp2brhw4omd.onion). Please see URL freenode.net/irc_servers.shtml for more info. Thanks!
[08-07-2006 00:02:49] Diconnected. Sleeping for 2 second(s).
[08-07-2006 00:02:51] >> Connecting to irc.freenode.net:6667
[08-07-2006 00:02:51] >> Connected to irc.freenode.net:6667, registering...
[08-07-2006 00:02:51] >> Warning: Invalid argument supplied for foreach() in /home/web/ezcommunity/ezcommunity/ezirc.ezcommunity.net/ezirc_v001_IQ-0.9.3/include/class.IQBot.php (line 304)
[08-07-2006 00:02:51] -sterling.freenode.net:ezlog- *** Banned: Tor access to freenode is via a hidden service (mejokbp2brhw4omd.onion). Please see URL freenode.net/irc_servers.shtml for more info. Thanks!
[08-07-2006 00:02:51] Diconnected. Sleeping for 2 second(s).
[08-07-2006 00:02:53] >> Connecting to irc.freenode.net:6667
[08-07-2006 00:02:54] >> Connected to irc.freenode.net:6667, registering...
[08-07-2006 00:02:54] >> Warning: Invalid argument supplied for foreach() in /home/web/ezcommunity/ezcommunity/ezirc.ezcommunity.net/ezirc_v001_IQ-0.9.3/include/class.IQBot.php (line 304)
[08-07-2006 00:02:54] -sterling.freenode.net:ezlog- *** Banned: Tor access to freenode is via a hidden service (mejokbp2brhw4omd.onion). Please see URL freenode.net/irc_servers.shtml for more info. Thanks!
[08-07-2006 00:02:54] Diconnected. Sleeping for 2 second(s).
[08-07-2006 00:02:56] >> Connecting to irc.freenode.net:6667
[08-07-2006 00:02:56] >> Connected to irc.freenode.net:6667, registering...
[08-07-2006 00:02:56] >> Warning: Invalid argument supplied for foreach() in /home/web/ezcommunity/ezcommunity/ezirc.ezcommunity.net/ezirc_v001_IQ-0.9.3/include/class.IQBot.php (line 304)
[08-07-2006 00:02:56] -sterling.freenode.net:ezlog- *** Banned: Tor access to freenode is via a hidden service (mejokbp2brhw4omd.onion). Please see URL freenode.net/irc_servers.shtml for more info. Thanks!
[08-07-2006 00:02:56] Diconnected. Sleeping for 2 second(s).
[08-07-2006 00:02:58] >> Connecting to irc.freenode.net:6667
[08-07-2006 00:02:59] >> Connected to irc.freenode.net:6667, registering...
[08-07-2006 00:02:59] >> Warning: Invalid argument supplied for foreach() in /home/web/ezcommunity/ezcommunity/ezirc.ezcommunity.net/ezirc_v001_IQ-0.9.3/include/class.IQBot.php (line 304)
[08-07-2006 00:02:59] -calvino.freenode.net:ezlog- *** Banned: Tor access to freenode is via a hidden service (mejokbp2brhw4omd.onion). Please see URL freenode.net/irc_servers.shtml for more info. Thanks!
[08-07-2006 00:02:59] Diconnected. Sleeping for 2 second(s).
[08-07-2006 00:03:01] >> Connecting to irc.freenode.net:6667
[08-07-2006 00:03:01] >> Connected to irc.freenode.net:6667, registering...
[08-07-2006 00:03:02] >> Warning: Invalid argument supplied for foreach() in /home/web/ezcommunity/ezcommunity/ezirc.ezcommunity.net/ezirc_v001_IQ-0.9.3/include/class.IQBot.php (line 304)
[08-07-2006 00:03:02] -sterling.freenode.net:ezlog- *** Banned: Tor access to freenode is via a hidden service (mejokbp2brhw4omd.onion). Please see URL freenode.net/irc_servers.shtml for more info. Thanks!
[08-07-2006 00:03:02] Diconnected. Sleeping for 2 second(s).
[08-07-2006 00:03:04] >> Connecting to irc.freenode.net:6667
[08-07-2006 00:03:04] >> Connected to irc.freenode.net:6667, registering...
[08-07-2006 00:03:04] >> Warning: Invalid argument supplied for foreach() in /home/web/ezcommunity/ezcommunity/ezirc.ezcommunity.net/ezirc_v001_IQ-0.9.3/include/class.IQBot.php (line 304)
[08-07-2006 00:03:04] -sterling.freenode.net:ezlog- *** Banned: Tor access to freenode is via a hidden service (mejokbp2brhw4omd.onion). Please see URL freenode.net/irc_servers.shtml for more info. Thanks!
[08-07-2006 00:03:04] Diconnected. Sleeping for 2 second(s).
[08-07-2006 00:03:06] >> Connecting to irc.freenode.net:6667
[08-07-2006 00:03:06] >> Connected to irc.freenode.net:6667, registering...
[08-07-2006 00:03:06] >> Warning: Invalid argument supplied for foreach() in /home/web/ezcommunity/ezcommunity/ezirc.ezcommunity.net/ezirc_v001_IQ-0.9.3/include/class.IQBot.php (line 304)
[08-07-2006 00:03:06] -calvino.freenode.net:ezlog- *** Banned: Tor access to freenode is via a hidden service (mejokbp2brhw4omd.onion). Please see URL freenode.net/irc_servers.shtml for more info. Thanks!
[08-07-2006 00:03:06] Diconnected. Sleeping for 2 second(s).
[08-07-2006 00:03:08] >> Connecting to irc.freenode.net:6667
[08-07-2006 00:03:09] >> Connected to irc.freenode.net:6667, registering...
[08-07-2006 00:03:09] >> Warning: Invalid argument supplied for foreach() in /home/web/ezcommunity/ezcommunity/ezirc.ezcommunity.net/ezirc_v001_IQ-0.9.3/include/class.IQBot.php (line 304)
[08-07-2006 00:03:09] -sterling.freenode.net:ezlog- *** Banned: Tor access to freenode is via a hidden service (mejokbp2brhw4omd.onion). Please see URL freenode.net/irc_servers.shtml for more info. Thanks!
[08-07-2006 00:03:09] Diconnected. Sleeping for 2 second(s).
[08-07-2006 00:03:11] >> Connecting to irc.freenode.net:6667
[08-07-2006 00:03:11] >> Connected to irc.freenode.net:6667, registering...
[08-07-2006 00:03:11] >> Warning: Invalid argument supplied for foreach() in /home/web/ezcommunity/ezcommunity/ezirc.ezcommunity.net/ezirc_v001_IQ-0.9.3/include/class.IQBot.php (line 304)
[08-07-2006 00:03:11] -sterling.freenode.net:ezlog- *** Banned: Tor access to freenode is via a hidden service (mejokbp2brhw4omd.onion). Please see URL freenode.net/irc_servers.shtml for more info. Thanks!
[08-07-2006 00:03:11] Diconnected. Sleeping for 2 second(s).
[08-07-2006 00:03:13] >> Connecting to irc.freenode.net:6667
[08-07-2006 00:03:14] >> Connected to irc.freenode.net:6667, registering...
[08-07-2006 00:03:14] >> Warning: Invalid argument supplied for foreach() in /home/web/ezcommunity/ezcommunity/ezirc.ezcommunity.net/ezirc_v001_IQ-0.9.3/include/class.IQBot.php (line 304)
[08-07-2006 00:03:14] -sterling.freenode.net:ezlog- *** Banned: Tor access to freenode is via a hidden service (mejokbp2brhw4omd.onion). Please see URL freenode.net/irc_servers.shtml for more info. Thanks!
[08-07-2006 00:03:14] Diconnected. Sleeping for 2 second(s).
[08-07-2006 00:03:16] >> Connecting to irc.freenode.net:6667
[08-07-2006 00:03:16] >> Connected to irc.freenode.net:6667, registering...
[08-07-2006 00:03:16] >> Warning: Invalid argument supplied for foreach() in /home/web/ezcommunity/ezcommunity/ezirc.ezcommunity.net/ezirc_v001_IQ-0.9.3/include/class.IQBot.php (line 304)
[08-07-2006 00:03:16] -sterling.freenode.net:ezlog- *** Banned: Tor access to freenode is via a hidden service (mejokbp2brhw4omd.onion). Please see URL freenode.net/irc_servers.shtml for more info. Thanks!
[08-07-2006 00:03:16] Diconnected. Sleeping for 2 second(s).
[08-07-2006 00:03:18] >> Connecting to irc.freenode.net:6667
[08-07-2006 00:03:19] >> Connected to irc.freenode.net:6667, registering...
[08-07-2006 00:03:19] >> Warning: Invalid argument supplied for foreach() in /home/web/ezcommunity/ezcommunity/ezirc.ezcommunity.net/ezirc_v001_IQ-0.9.3/include/class.IQBot.php (line 304)
[08-07-2006 00:03:19] -sterling.freenode.net:ezlog- *** Banned: Tor access to freenode is via a hidden service (mejokbp2brhw4omd.onion). Please see URL freenode.net/irc_servers.shtml for more info. Thanks!
[08-07-2006 00:03:19] Diconnected. Sleeping for 2 second(s).
[08-07-2006 00:03:21] >> Connecting to irc.freenode.net:6667
[08-07-2006 00:03:21] >> Connected to irc.freenode.net:6667, registering...
[08-07-2006 00:03:21] >> Warning: Invalid argument supplied for foreach() in /home/web/ezcommunity/ezcommunity/ezirc.ezcommunity.net/ezirc_v001_IQ-0.9.3/include/class.IQBot.php (line 304)
[08-07-2006 00:03:21] -sterling.freenode.net:ezlog- *** Banned: Tor access to freenode is via a hidden service (mejokbp2brhw4omd.onion). Please see URL freenode.net/irc_servers.shtml for more info. Thanks!
[08-07-2006 00:03:21] Diconnected. Sleeping for 2 second(s).
[08-07-2006 00:03:23] >> Connecting to irc.freenode.net:6667
[08-07-2006 00:03:24] >> Connected to irc.freenode.net:6667, registering...
[08-07-2006 00:03:24] >> Warning: Invalid argument supplied for foreach() in /home/web/ezcommunity/ezcommunity/ezirc.ezcommunity.net/ezirc_v001_IQ-0.9.3/include/class.IQBot.php (line 304)
[08-07-2006 00:03:24] -calvino.freenode.net:ezlog- *** Banned: Tor access to freenode is via a hidden service (mejokbp2brhw4omd.onion). Please see URL freenode.net/irc_servers.shtml for more info. Thanks!
[08-07-2006 00:03:24] Diconnected. Sleeping for 2 second(s).
[08-07-2006 00:03:26] >> Connecting to irc.freenode.net:6667
[08-07-2006 00:03:26] >> Connected to irc.freenode.net:6667, registering...
[08-07-2006 00:03:26] >> Warning: Invalid argument supplied for foreach() in /home/web/ezcommunity/ezcommunity/ezirc.ezcommunity.net/ezirc_v001_IQ-0.9.3/include/class.IQBot.php (line 304)
[08-07-2006 00:03:26] -sterling.freenode.net:ezlog- *** Banned: Tor access to freenode is via a hidden service (mejokbp2brhw4omd.onion). Please see URL freenode.net/irc_servers.shtml for more info. Thanks!
[08-07-2006 00:03:26] Diconnected. Sleeping for 2 second(s).
[08-07-2006 00:03:28] >> Connecting to irc.freenode.net:6667
[08-07-2006 00:03:29] >> Connected to irc.freenode.net:6667, registering...
[08-07-2006 00:03:29] >> Warning: Invalid argument supplied for foreach() in /home/web/ezcommunity/ezcommunity/ezirc.ezcommunity.net/ezirc_v001_IQ-0.9.3/include/class.IQBot.php (line 304)
[08-07-2006 00:03:29] -sterling.freenode.net:ezlog- *** Banned: Tor access to freenode is via a hidden service (mejokbp2brhw4omd.onion). Please see URL freenode.net/irc_servers.shtml for more info. Thanks!
[08-07-2006 00:03:29] Diconnected. Sleeping for 2 second(s).
[08-07-2006 00:03:31] >> Connecting to irc.freenode.net:6667
[08-07-2006 00:03:31] >> Connected to irc.freenode.net:6667, registering...
[08-07-2006 00:03:31] >> Warning: Invalid argument supplied for foreach() in /home/web/ezcommunity/ezcommunity/ezirc.ezcommunity.net/ezirc_v001_IQ-0.9.3/include/class.IQBot.php (line 304)
[08-07-2006 00:03:31] -sterling.freenode.net:ezlog- *** Banned: Tor access to freenode is via a hidden service (mejokbp2brhw4omd.onion). Please see URL freenode.net/irc_servers.shtml for more info. Thanks!
[08-07-2006 00:03:31] Diconnected. Sleeping for 2 second(s).
[08-07-2006 00:03:33] >> Connecting to irc.freenode.net:6667
[08-07-2006 00:03:34] >> Connected to irc.freenode.net:6667, registering...
[08-07-2006 00:03:34] >> Warning: Invalid argument supplied for foreach() in /home/web/ezcommunity/ezcommunity/ezirc.ezcommunity.net/ezirc_v001_IQ-0.9.3/include/class.IQBot.php (line 304)
[08-07-2006 00:03:34] -sterling.freenode.net:ezlog- *** Banned: Tor access to freenode is via a hidden service (mejokbp2brhw4omd.onion). Please see URL freenode.net/irc_servers.shtml for more info. Thanks!
[08-07-2006 00:03:34] Diconnected. Sleeping for 2 second(s).
[08-07-2006 00:03:36] >> Connecting to irc.freenode.net:6667
[08-07-2006 00:03:36] >> Connected to irc.freenode.net:6667, registering...
[08-07-2006 00:03:36] >> Warning: Invalid argument supplied for foreach() in /home/web/ezcommunity/ezcommunity/ezirc.ezcommunity.net/ezirc_v001_IQ-0.9.3/include/class.IQBot.php (line 304)
[08-07-2006 00:03:36] -sterling.freenode.net:ezlog- *** Banned: Tor access to freenode is via a hidden service (mejokbp2brhw4omd.onion). Please see URL freenode.net/irc_servers.shtml for more info. Thanks!
[08-07-2006 00:03:36] Diconnected. Sleeping for 2 second(s).
[08-07-2006 00:03:38] >> Connecting to irc.freenode.net:6667
[08-07-2006 00:03:38] >> Connected to irc.freenode.net:6667, registering...
[08-07-2006 00:03:39] >> Warning: Invalid argument supplied for foreach() in /home/web/ezcommunity/ezcommunity/ezirc.ezcommunity.net/ezirc_v001_IQ-0.9.3/include/class.IQBot.php (line 304)
[08-07-2006 00:03:39] -sterling.freenode.net:ezlog- *** Banned: Tor access to freenode is via a hidden service (mejokbp2brhw4omd.onion). Please see URL freenode.net/irc_servers.shtml for more info. Thanks!
[08-07-2006 00:03:39] Diconnected. Sleeping for 2 second(s).
[08-07-2006 00:03:41] >> Connecting to irc.freenode.net:6667
[08-07-2006 00:03:41] >> Connected to irc.freenode.net:6667, registering...
[08-07-2006 00:03:41] >> Warning: Invalid argument supplied for foreach() in /home/web/ezcommunity/ezcommunity/ezirc.ezcommunity.net/ezirc_v001_IQ-0.9.3/include/class.IQBot.php (line 304)
[08-07-2006 00:03:41] -calvino.freenode.net:ezlog- *** Banned: Tor access to freenode is via a hidden service (mejokbp2brhw4omd.onion). Please see URL freenode.net/irc_servers.shtml for more info. Thanks!
[08-07-2006 00:03:41] Diconnected. Sleeping for 2 second(s).
[08-07-2006 00:03:43] >> Connecting to irc.freenode.net:6667
[08-07-2006 00:03:43] >> Connected to irc.freenode.net:6667, registering...
[08-07-2006 00:03:44] >> Warning: Invalid argument supplied for foreach() in /home/web/ezcommunity/ezcommunity/ezirc.ezcommunity.net/ezirc_v001_IQ-0.9.3/include/class.IQBot.php (line 304)
[08-07-2006 00:03:44] -sterling.freenode.net:ezlog- *** Banned: Tor access to freenode is via a hidden service (mejokbp2brhw4omd.onion). Please see URL freenode.net/irc_servers.shtml for more info. Thanks!
[08-07-2006 00:03:44] Diconnected. Sleeping for 2 second(s).
[08-07-2006 00:03:46] >> Connecting to irc.freenode.net:6667
[08-07-2006 00:03:46] >> Connected to irc.freenode.net:6667, registering...
[08-07-2006 00:03:46] >> Warning: Invalid argument supplied for foreach() in /home/web/ezcommunity/ezcommunity/ezirc.ezcommunity.net/ezirc_v001_IQ-0.9.3/include/class.IQBot.php (line 304)
[08-07-2006 00:03:46] -sterling.freenode.net:ezlog- *** Banned: Tor access to freenode is via a hidden service (mejokbp2brhw4omd.onion). Please see URL freenode.net/irc_servers.shtml for more info. Thanks!
[08-07-2006 00:03:46] Diconnected. Sleeping for 2 second(s).
[08-07-2006 00:03:48] >> Connecting to irc.freenode.net:6667
[08-07-2006 00:03:48] >> Connected to irc.freenode.net:6667, registering...
[08-07-2006 00:03:49] >> Warning: Invalid argument supplied for foreach() in /home/web/ezcommunity/ezcommunity/ezirc.ezcommunity.net/ezirc_v001_IQ-0.9.3/include/class.IQBot.php (line 304)
[08-07-2006 00:03:49] -sterling.freenode.net:ezlog- *** Banned: Tor access to freenode is via a hidden service (mejokbp2brhw4omd.onion). Please see URL freenode.net/irc_servers.shtml for more info. Thanks!
[08-07-2006 00:03:49] Diconnected. Sleeping for 2 second(s).
[08-07-2006 00:03:51] >> Connecting to irc.freenode.net:6667
[08-07-2006 00:03:51] >> Connected to irc.freenode.net:6667, registering...
[08-07-2006 00:03:51] >> Warning: Invalid argument supplied for foreach() in /home/web/ezcommunity/ezcommunity/ezirc.ezcommunity.net/ezirc_v001_IQ-0.9.3/include/class.IQBot.php (line 304)
[08-07-2006 00:03:51] -sterling.freenode.net:ezlog- *** Banned: Tor access to freenode is via a hidden service (mejokbp2brhw4omd.onion). Please see URL freenode.net/irc_servers.shtml for more info. Thanks!
[08-07-2006 00:03:51] Diconnected. Sleeping for 2 second(s).
[08-07-2006 00:03:53] >> Connecting to irc.freenode.net:6667
[08-07-2006 00:03:53] >> Connected to irc.freenode.net:6667, registering...
[08-07-2006 00:03:54] >> Warning: Invalid argument supplied for foreach() in /home/web/ezcommunity/ezcommunity/ezirc.ezcommunity.net/ezirc_v001_IQ-0.9.3/include/class.IQBot.php (line 304)
[08-07-2006 00:03:54] -sterling.freenode.net:ezlog- *** Banned: Tor access to freenode is via a hidden service (mejokbp2brhw4omd.onion). Please see URL freenode.net/irc_servers.shtml for more info. Thanks!
[08-07-2006 00:03:54] Diconnected. Sleeping for 2 second(s).
[08-07-2006 00:03:56] >> Connecting to irc.freenode.net:6667
[08-07-2006 00:03:56] >> Connected to irc.freenode.net:6667, registering...
[08-07-2006 00:03:56] >> Warning: Invalid argument supplied for foreach() in /home/web/ezcommunity/ezcommunity/ezirc.ezcommunity.net/ezirc_v001_IQ-0.9.3/include/class.IQBot.php (line 304)
[08-07-2006 00:03:56] -sterling.freenode.net:ezlog- *** Banned: Tor access to freenode is via a hidden service (mejokbp2brhw4omd.onion). Please see URL freenode.net/irc_servers.shtml for more info. Thanks!
[08-07-2006 00:03:56] Diconnected. Sleeping for 2 second(s).
[08-07-2006 00:03:58] >> Connecting to irc.freenode.net:6667
[08-07-2006 00:03:58] >> Connected to irc.freenode.net:6667, registering...
[08-07-2006 00:03:59] >> Warning: Invalid argument supplied for foreach() in /home/web/ezcommunity/ezcommunity/ezirc.ezcommunity.net/ezirc_v001_IQ-0.9.3/include/class.IQBot.php (line 304)
[08-07-2006 00:03:59] -calvino.freenode.net:ezlog- *** Banned: Tor access to freenode is via a hidden service (mejokbp2brhw4omd.onion). Please see URL freenode.net/irc_servers.shtml for more info. Thanks!
[08-07-2006 00:03:59] Diconnected. Sleeping for 2 second(s).
[08-07-2006 00:04:01] >> Connecting to irc.freenode.net:6667
