[05-13-2005 00:00:03] -!- buz [~buz@80-218-107-8.dclient.hispeed.ch] has joined #ezpublish
[05-13-2005 00:22:22] -!- buz [~buz@80-218-107-8.dclient.hispeed.ch] has quit ["Konversation terminated!"]
[05-13-2005 01:26:33] -!- ordna1 [~ordnas@p549DE7BB.dip.t-dialin.net] has joined #ezpublish
[05-13-2005 01:43:19] -!- Katana` [~katana@217.31.64.170] has joined #ezpublish
[05-13-2005 01:56:04] -!- jota [~jota@fanzine.igalia.com] has joined #ezpublish
[05-13-2005 02:08:14] -!- jota [~jota@fanzine.igalia.com] has quit ["Abandonando"]
[05-13-2005 02:10:44] -!- fh [~fh@stalker.ez.no] has joined #ezpublish
[05-13-2005 02:49:26] -!- SEAwolfx [~mike@d676dc8b11ec4a93.node.tor] has quit ["leaving"]
[05-13-2005 02:49:37] -!- SEAwolfx [~mike@2082cd0d6e533d18.node.tor] has joined #ezpublish
[05-13-2005 02:55:40] -!- SEAwolfx [~mike@2082cd0d6e533d18.node.tor] has quit ["Changing server"]
[05-13-2005 03:06:03] -!- ordna1 [~ordnas@p549DE7BB.dip.t-dialin.net] has quit [Read error: 110 (Connection timed out)]
[05-13-2005 03:40:48] -!- SEAwolfx [debian-tor@7eea7e9ef2e6faad.node.tor] has joined #ezpublish
[05-13-2005 03:51:48] -!- kracker [~kracker@216.218.247.230] has quit ["My damn controlling terminal disappeared!"]
[05-13-2005 04:13:46] -!- mode/#ezpublish [+o fh] by ChanServ
[05-13-2005 04:13:51] [#ezpublish] <Bedlore> exit
[05-13-2005 04:13:55] [#ezpublish] <Bedlore> oops
[05-13-2005 04:14:01] -!- Bedlore [~me@dsl-203-113-239-27.SA.netspace.net.au] has quit []
[05-13-2005 04:59:11] [#ezpublish] <SEAwolfx> re
[05-13-2005 05:17:55] -!- ordna1 [~ordnas@p549DE7BB.dip.t-dialin.net] has joined #ezpublish
[05-13-2005 06:44:11] -!- ordna1 [~ordnas@p549DE7BB.dip.t-dialin.net] has quit [Read error: 110 (Connection timed out)]
[05-13-2005 06:48:57] -lilo:$*- [Global Notice] Hi all. We're experiencing the user summer spammer infestation. If you get klined by mistake, please email staff at freenode dot net. Apologies in advance for any problems, and thank you for using freenode!
[05-13-2005 07:03:13] -!- ordna1 [~ordnas@p549DE7BB.dip.t-dialin.net] has joined #ezpublish
[05-13-2005 08:59:39] -!- SEAwolfx [debian-tor@7eea7e9ef2e6faad.node.tor] has quit [Remote closed the connection]
[05-13-2005 09:00:04] -!- danmiru [~chatzilla@80.94.225.138] has joined #ezpublish
[05-13-2005 09:18:12] -!- SEAwolfx [~mike@637f4e275a6a18a9.node.tor] has joined #ezpublish
[05-13-2005 09:25:42] -!- fh [~fh@stalker.ez.no] has quit ["using sirc version 2.211+KSIRC/1.3.11"]
[05-13-2005 09:43:53] -!- ordna1 [~ordnas@p549DE7BB.dip.t-dialin.net] has quit [Read error: 110 (Connection timed out)]
[05-13-2005 10:02:37] -!- SEAwolfx [~mike@637f4e275a6a18a9.node.tor] has quit [Remote closed the connection]
[05-13-2005 10:02:45] -!- SEAwolfx [~mike@47c80c2c2675a3e0.node.tor] has joined #ezpublish
[05-13-2005 10:06:27] -!- kracker [~kracker@216.218.247.230] has joined #ezpublish
[05-13-2005 10:07:44] -!- buz [~buz@80-218-107-8.dclient.hispeed.ch] has joined #ezpublish
[05-13-2005 10:11:57] [#ezpublish] <kracker> locate BitchX.quit
[05-13-2005 10:19:38] -!- danmiru [~chatzilla@80.94.225.138] has quit ["Chatzilla 0.9.68a [Firefox 1.0.4/20050511]"]
[05-13-2005 10:20:33] -!- kracker [~kracker@216.218.247.230] has quit ["kracker has no reason"]
[05-13-2005 10:20:42] -!- kracker [~kracker@216.218.247.230] has joined #ezpublish
[05-13-2005 10:24:08] [#ezpublish] <kracker> i wonder what luke thought?
[05-13-2005 10:24:22] [#ezpublish] <kracker> i sure hope i didn't go to far ...
[05-13-2005 10:39:00] [#ezpublish] <kracker> lets find out
[05-13-2005 10:41:03] -!- ordnas [~ordnas@p549DFD81.dip.t-dialin.net] has joined #ezpublish
[05-13-2005 10:41:32] -!- ordnas [~ordnas@p549DFD81.dip.t-dialin.net] has left #ezpublish []
[05-13-2005 10:50:43] [#ezpublish] <xbit> what did you find out?
[05-13-2005 10:50:54] [#ezpublish] <xbit> he's really pissed at you now, right?
[05-13-2005 10:54:15] [#ezpublish] <kracker> well i don't know
[05-13-2005 10:54:30] [#ezpublish] <kracker> he sure hasn't replied since then
[05-13-2005 10:54:37] [#ezpublish] <kracker> course it's till early
[05-13-2005 10:54:44] [#ezpublish] <kracker> i can't expect too much
[05-13-2005 10:55:10] [#ezpublish] <xbit> sure
[05-13-2005 10:55:13] [#ezpublish] <xbit> what's the thread?
[05-13-2005 10:55:32] [#ezpublish] <kracker> i wrote it so he still might be left trying to fiigure out what the hell i was talking about before throwing it on the bottom of the stack (the inbox syndrome)
[05-13-2005 10:55:55] [#ezpublish] <kracker> no thread (that i know of)
[05-13-2005 10:56:16] [#ezpublish] <kracker> hang on a sec i'll go post my slander offsite
[05-13-2005 10:56:23] [#ezpublish] <xbit> okay
[05-13-2005 10:56:52] [#ezpublish] <kracker> <smirk> or is it heracy?</smirk>
[05-13-2005 10:57:48] [#ezpublish] <xbit> it's all the same to me
[05-13-2005 10:57:56] [#ezpublish] <kracker> ha!
[05-13-2005 10:58:00] [#ezpublish] <kracker> almost done
[05-13-2005 10:59:12] -!- Katana` [~katana@217.31.64.170] has quit [Read error: 148 (No route to host)]
[05-13-2005 11:01:42] [#ezpublish] <kracker> ok
[05-13-2005 11:03:46] -!- Larson [~larson@238.80-202-59.nextgentel.com] has quit [Read error: 110 (Connection timed out)]
[05-13-2005 11:11:45] -!- Larson [~larson@238.80-202-59.nextgentel.com] has joined #ezpublish
[05-13-2005 11:28:15] [#ezpublish] <kracker> so xbit
[05-13-2005 11:28:20] [#ezpublish] <kracker> what say ye?
[05-13-2005 11:29:16] [#ezpublish] <xbit> oh
[05-13-2005 11:29:20] [#ezpublish] <xbit> haven't read yet
[05-13-2005 11:29:26] [#ezpublish] <xbit> suddenly it was dinner here :)
[05-13-2005 11:38:09] [#ezpublish] <kracker> sounds like a good idea
[05-13-2005 11:38:27] [#ezpublish] * kracker runs off to scavenge for crackers and cheeze
[05-13-2005 12:49:48] [#ezpublish] <kracker> hmmm, green(cheeze), eggs, and ham(burger)
[05-13-2005 12:50:08] [#ezpublish] <kracker> mmmm, you can really taste the mad cow :P
[05-13-2005 13:11:23] -!- Katana` [~katana@ankh-morpork.net] has joined #ezpublish
[05-13-2005 13:13:11] >> IQ standard module loaded
[05-13-2005 13:13:11] -- Configuration loaded.
[05-13-2005 13:13:11] >> Connecting to irc.kde.org:6667
[05-13-2005 13:13:11] >> Connected to irc.kde.org:6667, registering...
[05-13-2005 13:13:14] >> Successfully registered. Nick is: ezlog
[05-13-2005 13:13:14] >> Attempting to join channels: #ezpublish
[05-13-2005 13:13:14] -!- There are 11400 victims and 12181 hiding on 26 servers
[05-13-2005 13:13:14] -!- 34 flagged staff members
[05-13-2005 13:13:14] -!- 8546 channels formed
[05-13-2005 13:13:14] -!- I have 4420 clients and 0 servers
[05-13-2005 13:13:14] -!- Current local  users: 4420  Max: 4625
[05-13-2005 13:13:14] -!- Current global users: 23581  Max: 24741
[05-13-2005 13:13:14] -!- Highest connection count: 4626 (4625 clients) (497653 since server was (re)started)
[05-13-2005 13:13:14] -!- ezlog [[U2FsdGVkX@029.116-30-64.ftth.swbr.surewest.net] has joined #ezpublish
[05-13-2005 13:13:14] -!- Topic for #ezpublish: http://ez.no | trunk status: deep freeze | http://ez.no/community/news/ez_publish_3_6_rc1
[05-13-2005 13:13:14] -!- Topic set by Bedlore [@] [Thu, 12 May 2005 20:05:32 -0700]
[05-13-2005 13:13:15] (unmatched::raw477) :orwell.freenode.net 477 ezlog #ezpublish :[freenode-info] help freenode weed out clonebots, please register your IRC nick and auto-identify: http://freenode.net/faq.shtml#nicksetup
[05-13-2005 13:13:44] [#ezpublish] <kracker> clear
[05-13-2005 13:14:54] >> IQ standard module loaded
[05-13-2005 13:14:54] -- Configuration loaded.
[05-13-2005 13:14:54] >> Connecting to irc.kde.org:6667
[05-13-2005 13:14:54] >> Connected to irc.kde.org:6667, registering...
[05-13-2005 13:14:55] >> Successfully registered. Nick is: ezlog
[05-13-2005 13:14:55] >> Attempting to join channels: #ezpublish
[05-13-2005 13:14:55] -!- There are 11395 victims and 12187 hiding on 26 servers
[05-13-2005 13:14:55] -!- 34 flagged staff members
[05-13-2005 13:14:55] -!- 8544 channels formed
[05-13-2005 13:14:55] -!- I have 4424 clients and 0 servers
[05-13-2005 13:14:55] -!- Current local  users: 4424  Max: 4625
[05-13-2005 13:14:55] -!- Current global users: 23582  Max: 24741
[05-13-2005 13:14:55] -!- Highest connection count: 4626 (4625 clients) (497672 since server was (re)started)
[05-13-2005 13:14:55] -!- ezlog [[U2FsdGVkX@029.116-30-64.ftth.swbr.surewest.net] has joined #ezpublish
[05-13-2005 13:14:55] -!- Topic for #ezpublish: http://ez.no | trunk status: deep freeze | http://ez.no/community/news/ez_publish_3_6_rc1
[05-13-2005 13:14:55] -!- Topic set by Bedlore [@] [Thu, 12 May 2005 20:05:32 -0700]
[05-13-2005 13:15:05] [#ezpublish] <kracker> sweet
[05-13-2005 13:15:29] [#ezpublish] <kracker> ok so the ezlog now displays the download location of the logs in a \/who command
[05-13-2005 13:15:39] [#ezpublish] <kracker> erum /who
[05-13-2005 13:16:03] [#ezpublish] <kracker> going back to the silence of the sounds ...
[05-13-2005 13:16:21] [#ezpublish] * kracker says to the mirror ...
[05-13-2005 13:24:35] -!- ordna1 [~ordnas@p549DFD81.dip.t-dialin.net] has joined #ezpublish
[05-13-2005 13:25:31] [#ezpublish] <kracker> here, everything is perfect ... 'sole : crisis'
[05-13-2005 13:44:32] [#ezpublish] <xbit> very good rant kracker
[05-13-2005 13:45:15] [#ezpublish] <xbit> the forums definitely has potential for a lot improvements
[05-13-2005 13:46:08] [#ezpublish] <xbit> :)
[05-13-2005 14:12:56] -!- ordna1 [~ordnas@p549DFD81.dip.t-dialin.net] has left #ezpublish []
[05-13-2005 15:30:17] -!- Katana` [~katana@ankh-morpork.net] has quit [Read error: 148 (No route to host)]
[05-13-2005 15:51:53] -!- luke__ [~Luke@ntwklan-62-233-244-90.devs.futuro.pl] has joined #ezpublish
[05-13-2005 15:52:30] [#ezpublish] <luke__> kracker:
[05-13-2005 15:56:07] [#ezpublish] <kracker> hi luke
[05-13-2005 15:56:11] [#ezpublish] <kracker> sorry for my delay
[05-13-2005 15:56:20] [#ezpublish] <kracker> customers ... go figure :)
[05-13-2005 15:56:26] [#ezpublish] <kracker> i was on a death call
[05-13-2005 15:56:32] [#ezpublish] <kracker> who's it goin?
[05-13-2005 15:56:48] [#ezpublish] <kracker> you get my mail i hope ::)
[05-13-2005 15:57:17] [#ezpublish] <luke__> yes I got it ;)
[05-13-2005 15:57:33] [#ezpublish] <luke__> and thanks a lot for your good eye ;)
[05-13-2005 15:58:31] [#ezpublish] <kracker> i'm so glad you think so
[05-13-2005 15:58:36] [#ezpublish] <kracker> i was a little unsure
[05-13-2005 15:59:03] [#ezpublish] <kracker> i have some more, i'll write them up over the weekend (i didn't want to go overboard till i knew for sure)
[05-13-2005 16:00:25] [#ezpublish] <luke__> yes you have definitly right, I will fix it as soon as I will get more time
[05-13-2005 16:12:22] [#ezpublish] <kracker> thank you so much for your warm reception, luke
[05-13-2005 16:12:39] [#ezpublish] <kracker> so about the last part of my request, do you think i'm out of line ?
[05-13-2005 16:19:30] [#ezpublish] <luke__> everything is possible ;)
[05-13-2005 16:31:41] [#ezpublish] <kracker> lol
[05-13-2005 16:32:25] [#ezpublish] <kracker> alright, alright ... back to the grind
[05-13-2005 16:32:36] [#ezpublish] <kracker> gotta pimp harder ... i guess
[05-13-2005 16:36:43] -!- kracker [~kracker@216.218.247.230] has quit ["BrB Yo ..."]
[05-13-2005 16:37:50] -!- kracker [~kracker@216.218.247.230] has joined #ezpublish
[05-13-2005 16:37:58] [#ezpublish] <kracker> oh yeah
[05-13-2005 16:39:39] [#ezpublish] <kracker> testing ...
[05-13-2005 16:39:43] [#ezpublish] <kracker> sweet
[05-13-2005 16:39:59] [#ezpublish] <kracker> ... how sweet is it ?
[05-13-2005 16:40:05] [#ezpublish] <kracker> go bitchx
[05-13-2005 16:57:44] [#ezpublish] <kracker> that's going to me my new favorite montra to rant ...
[05-13-2005 16:58:16] [#ezpublish] <kracker> eZ publish : everything is possible ;)
[05-13-2005 17:12:53] -!- luke__ [~Luke@ntwklan-62-233-244-90.devs.futuro.pl] has quit ["Chatzilla 0.9.68a [Firefox 1.0.4/20050511]"]
[05-13-2005 17:47:16] -!- Katana` [~katana@ankh-morpork.net] has joined #ezpublish
[05-13-2005 18:06:46] -!- buz [~buz@80-218-107-8.dclient.hispeed.ch] has quit ["Konversation terminated!"]
[05-13-2005 19:05:05] [#ezpublish] <kracker> whew
[05-13-2005 19:05:14] [#ezpublish] <kracker> so it wasn't might fault after all ...
[05-13-2005 19:05:24] [#ezpublish] <kracker> s/might/my/
[05-13-2005 19:06:16] [#ezpublish] <kracker> i'll tell them like i'll tell anyone with my mind instead of this corporial form
[05-13-2005 19:06:21] [#ezpublish] <kracker> ....
[05-13-2005 19:06:38] [#ezpublish] <kracker> ... come get some
[05-13-2005 19:21:55] -!- Katana` [~katana@ankh-morpork.net] has quit [Read error: 148 (No route to host)]
[05-13-2005 20:17:56] [#ezpublish] <kracker> i just had to be sure before i run it right through them ...
[05-13-2005 20:18:45] [#ezpublish] <kracker> Bubba Sparx : Dark Days, Bright Nights
[05-13-2005 21:39:10] [#ezpublish] <kracker> korn : children of the korn
[05-13-2005 22:51:23] [#ezpublish] <kracker> i know you know
[05-13-2005 22:51:36] [#ezpublish] <kracker> linkin park : meteora : nobody's listening
[05-13-2005 23:07:34] [#ezpublish] <kracker> http://www.ez.no/community/forum/setup_design/experiencing_problem_with_file_upload
[05-13-2005 23:07:50] [#ezpublish] <kracker> that's right, ya'll
[05-13-2005 23:07:58] [#ezpublish] <kracker> whachathink?huh
[05-13-2005 23:27:56] -!- Bedlore [~me@ppp239-78.lns2.adl2.internode.on.net] has joined #ezpublish
[05-13-2005 23:33:21] -!- Bedlore [~me@ppp239-78.lns2.adl2.internode.on.net] has quit [Read error: 104 (Connection reset by peer)]
[05-13-2005 23:38:07] [#ezpublish] <kracker> he knows what he was doing ...
[05-13-2005 23:38:51] [#ezpublish] * kracker looks back at himself...now what are you looking at ?
