[04-29-2006 01:12:37] -!- ordnas [n=ordnas@p549D6ECB.dip.t-dialin.net] has joined #ezpublish
[04-29-2006 03:22:48] -!- ordnas [n=ordnas@p549D6ECB.dip.t-dialin.net] has left #ezpublish []
[04-29-2006 04:01:48] -!- ordna1 [n=ordnas@p549D5AF3.dip.t-dialin.net] has joined #ezpublish
[04-29-2006 04:18:54] -!- _kore [n=lordhong@port-83-236-9-237.dynamic.qsc.de] has joined #ezpublish
[04-29-2006 04:31:17] -!- zrg [n=zurgutt@217-159-153-69-dsl.kt.estpak.ee] has joined #ezpublish
[04-29-2006 08:20:30] -!- ls [n=ls@unregister049029239087.c29.msk.pl] has joined #ezpublish
[04-29-2006 08:34:48] -!- zrg [n=zurgutt@217-159-153-69-dsl.kt.estpak.ee] has quit ["Download Gaim: http://gaim.sourceforge.net/"]
[04-29-2006 12:33:38] -!- tobmaster [n=tobmaste@dslb-084-061-072-083.pools.arcor-ip.net] has joined #ezpublish
[04-29-2006 12:49:14] -!- ordna1 [n=ordnas@p549D5AF3.dip.t-dialin.net] has left #ezpublish []
[04-29-2006 14:53:29] -!- DiGiTa|_ [n=pet2poul@84.5.137.166] has joined #ezpublish
[04-29-2006 14:57:19] -!- tobmaster [n=tobmaste@dslb-084-061-072-083.pools.arcor-ip.net] has quit ["Thx 4 all the fisch"]
[04-29-2006 15:05:20] -!- ls [n=ls@unregister049029239087.c29.msk.pl] has quit ["Leaving"]
[04-29-2006 15:10:52] -!- kracker [n=kracker@68-113-220-214.dhcp.ftwo.tx.charter.com] has joined #ezpublish
[04-29-2006 15:44:00] -!- DiGiTa|_ [n=pet2poul@84.5.137.166] has quit []
[04-29-2006 15:45:10] -!- DiGiTa|_ [n=pet2poul@84.5.137.166] has joined #ezpublish
[04-29-2006 16:27:53] -!- zrg [n=zurgutt@217-159-153-69-dsl.kt.estpak.ee] has joined #ezpublish
[04-29-2006 16:28:03] [#ezpublish] <zrg> snarl
[04-29-2006 16:31:36] -!- DiGiTa|_ [n=pet2poul@84.5.137.166] has quit []
[04-29-2006 16:40:01] -!- kracker [n=kracker@pdpc/supporter/sustaining/kracker] has quit ["Later ..."]
[04-29-2006 18:04:50] -!- _kore [n=lordhong@port-83-236-9-237.dynamic.qsc.de] has quit [Remote closed the connection]
[04-29-2006 18:40:28] -!- kracker [n=kracker@pdpc/supporter/sustaining/kracker] has joined #ezpublish
