[06-03-2006 02:02:38] -!- buz [n=buz@217-162-135-182.dclient.hispeed.ch] has joined #ezpublish
[06-03-2006 02:22:27] -!- _kore [n=lordhong@port-83-236-8-180.dynamic.qsc.de] has joined #ezpublish
[06-03-2006 04:56:07] -!- cheesenarg [n=cheesena@064.116-30-64.ftth.swbr.surewest.net] has quit []
[06-03-2006 06:19:02] -!- zr1 [n=zrg@213-219-80-14-dsl.kjj.estpak.ee] has joined #ezpublish
[06-03-2006 06:34:21] -!- zr1 [n=zrg@213-219-80-14-dsl.kjj.estpak.ee] has quit [Read error: 104 (Connection reset by peer)]
[06-03-2006 09:05:49] -!- cheesenarg [n=cheesena@064.116-30-64.ftth.swbr.surewest.net] has joined #ezpublish
[06-03-2006 09:13:24] -!- ls [n=ls@unregister049029239087.c29.msk.pl] has joined #ezpublish
[06-03-2006 09:18:01] -!- cheesenarg [n=cheesena@064.116-30-64.ftth.swbr.surewest.net] has quit []
[06-03-2006 09:21:16] -!- cheesenarg [n=cheesena@064.116-30-64.ftth.swbr.surewest.net] has joined #ezpublish
[06-03-2006 09:50:40] -!- jeremiah [i=jeremiah@31.Red-213-98-123.staticIP.rima-tde.net] has joined #ezpublish
[06-03-2006 10:57:41] -!- tobmaster [n=tobmaste@dslb-084-061-010-116.pools.arcor-ip.net] has joined #ezpublish
[06-03-2006 12:53:20] -!- cheesenarg [n=cheesena@064.116-30-64.ftth.swbr.surewest.net] has quit []
[06-03-2006 13:51:20] -!- buz_ [n=buz@217-162-135-182.dclient.hispeed.ch] has joined #ezpublish
[06-03-2006 13:53:45] -!- buz_ [n=buz@217-162-135-182.dclient.hispeed.ch] has left #ezpublish ["Kopete 0.11.3 : http://kopete.kde.org"]
[06-03-2006 15:00:20] -!- ls [n=ls@unregister049029239087.c29.msk.pl] has quit [Remote closed the connection]
[06-03-2006 16:11:12] -!- tobiS [n=tobmaste@dslb-084-061-035-039.pools.arcor-ip.net] has joined #ezpublish
[06-03-2006 16:11:57] -!- buz [n=buz@217-162-135-182.dclient.hispeed.ch] has quit ["Konversation terminated!"]
[06-03-2006 16:14:04] -!- tobmaster [n=tobmaste@dslb-084-061-010-116.pools.arcor-ip.net] has quit [Read error: 110 (Connection timed out)]
[06-03-2006 18:30:09] -!- _kore [n=lordhong@port-83-236-8-180.dynamic.qsc.de] has quit [Remote closed the connection]
[06-03-2006 18:34:37] -!- tobiS [n=tobmaste@dslb-084-061-035-039.pools.arcor-ip.net] has quit ["Thx 4 all the fisch"]
