[04-22-2006 02:05:00] -!- zrg [n=zurgutt@217-159-153-69-dsl.kt.estpak.ee] has joined #ezpublish
[04-22-2006 03:19:28] -!- buz [n=buz@217-162-135-182.dclient.hispeed.ch] has joined #ezpublish
[04-22-2006 03:29:04] -!- ordnas [n=ordnas@p549D65B4.dip.t-dialin.net] has joined #ezpublish
[04-22-2006 03:49:10] -!- buz [n=buz@217-162-135-182.dclient.hispeed.ch] has quit [calvino.freenode.net irc.freenode.net]
[04-22-2006 03:49:10] -!- pire [n=kbot@phpugdo.de] has quit [calvino.freenode.net irc.freenode.net]
[04-22-2006 03:49:10] -!- tobyS [n=dotxp@hartes-php.de] has quit [calvino.freenode.net irc.freenode.net]
[04-22-2006 03:49:41] -!- buz [n=buz@217-162-135-182.dclient.hispeed.ch] has joined #ezpublish
[04-22-2006 03:49:41] -!- pire [n=kbot@phpugdo.de] has joined #ezpublish
[04-22-2006 03:49:41] -!- tobyS [n=dotxp@hartes-php.de] has joined #ezpublish
[04-22-2006 03:58:32] -!- kore_ [n=lordhong@dslb-084-058-023-082.pools.arcor-ip.net] has joined #ezpublish
[04-22-2006 04:01:24] -!- buz [n=buz@217-162-135-182.dclient.hispeed.ch] has quit [Remote closed the connection]
[04-22-2006 04:02:00] -!- buz [n=buz@217-162-135-182.dclient.hispeed.ch] has joined #ezpublish
[04-22-2006 07:22:37] -!- hovik [n=hovik@85.19.74.66] has joined #ezpublish
[04-22-2006 07:40:10] -!- hovik [n=hovik@85.19.74.66] has left #ezpublish ["Kopete 0.11.1 : http://kopete.kde.org"]
[04-22-2006 08:58:35] -!- kore_ [n=lordhong@dslb-084-058-023-082.pools.arcor-ip.net] has quit []
[04-22-2006 10:39:56] -!- ordnas [n=ordnas@p549D65B4.dip.t-dialin.net] has left #ezpublish []
[04-22-2006 13:06:12] -!- tobmaster [n=tobmaste@dslb-084-061-054-032.pools.arcor-ip.net] has joined #ezpublish
[04-22-2006 14:04:48] -!- ls [n=ls@unregister049029239087.c29.msk.pl] has joined #ezpublish
[04-22-2006 14:48:47] -!- buz [n=buz@217-162-135-182.dclient.hispeed.ch] has quit ["Konversation terminated!"]
[04-22-2006 15:22:05] -!- tobmaster [n=tobmaste@dslb-084-061-054-032.pools.arcor-ip.net] has quit ["Thx 4 all the fisch"]
[04-22-2006 16:49:30] -!- ls [n=ls@unregister049029239087.c29.msk.pl] has quit [Read error: 110 (Connection timed out)]
[04-22-2006 17:22:40] -!- kore_ [n=lordhong@dslb-084-058-019-029.pools.arcor-ip.net] has joined #ezpublish
[04-22-2006 19:39:34] -!- kore_ [n=lordhong@dslb-084-058-019-029.pools.arcor-ip.net] has quit []
