[05-26-2006 01:30:24] -!- awormus [n=aaron@p54B10CA4.dip0.t-ipconnect.de] has joined #ezpublish
[05-26-2006 01:39:00] -!- jota [n=jota@cm216016.red83-165.mundo-r.com] has joined #ezpublish
[05-26-2006 01:46:59] -!- nnn0 [n=nnn0@unaffiliated/nnn0] has joined #ezpublish
[05-26-2006 01:49:20] -!- _kore [n=lordhong@port-83-236-8-180.dynamic.qsc.de] has joined #ezpublish
[05-26-2006 01:58:12] -!- ns00n [n=hogne@212.33.152.198] has joined #ezpublish
[05-26-2006 01:58:16] [#ezpublish] <m0ns00n> Hey! Good morning
[05-26-2006 01:58:39] [#ezpublish] <m0ns00n> I need to export some data from ezpublish, but the database is heavily relational
[05-26-2006 01:59:12] [#ezpublish] <m0ns00n> How is it possible to export data from 'ezcontentobject's without needing to make custom scripts which generates tables?
[05-26-2006 02:38:35] -!- Tidemann [n=tidemann@ti132110a340-3091.bb.online.no] has quit [Read error: 110 (Connection timed out)]
[05-26-2006 02:48:51] [#ezpublish] <m0ns00n> For example, I have some reports which are made in eZ
[05-26-2006 02:49:07] [#ezpublish] <m0ns00n> I would like them outputted in a format that could easily be imported in a custom database table
[05-26-2006 02:50:27] -!- SEAwolf_711 [n=mike@DSL01.212.114.251.99.NEFkom.net] has joined #ezpublish
[05-26-2006 02:50:31] [#ezpublish] <SEAwolf_711> hi
[05-26-2006 02:50:36] -!- SEAwolf_711 is now known as SEAwolfx
[05-26-2006 02:51:20] -!- kore_ [n=lordhong@F0-EZSYSTEMS.customer.getit.de] has joined #ezpublish
[05-26-2006 03:18:24] [#ezpublish] <m0ns00n> hi
[05-26-2006 03:21:47] -!- Tidemann [n=tidemann@ti132110a340-3091.bb.online.no] has joined #ezpublish
[05-26-2006 04:48:41] -!- awormus_ [n=aaron@p54B13E4C.dip0.t-ipconnect.de] has joined #ezpublish
[05-26-2006 04:57:02] -!- aaronw [n=aaron@p54B13E4C.dip0.t-ipconnect.de] has joined #ezpublish
[05-26-2006 05:00:29] -!- awormus [n=aaron@p54B10CA4.dip0.t-ipconnect.de] has quit [Read error: 110 (Connection timed out)]
[05-26-2006 05:01:33] -!- awormus_ [n=aaron@p54B13E4C.dip0.t-ipconnect.de] has quit [Read error: 145 (Connection timed out)]
[05-26-2006 05:47:18] -!- jeremiah [i=jeremiah@31.Red-213-98-123.staticIP.rima-tde.net] has joined #ezpublish
[05-26-2006 05:47:28] [#ezpublish] <jeremiah> hi
[05-26-2006 05:52:22] -!- nnn0 [n=nnn0@unaffiliated/nnn0] has quit [Remote closed the connection]
[05-26-2006 06:25:16] -!- ns00n [n=hogne@212.33.152.198] has quit [Remote closed the connection]
[05-26-2006 06:40:03] -!- jota [n=jota@cm216016.red83-165.mundo-r.com] has quit ["Abandonando"]
[05-26-2006 06:53:41] -!- nnn0 [n=nnn0@unaffiliated/nnn0] has joined #ezpublish
[05-26-2006 06:57:03] -!- tobmaster [n=tobmaste@F0-EZSYSTEMS.customer.getit.de] has joined #ezpublish
[05-26-2006 08:30:05] -!- jeremiah [i=jeremiah@31.Red-213-98-123.staticIP.rima-tde.net] has quit [Read error: 104 (Connection reset by peer)]
[05-26-2006 08:51:16] -!- aaronw is now known as awormus
[05-26-2006 09:22:42] -!- kore_ [n=lordhong@F0-EZSYSTEMS.customer.getit.de] has quit []
[05-26-2006 10:31:58] -!- xiglet [n=xiglet@cD9088F2C.sdsl.catch.no] has joined #ezpublish
[05-26-2006 10:36:21] [#ezpublish] <xiglet> jeg har bestilt slim device! nam!
[05-26-2006 10:36:25] [#ezpublish] <xiglet> oh, wrong channel
[05-26-2006 10:38:58] -!- tobmaster [n=tobmaste@F0-EZSYSTEMS.customer.getit.de] has quit ["Thx 4 all the fisch"]
[05-26-2006 10:51:01] -!- jeremiah [i=jeremiah@31.Red-213-98-123.staticIP.rima-tde.net] has joined #ezpublish
[05-26-2006 11:16:35] -!- SEAwolfx [n=mike@DSL01.212.114.251.99.NEFkom.net] has quit ["Lost terminal"]
[05-26-2006 12:39:50] -!- awormus_ [n=aaron@p54B134B0.dip0.t-ipconnect.de] has joined #ezpublish
[05-26-2006 12:44:34] -!- PaulBorgermans [n=pborgerm@ip-213-49-212-204.dsl.scarlet.be] has joined #ezpublish
[05-26-2006 12:56:27] -!- awormus [n=aaron@p54B13E4C.dip0.t-ipconnect.de] has quit [Read error: 110 (Connection timed out)]
[05-26-2006 15:19:29] -!- xiglet [n=xiglet@cD9088F2C.sdsl.catch.no] has quit ["Jeppedipepp"]
[05-26-2006 15:33:56] -!- awormus_ [n=aaron@p54B134B0.dip0.t-ipconnect.de] has quit [Read error: 104 (Connection reset by peer)]
[05-26-2006 16:16:20] -!- _kore [n=lordhong@port-83-236-8-180.dynamic.qsc.de] has quit [Remote closed the connection]
[05-26-2006 16:26:49] -!- xiglet [n=xiglet@cD9088F2C.sdsl.catch.no] has joined #ezpublish
[05-26-2006 16:37:53] -!- PaulBorgermans [n=pborgerm@ip-213-49-212-204.dsl.scarlet.be] has quit [Read error: 110 (Connection timed out)]
[05-26-2006 16:41:43] -!- nnn0 [n=nnn0@unaffiliated/nnn0] has quit [Read error: 104 (Connection reset by peer)]
[05-26-2006 17:09:03] -!- Andrew_J [n=andrewjo@host-87-74-58-166.bulldogdsl.com] has joined #ezpublish
[05-26-2006 17:12:22] -!- Andrew_J [n=andrewjo@host-87-74-58-166.bulldogdsl.com] has left #ezpublish []
