[06-16-2006 00:09:05] -!- buz [n=buz@217-162-135-182.dclient.hispeed.ch] has joined #ezpublish
[06-16-2006 00:22:59] -!- awormus [n=aaron@p54B07359.dip.t-dialin.net] has quit [Read error: 60 (Operation timed out)]
[06-16-2006 00:30:19] -!- SEAwolfx [n=SEAwolfx@p54938AC9.dip0.t-ipconnect.de] has quit []
[06-16-2006 00:47:50] -!- _buz [n=buz@217-162-135-182.dclient.hispeed.ch] has joined #ezpublish
[06-16-2006 01:09:30] -!- _kore [n=lordhong@port-83-236-8-180.dynamic.qsc.de] has joined #ezpublish
[06-16-2006 01:16:31] -!- jeremiah [i=jeremiah@31.Red-213-98-123.staticIP.rima-tde.net] has quit [Read error: 104 (Connection reset by peer)]
[06-16-2006 01:32:44] -!- _hovik [n=hovik@173.80-203-136.nextgentel.com] has quit [Read error: 110 (Connection timed out)]
[06-16-2006 01:39:21] -!- ordnas [n=ordnas@stalker.ez.no] has joined #ezpublish
[06-16-2006 01:48:37] -!- kore_ [n=lordhong@F0-EZSYSTEMS.customer.getit.de] has joined #ezpublish
[06-16-2006 01:53:01] -!- ordnas [n=ordnas@stalker.ez.no] has left #ezpublish []
[06-16-2006 01:58:41] -!- jota [n=jota@cm216016.red83-165.mundo-r.com] has joined #ezpublish
[06-16-2006 02:11:43] -!- DiGiTa|_ [n=pet2poul@84.4.41.181] has joined #ezpublish
[06-16-2006 02:41:45] -!- _buz [n=buz@217-162-135-182.dclient.hispeed.ch] has quit [Read error: 110 (Connection timed out)]
[06-16-2006 02:42:37] -!- tobmaster [n=tobmaste@F0-EZSYSTEMS.customer.getit.de] has joined #ezpublish
[06-16-2006 02:49:31] -!- kalooni [n=nicolas@fbx.internethic.net] has joined #ezpublish
[06-16-2006 02:56:31] -!- buz [n=buz@217-162-135-182.dclient.hispeed.ch] has quit ["Konversation terminated!"]
[06-16-2006 03:41:35] -!- jeremiah [i=jeremiah@31.Red-213-98-123.staticIP.rima-tde.net] has joined #ezpublish
[06-16-2006 04:00:41] -!- _Rappy_ [n=hunt-pre@80-89-35-2.network.itconnect.no] has joined #ezpublish
[06-16-2006 04:01:05] -!- kore_ [n=lordhong@F0-EZSYSTEMS.customer.getit.de] has quit []
[06-16-2006 04:01:35] -!- _Rappy_ [n=hunt-pre@80-89-35-2.network.itconnect.no] has quit [Client Quit]
[06-16-2006 04:05:38] -!- _Rappy_ [n=hunt-pre@80-89-35-2.network.itconnect.no] has joined #ezpublish
[06-16-2006 04:17:57] -!- _buz [n=buz@217-162-135-182.dclient.hispeed.ch] has joined #ezpublish
[06-16-2006 04:41:50] -!- _buz [n=buz@217-162-135-182.dclient.hispeed.ch] has quit [Read error: 110 (Connection timed out)]
[06-16-2006 04:46:18] -!- _buz [n=buz@217-162-135-182.dclient.hispeed.ch] has joined #ezpublish
[06-16-2006 05:11:51] -!- _buz [n=buz@217-162-135-182.dclient.hispeed.ch] has quit [Read error: 110 (Connection timed out)]
[06-16-2006 05:20:23] -!- _buz [n=buz@217-162-135-182.dclient.hispeed.ch] has joined #ezpublish
[06-16-2006 05:46:47] -!- _buz [n=buz@217-162-135-182.dclient.hispeed.ch] has quit [Read error: 110 (Connection timed out)]
[06-16-2006 05:48:23] -!- _buz [n=buz@217-162-135-182.dclient.hispeed.ch] has joined #ezpublish
[06-16-2006 05:57:38] -!- _Rappy_ [n=hunt-pre@80-89-35-2.network.itconnect.no] has quit ["Ex-Chat"]
[06-16-2006 06:43:30] -!- jota [n=jota@cm216016.red83-165.mundo-r.com] has quit ["Abandonando"]
[06-16-2006 07:05:12] -!- _buz [n=buz@217-162-135-182.dclient.hispeed.ch] has quit [Remote closed the connection]
[06-16-2006 07:05:48] -!- _buz [n=buz@217-162-135-182.dclient.hispeed.ch] has joined #ezpublish
[06-16-2006 07:47:11] -!- DiGiTa|_ [n=pet2poul@84.4.41.181] has quit []
[06-16-2006 08:32:45] -!- awormus [n=aaron@p54B04999.dip.t-dialin.net] has joined #ezpublish
[06-16-2006 09:04:20] -!- _1Saint4Fight_ [n=1Santo4F@200.106.100.87] has joined #ezpublish
[06-16-2006 09:29:17] -!- _buz [n=buz@217-162-135-182.dclient.hispeed.ch] has quit [Read error: 110 (Connection timed out)]
[06-16-2006 10:03:04] -!- DiGiTa|_ [n=pet2poul@84.4.41.181] has joined #ezpublish
[06-16-2006 10:14:37] -!- _buz [n=buz@217-162-135-182.dclient.hispeed.ch] has joined #ezpublish
[06-16-2006 10:21:10] -!- awormus [n=aaron@p54B04999.dip.t-dialin.net] has quit ["Leaving"]
[06-16-2006 10:24:01] -!- kalooni [n=nicolas@fbx.internethic.net] has quit ["Quitte"]
[06-16-2006 10:42:14] -!- tobmaster [n=tobmaste@F0-EZSYSTEMS.customer.getit.de] has quit [Remote closed the connection]
[06-16-2006 10:51:50] -!- DiGiTa|_ [n=pet2poul@84.4.41.181] has quit []
[06-16-2006 10:57:20] -!- awormus [n=aaron@p54B04999.dip.t-dialin.net] has joined #ezpublish
[06-16-2006 11:02:51] -!- _buz [n=buz@217-162-135-182.dclient.hispeed.ch] has quit [Read error: 110 (Connection timed out)]
[06-16-2006 11:19:36] -!- awormus_ [n=aaron@p54B05280.dip.t-dialin.net] has joined #ezpublish
[06-16-2006 11:19:54] -!- _buz [n=buz@217-162-135-182.dclient.hispeed.ch] has joined #ezpublish
[06-16-2006 11:25:00] -!- awormus [n=aaron@p54B04999.dip.t-dialin.net] has quit [Read error: 60 (Operation timed out)]
[06-16-2006 11:25:58] -!- awormus_ is now known as awormus
[06-16-2006 11:27:38] -!- src_afk is now known as SunRayCafe
[06-16-2006 11:55:56] -!- awormus_ [n=aaron@p54B070C4.dip.t-dialin.net] has joined #ezpublish
[06-16-2006 12:12:17] -!- awormus [n=aaron@p54B05280.dip.t-dialin.net] has quit [Read error: 110 (Connection timed out)]
[06-16-2006 12:41:32] -!- awormus [n=aaron@p54B04A08.dip.t-dialin.net] has joined #ezpublish
[06-16-2006 12:46:00] -!- awormus_ [n=aaron@p54B070C4.dip.t-dialin.net] has quit [Read error: 145 (Connection timed out)]
[06-16-2006 12:57:18] -!- _buz [n=buz@217-162-135-182.dclient.hispeed.ch] has quit [Read error: 110 (Connection timed out)]
[06-16-2006 13:34:19] -!- awormus_ [n=aaron@p54B06152.dip.t-dialin.net] has joined #ezpublish
[06-16-2006 13:36:17] -!- DiGiTa|_ [n=pet2poul@84.4.41.181] has joined #ezpublish
[06-16-2006 13:41:56] -!- awormus [n=aaron@p54B04A08.dip.t-dialin.net] has quit [Nick collision from services.]
[06-16-2006 13:42:04] -!- awormus_ is now known as awormus
[06-16-2006 13:50:39] -!- SEAwolfx [n=SEAwolfx@p5493C035.dip0.t-ipconnect.de] has joined #ezpublish
[06-16-2006 14:14:41] -!- awormus_ [n=aaron@p54B06E37.dip.t-dialin.net] has joined #ezpublish
[06-16-2006 14:24:00] -!- SunRayCafe [n=rwilliam@66.17.4.108] has quit [Read error: 104 (Connection reset by peer)]
[06-16-2006 14:32:08] -!- awormus [n=aaron@p54B06152.dip.t-dialin.net] has quit [Connection timed out]
[06-16-2006 14:41:12] -!- aaronw [n=aaron@p54B04773.dip.t-dialin.net] has joined #ezpublish
[06-16-2006 14:58:55] -!- awormus_ [n=aaron@p54B06E37.dip.t-dialin.net] has quit [Connection timed out]
[06-16-2006 15:07:11] -!- aaronw [n=aaron@p54B04773.dip.t-dialin.net] has quit [Connection timed out]
[06-16-2006 15:35:55] -!- _buz [n=buz@217-162-135-182.dclient.hispeed.ch] has joined #ezpublish
[06-16-2006 16:03:44] -!- kracker changed the topic of #ezpublish to: eZ publish | cms | Welcome to #ezpublish ... Please be patient, wait and ask again before leaving (and in the meantime, try clearing the cache ;) || eZ publish community: http://ez.no/community | http://www.planetezpublish.org/ || News: http://ez.no/community/news/community_newsletter_16_06_2006 || New Article: http://ez.no/community/news/ez_systems_summer_conference_hackathon
[06-16-2006 16:04:08] -!- kracker [n=kracker@pdpc/supporter/sustaining/kracker] has quit ["Later ..."]
[06-16-2006 16:11:27] -!- DiGiTa|_ [n=pet2poul@84.4.41.181] has quit []
[06-16-2006 16:12:32] -!- _buz [n=buz@217-162-135-182.dclient.hispeed.ch] has quit [Read error: 110 (Connection timed out)]
[06-16-2006 16:14:31] -!- _buz [n=buz@217-162-135-182.dclient.hispeed.ch] has joined #ezpublish
[06-16-2006 16:27:09] -!- SunRayCafe [n=rwilliam@66.17.4.108] has joined #ezpublish
[06-16-2006 16:40:26] -!- _buz [n=buz@217-162-135-182.dclient.hispeed.ch] has quit [Read error: 110 (Connection timed out)]
[06-16-2006 16:42:10] -!- kracker [n=kracker@pdpc/supporter/sustaining/kracker] has joined #ezpublish
[06-16-2006 17:25:54] -!- _1Saint4Fight_ [n=1Santo4F@200.106.100.87] has quit [Client Quit]
[06-16-2006 17:38:53] -!- kris10an^ [n=kh@85.19.74.66] has joined #ezpublish
[06-16-2006 17:38:53] -!- kris10an [n=kh@85.19.74.66] has quit [Read error: 104 (Connection reset by peer)]
[06-16-2006 17:49:07] -!- _kore [n=lordhong@port-83-236-8-180.dynamic.qsc.de] has quit [Remote closed the connection]
[06-16-2006 20:07:05] [#ezpublish] <kracker> grrr
[06-16-2006 20:38:09] [#ezpublish] * kracker gets punched in the eye by 3.8.0
[06-16-2006 21:25:46] -!- awormus [n=aaron@p54B07B69.dip.t-dialin.net] has joined #ezpublish
[06-16-2006 22:08:44] -!- awormus_ [n=aaron@p54B0751B.dip.t-dialin.net] has joined #ezpublish
[06-16-2006 22:26:09] -!- awormus [n=aaron@p54B07B69.dip.t-dialin.net] has quit [Read error: 110 (Connection timed out)]
