[08-06-2006 00:00:01] >> Connecting to irc.freenode.net:6667
[08-06-2006 00:00:01] >> Connected to irc.freenode.net:6667, registering...
[08-06-2006 00:00:01] >> Warning: Invalid argument supplied for foreach() in /home/web/ezcommunity/ezcommunity/ezirc.ezcommunity.net/ezirc_v001_IQ-0.9.3/include/class.IQBot.php (line 304)
[08-06-2006 00:00:01] -sterling.freenode.net:ezlog- *** Banned: Tor access to freenode is via a hidden service (mejokbp2brhw4omd.onion). Please see URL freenode.net/irc_servers.shtml for more info. Thanks!
[08-06-2006 00:00:01] Diconnected. Sleeping for 2 second(s).
[08-06-2006 00:00:03] >> Connecting to irc.freenode.net:6667
[08-06-2006 00:00:04] >> Connected to irc.freenode.net:6667, registering...
[08-06-2006 00:00:04] >> Warning: Invalid argument supplied for foreach() in /home/web/ezcommunity/ezcommunity/ezirc.ezcommunity.net/ezirc_v001_IQ-0.9.3/include/class.IQBot.php (line 304)
[08-06-2006 00:00:04] -sterling.freenode.net:ezlog- *** Banned: Tor access to freenode is via a hidden service (mejokbp2brhw4omd.onion). Please see URL freenode.net/irc_servers.shtml for more info. Thanks!
[08-06-2006 00:00:04] Diconnected. Sleeping for 2 second(s).
[08-06-2006 00:00:06] >> Connecting to irc.freenode.net:6667
[08-06-2006 00:00:06] >> Connected to irc.freenode.net:6667, registering...
[08-06-2006 00:00:06] >> Warning: Invalid argument supplied for foreach() in /home/web/ezcommunity/ezcommunity/ezirc.ezcommunity.net/ezirc_v001_IQ-0.9.3/include/class.IQBot.php (line 304)
[08-06-2006 00:00:06] -calvino.freenode.net:ezlog- *** Banned: Tor access to freenode is via a hidden service (mejokbp2brhw4omd.onion). Please see URL freenode.net/irc_servers.shtml for more info. Thanks!
[08-06-2006 00:00:06] Diconnected. Sleeping for 2 second(s).
[08-06-2006 00:00:08] >> Connecting to irc.freenode.net:6667
[08-06-2006 00:00:08] >> Connected to irc.freenode.net:6667, registering...
[08-06-2006 00:00:09] >> Warning: Invalid argument supplied for foreach() in /home/web/ezcommunity/ezcommunity/ezirc.ezcommunity.net/ezirc_v001_IQ-0.9.3/include/class.IQBot.php (line 304)
[08-06-2006 00:00:09] -sterling.freenode.net:ezlog- *** Banned: Tor access to freenode is via a hidden service (mejokbp2brhw4omd.onion). Please see URL freenode.net/irc_servers.shtml for more info. Thanks!
[08-06-2006 00:00:09] Diconnected. Sleeping for 2 second(s).
[08-06-2006 00:00:11] >> Connecting to irc.freenode.net:6667
[08-06-2006 00:00:11] >> Connected to irc.freenode.net:6667, registering...
[08-06-2006 00:00:11] >> Warning: Invalid argument supplied for foreach() in /home/web/ezcommunity/ezcommunity/ezirc.ezcommunity.net/ezirc_v001_IQ-0.9.3/include/class.IQBot.php (line 304)
[08-06-2006 00:00:11] -sterling.freenode.net:ezlog- *** Banned: Tor access to freenode is via a hidden service (mejokbp2brhw4omd.onion). Please see URL freenode.net/irc_servers.shtml for more info. Thanks!
[08-06-2006 00:00:11] Diconnected. Sleeping for 2 second(s).
[08-06-2006 00:00:13] >> Connecting to irc.freenode.net:6667
[08-06-2006 00:00:13] >> Connected to irc.freenode.net:6667, registering...
[08-06-2006 00:00:14] >> Warning: Invalid argument supplied for foreach() in /home/web/ezcommunity/ezcommunity/ezirc.ezcommunity.net/ezirc_v001_IQ-0.9.3/include/class.IQBot.php (line 304)
[08-06-2006 00:00:14] -sterling.freenode.net:ezlog- *** Banned: Tor access to freenode is via a hidden service (mejokbp2brhw4omd.onion). Please see URL freenode.net/irc_servers.shtml for more info. Thanks!
[08-06-2006 00:00:14] Diconnected. Sleeping for 2 second(s).
[08-06-2006 00:00:16] >> Connecting to irc.freenode.net:6667
[08-06-2006 00:00:16] >> Connected to irc.freenode.net:6667, registering...
[08-06-2006 00:00:16] >> Warning: Invalid argument supplied for foreach() in /home/web/ezcommunity/ezcommunity/ezirc.ezcommunity.net/ezirc_v001_IQ-0.9.3/include/class.IQBot.php (line 304)
[08-06-2006 00:00:16] -sterling.freenode.net:ezlog- *** Banned: Tor access to freenode is via a hidden service (mejokbp2brhw4omd.onion). Please see URL freenode.net/irc_servers.shtml for more info. Thanks!
[08-06-2006 00:00:16] Diconnected. Sleeping for 2 second(s).
[08-06-2006 00:00:18] >> Connecting to irc.freenode.net:6667
[08-06-2006 00:00:18] >> Connected to irc.freenode.net:6667, registering...
[08-06-2006 00:00:18] >> Warning: Invalid argument supplied for foreach() in /home/web/ezcommunity/ezcommunity/ezirc.ezcommunity.net/ezirc_v001_IQ-0.9.3/include/class.IQBot.php (line 304)
[08-06-2006 00:00:18] -calvino.freenode.net:ezlog- *** Banned: Tor access to freenode is via a hidden service (mejokbp2brhw4omd.onion). Please see URL freenode.net/irc_servers.shtml for more info. Thanks!
[08-06-2006 00:00:18] Diconnected. Sleeping for 2 second(s).
[08-06-2006 00:00:20] >> Connecting to irc.freenode.net:6667
[08-06-2006 00:00:21] >> Connected to irc.freenode.net:6667, registering...
[08-06-2006 00:00:21] >> Warning: Invalid argument supplied for foreach() in /home/web/ezcommunity/ezcommunity/ezirc.ezcommunity.net/ezirc_v001_IQ-0.9.3/include/class.IQBot.php (line 304)
[08-06-2006 00:00:21] -sterling.freenode.net:ezlog- *** Banned: Tor access to freenode is via a hidden service (mejokbp2brhw4omd.onion). Please see URL freenode.net/irc_servers.shtml for more info. Thanks!
[08-06-2006 00:00:21] Diconnected. Sleeping for 2 second(s).
[08-06-2006 00:00:23] >> Connecting to irc.freenode.net:6667
[08-06-2006 00:00:23] >> Connected to irc.freenode.net:6667, registering...
[08-06-2006 00:00:23] >> Warning: Invalid argument supplied for foreach() in /home/web/ezcommunity/ezcommunity/ezirc.ezcommunity.net/ezirc_v001_IQ-0.9.3/include/class.IQBot.php (line 304)
[08-06-2006 00:00:23] -sterling.freenode.net:ezlog- *** Banned: Tor access to freenode is via a hidden service (mejokbp2brhw4omd.onion). Please see URL freenode.net/irc_servers.shtml for more info. Thanks!
[08-06-2006 00:00:23] Diconnected. Sleeping for 2 second(s).
[08-06-2006 00:00:25] >> Connecting to irc.freenode.net:6667
[08-06-2006 00:00:26] >> Connected to irc.freenode.net:6667, registering...
[08-06-2006 00:00:26] >> Warning: Invalid argument supplied for foreach() in /home/web/ezcommunity/ezcommunity/ezirc.ezcommunity.net/ezirc_v001_IQ-0.9.3/include/class.IQBot.php (line 304)
[08-06-2006 00:00:26] -sterling.freenode.net:ezlog- *** Banned: Tor access to freenode is via a hidden service (mejokbp2brhw4omd.onion). Please see URL freenode.net/irc_servers.shtml for more info. Thanks!
[08-06-2006 00:00:26] Diconnected. Sleeping for 2 second(s).
[08-06-2006 00:00:28] >> Connecting to irc.freenode.net:6667
[08-06-2006 00:00:28] >> Connected to irc.freenode.net:6667, registering...
[08-06-2006 00:00:28] >> Warning: Invalid argument supplied for foreach() in /home/web/ezcommunity/ezcommunity/ezirc.ezcommunity.net/ezirc_v001_IQ-0.9.3/include/class.IQBot.php (line 304)
[08-06-2006 00:00:28] -sterling.freenode.net:ezlog- *** Banned: Tor access to freenode is via a hidden service (mejokbp2brhw4omd.onion). Please see URL freenode.net/irc_servers.shtml for more info. Thanks!
[08-06-2006 00:00:28] Diconnected. Sleeping for 2 second(s).
[08-06-2006 00:00:30] >> Connecting to irc.freenode.net:6667
[08-06-2006 00:00:30] >> Connected to irc.freenode.net:6667, registering...
[08-06-2006 00:00:31] >> Warning: Invalid argument supplied for foreach() in /home/web/ezcommunity/ezcommunity/ezirc.ezcommunity.net/ezirc_v001_IQ-0.9.3/include/class.IQBot.php (line 304)
[08-06-2006 00:00:31] -calvino.freenode.net:ezlog- *** Banned: Tor access to freenode is via a hidden service (mejokbp2brhw4omd.onion). Please see URL freenode.net/irc_servers.shtml for more info. Thanks!
[08-06-2006 00:00:31] Diconnected. Sleeping for 2 second(s).
[08-06-2006 00:00:33] >> Connecting to irc.freenode.net:6667
[08-06-2006 00:00:33] >> Connected to irc.freenode.net:6667, registering...
[08-06-2006 00:00:33] >> Warning: Invalid argument supplied for foreach() in /home/web/ezcommunity/ezcommunity/ezirc.ezcommunity.net/ezirc_v001_IQ-0.9.3/include/class.IQBot.php (line 304)
[08-06-2006 00:00:33] -sterling.freenode.net:ezlog- *** Banned: Tor access to freenode is via a hidden service (mejokbp2brhw4omd.onion). Please see URL freenode.net/irc_servers.shtml for more info. Thanks!
[08-06-2006 00:00:33] Diconnected. Sleeping for 2 second(s).
[08-06-2006 00:00:35] >> Connecting to irc.freenode.net:6667
[08-06-2006 00:00:35] >> Connected to irc.freenode.net:6667, registering...
[08-06-2006 00:00:36] >> Warning: Invalid argument supplied for foreach() in /home/web/ezcommunity/ezcommunity/ezirc.ezcommunity.net/ezirc_v001_IQ-0.9.3/include/class.IQBot.php (line 304)
[08-06-2006 00:00:36] -sterling.freenode.net:ezlog- *** Banned: Tor access to freenode is via a hidden service (mejokbp2brhw4omd.onion). Please see URL freenode.net/irc_servers.shtml for more info. Thanks!
[08-06-2006 00:00:36] Diconnected. Sleeping for 2 second(s).
[08-06-2006 00:00:38] >> Connecting to irc.freenode.net:6667
[08-06-2006 00:00:38] >> Connected to irc.freenode.net:6667, registering...
[08-06-2006 00:00:38] >> Warning: Invalid argument supplied for foreach() in /home/web/ezcommunity/ezcommunity/ezirc.ezcommunity.net/ezirc_v001_IQ-0.9.3/include/class.IQBot.php (line 304)
[08-06-2006 00:00:38] -sterling.freenode.net:ezlog- *** Banned: Tor access to freenode is via a hidden service (mejokbp2brhw4omd.onion). Please see URL freenode.net/irc_servers.shtml for more info. Thanks!
[08-06-2006 00:00:38] Diconnected. Sleeping for 2 second(s).
[08-06-2006 00:00:40] >> Connecting to irc.freenode.net:6667
[08-06-2006 00:00:40] >> Connected to irc.freenode.net:6667, registering...
[08-06-2006 00:00:40] >> Warning: Invalid argument supplied for foreach() in /home/web/ezcommunity/ezcommunity/ezirc.ezcommunity.net/ezirc_v001_IQ-0.9.3/include/class.IQBot.php (line 304)
[08-06-2006 00:00:40] -sterling.freenode.net:ezlog- *** Banned: Tor access to freenode is via a hidden service (mejokbp2brhw4omd.onion). Please see URL freenode.net/irc_servers.shtml for more info. Thanks!
[08-06-2006 00:00:40] Diconnected. Sleeping for 2 second(s).
[08-06-2006 00:00:42] >> Connecting to irc.freenode.net:6667
[08-06-2006 00:00:43] >> Connected to irc.freenode.net:6667, registering...
[08-06-2006 00:00:43] >> Warning: Invalid argument supplied for foreach() in /home/web/ezcommunity/ezcommunity/ezirc.ezcommunity.net/ezirc_v001_IQ-0.9.3/include/class.IQBot.php (line 304)
[08-06-2006 00:00:43] -calvino.freenode.net:ezlog- *** Banned: Tor access to freenode is via a hidden service (mejokbp2brhw4omd.onion). Please see URL freenode.net/irc_servers.shtml for more info. Thanks!
[08-06-2006 00:00:43] Diconnected. Sleeping for 2 second(s).
[08-06-2006 00:00:45] >> Connecting to irc.freenode.net:6667
[08-06-2006 00:00:45] >> Connected to irc.freenode.net:6667, registering...
[08-06-2006 00:00:45] >> Warning: Invalid argument supplied for foreach() in /home/web/ezcommunity/ezcommunity/ezirc.ezcommunity.net/ezirc_v001_IQ-0.9.3/include/class.IQBot.php (line 304)
[08-06-2006 00:00:45] -sterling.freenode.net:ezlog- *** Banned: Tor access to freenode is via a hidden service (mejokbp2brhw4omd.onion). Please see URL freenode.net/irc_servers.shtml for more info. Thanks!
[08-06-2006 00:00:45] Diconnected. Sleeping for 2 second(s).
[08-06-2006 00:00:47] >> Connecting to irc.freenode.net:6667
[08-06-2006 00:00:48] >> Connected to irc.freenode.net:6667, registering...
[08-06-2006 00:00:48] >> Warning: Invalid argument supplied for foreach() in /home/web/ezcommunity/ezcommunity/ezirc.ezcommunity.net/ezirc_v001_IQ-0.9.3/include/class.IQBot.php (line 304)
[08-06-2006 00:00:48] -sterling.freenode.net:ezlog- *** Banned: Tor access to freenode is via a hidden service (mejokbp2brhw4omd.onion). Please see URL freenode.net/irc_servers.shtml for more info. Thanks!
[08-06-2006 00:00:48] Diconnected. Sleeping for 2 second(s).
[08-06-2006 00:00:50] >> Connecting to irc.freenode.net:6667
[08-06-2006 00:00:50] >> Connected to irc.freenode.net:6667, registering...
[08-06-2006 00:00:50] >> Warning: Invalid argument supplied for foreach() in /home/web/ezcommunity/ezcommunity/ezirc.ezcommunity.net/ezirc_v001_IQ-0.9.3/include/class.IQBot.php (line 304)
[08-06-2006 00:00:50] -sterling.freenode.net:ezlog- *** Banned: Tor access to freenode is via a hidden service (mejokbp2brhw4omd.onion). Please see URL freenode.net/irc_servers.shtml for more info. Thanks!
[08-06-2006 00:00:50] Diconnected. Sleeping for 2 second(s).
[08-06-2006 00:00:52] >> Connecting to irc.freenode.net:6667
[08-06-2006 00:00:54] >> Connected to irc.freenode.net:6667, registering...
[08-06-2006 00:00:54] >> Warning: Invalid argument supplied for foreach() in /home/web/ezcommunity/ezcommunity/ezirc.ezcommunity.net/ezirc_v001_IQ-0.9.3/include/class.IQBot.php (line 304)
[08-06-2006 00:00:54] -sterling.freenode.net:ezlog- *** Banned: Tor access to freenode is via a hidden service (mejokbp2brhw4omd.onion). Please see URL freenode.net/irc_servers.shtml for more info. Thanks!
[08-06-2006 00:00:54] Diconnected. Sleeping for 2 second(s).
[08-06-2006 00:00:56] >> Connecting to irc.freenode.net:6667
[08-06-2006 00:00:56] >> Connected to irc.freenode.net:6667, registering...
[08-06-2006 00:00:57] >> Warning: Invalid argument supplied for foreach() in /home/web/ezcommunity/ezcommunity/ezirc.ezcommunity.net/ezirc_v001_IQ-0.9.3/include/class.IQBot.php (line 304)
[08-06-2006 00:00:57] -calvino.freenode.net:ezlog- *** Banned: Tor access to freenode is via a hidden service (mejokbp2brhw4omd.onion). Please see URL freenode.net/irc_servers.shtml for more info. Thanks!
[08-06-2006 00:00:57] Diconnected. Sleeping for 2 second(s).
[08-06-2006 00:00:59] >> Connecting to irc.freenode.net:6667
[08-06-2006 00:00:59] >> Connected to irc.freenode.net:6667, registering...
[08-06-2006 00:00:59] >> Warning: Invalid argument supplied for foreach() in /home/web/ezcommunity/ezcommunity/ezirc.ezcommunity.net/ezirc_v001_IQ-0.9.3/include/class.IQBot.php (line 304)
[08-06-2006 00:00:59] -sterling.freenode.net:ezlog- *** Banned: Tor access to freenode is via a hidden service (mejokbp2brhw4omd.onion). Please see URL freenode.net/irc_servers.shtml for more info. Thanks!
[08-06-2006 00:00:59] Diconnected. Sleeping for 2 second(s).
[08-06-2006 00:01:01] >> Connecting to irc.freenode.net:6667
[08-06-2006 00:01:01] >> Connected to irc.freenode.net:6667, registering...
[08-06-2006 00:01:02] >> Warning: Invalid argument supplied for foreach() in /home/web/ezcommunity/ezcommunity/ezirc.ezcommunity.net/ezirc_v001_IQ-0.9.3/include/class.IQBot.php (line 304)
[08-06-2006 00:01:02] -sterling.freenode.net:ezlog- *** Banned: Tor access to freenode is via a hidden service (mejokbp2brhw4omd.onion). Please see URL freenode.net/irc_servers.shtml for more info. Thanks!
[08-06-2006 00:01:02] Diconnected. Sleeping for 2 second(s).
[08-06-2006 00:01:04] >> Connecting to irc.freenode.net:6667
[08-06-2006 00:01:04] >> Connected to irc.freenode.net:6667, registering...
[08-06-2006 00:01:04] >> Warning: Invalid argument supplied for foreach() in /home/web/ezcommunity/ezcommunity/ezirc.ezcommunity.net/ezirc_v001_IQ-0.9.3/include/class.IQBot.php (line 304)
[08-06-2006 00:01:04] -sterling.freenode.net:ezlog- *** Banned: Tor access to freenode is via a hidden service (mejokbp2brhw4omd.onion). Please see URL freenode.net/irc_servers.shtml for more info. Thanks!
[08-06-2006 00:01:04] Diconnected. Sleeping for 2 second(s).
[08-06-2006 00:01:06] >> Connecting to irc.freenode.net:6667
[08-06-2006 00:01:06] >> Connected to irc.freenode.net:6667, registering...
[08-06-2006 00:01:07] >> Warning: Invalid argument supplied for foreach() in /home/web/ezcommunity/ezcommunity/ezirc.ezcommunity.net/ezirc_v001_IQ-0.9.3/include/class.IQBot.php (line 304)
[08-06-2006 00:01:07] -sterling.freenode.net:ezlog- *** Banned: Tor access to freenode is via a hidden service (mejokbp2brhw4omd.onion). Please see URL freenode.net/irc_servers.shtml for more info. Thanks!
[08-06-2006 00:01:07] Diconnected. Sleeping for 2 second(s).
[08-06-2006 00:01:09] >> Connecting to irc.freenode.net:6667
[08-06-2006 00:01:09] >> Connected to irc.freenode.net:6667, registering...
[08-06-2006 00:01:09] >> Warning: Invalid argument supplied for foreach() in /home/web/ezcommunity/ezcommunity/ezirc.ezcommunity.net/ezirc_v001_IQ-0.9.3/include/class.IQBot.php (line 304)
[08-06-2006 00:01:09] -calvino.freenode.net:ezlog- *** Banned: Tor access to freenode is via a hidden service (mejokbp2brhw4omd.onion). Please see URL freenode.net/irc_servers.shtml for more info. Thanks!
[08-06-2006 00:01:09] Diconnected. Sleeping for 2 second(s).
[08-06-2006 00:01:11] >> Connecting to irc.freenode.net:6667
[08-06-2006 00:01:11] >> Connected to irc.freenode.net:6667, registering...
[08-06-2006 00:01:12] >> Warning: Invalid argument supplied for foreach() in /home/web/ezcommunity/ezcommunity/ezirc.ezcommunity.net/ezirc_v001_IQ-0.9.3/include/class.IQBot.php (line 304)
[08-06-2006 00:01:12] -sterling.freenode.net:ezlog- *** Banned: Tor access to freenode is via a hidden service (mejokbp2brhw4omd.onion). Please see URL freenode.net/irc_servers.shtml for more info. Thanks!
[08-06-2006 00:01:12] Diconnected. Sleeping for 2 second(s).
[08-06-2006 00:01:14] >> Connecting to irc.freenode.net:6667
[08-06-2006 00:01:14] >> Connected to irc.freenode.net:6667, registering...
[08-06-2006 00:01:14] >> Warning: Invalid argument supplied for foreach() in /home/web/ezcommunity/ezcommunity/ezirc.ezcommunity.net/ezirc_v001_IQ-0.9.3/include/class.IQBot.php (line 304)
[08-06-2006 00:01:14] -sterling.freenode.net:ezlog- *** Banned: Tor access to freenode is via a hidden service (mejokbp2brhw4omd.onion). Please see URL freenode.net/irc_servers.shtml for more info. Thanks!
[08-06-2006 00:01:14] Diconnected. Sleeping for 2 second(s).
[08-06-2006 00:01:16] >> Connecting to irc.freenode.net:6667
[08-06-2006 00:01:16] >> Connected to irc.freenode.net:6667, registering...
[08-06-2006 00:01:16] >> Warning: Invalid argument supplied for foreach() in /home/web/ezcommunity/ezcommunity/ezirc.ezcommunity.net/ezirc_v001_IQ-0.9.3/include/class.IQBot.php (line 304)
[08-06-2006 00:01:16] -sterling.freenode.net:ezlog- *** Banned: Tor access to freenode is via a hidden service (mejokbp2brhw4omd.onion). Please see URL freenode.net/irc_servers.shtml for more info. Thanks!
[08-06-2006 00:01:16] Diconnected. Sleeping for 2 second(s).
[08-06-2006 00:01:18] >> Connecting to irc.freenode.net:6667
[08-06-2006 00:01:19] >> Connected to irc.freenode.net:6667, registering...
[08-06-2006 00:01:19] >> Warning: Invalid argument supplied for foreach() in /home/web/ezcommunity/ezcommunity/ezirc.ezcommunity.net/ezirc_v001_IQ-0.9.3/include/class.IQBot.php (line 304)
[08-06-2006 00:01:19] -sterling.freenode.net:ezlog- *** Banned: Tor access to freenode is via a hidden service (mejokbp2brhw4omd.onion). Please see URL freenode.net/irc_servers.shtml for more info. Thanks!
[08-06-2006 00:01:19] Diconnected. Sleeping for 2 second(s).
[08-06-2006 00:01:21] >> Connecting to irc.freenode.net:6667
[08-06-2006 00:01:21] >> Connected to irc.freenode.net:6667, registering...
[08-06-2006 00:01:21] >> Warning: Invalid argument supplied for foreach() in /home/web/ezcommunity/ezcommunity/ezirc.ezcommunity.net/ezirc_v001_IQ-0.9.3/include/class.IQBot.php (line 304)
[08-06-2006 00:01:21] -calvino.freenode.net:ezlog- *** Banned: Tor access to freenode is via a hidden service (mejokbp2brhw4omd.onion). Please see URL freenode.net/irc_servers.shtml for more info. Thanks!
[08-06-2006 00:01:21] Diconnected. Sleeping for 2 second(s).
[08-06-2006 00:01:23] >> Connecting to irc.freenode.net:6667
[08-06-2006 00:01:23] >> Connected to irc.freenode.net:6667, registering...
[08-06-2006 00:01:24] >> Warning: Invalid argument supplied for foreach() in /home/web/ezcommunity/ezcommunity/ezirc.ezcommunity.net/ezirc_v001_IQ-0.9.3/include/class.IQBot.php (line 304)
[08-06-2006 00:01:24] -sterling.freenode.net:ezlog- *** Banned: Tor access to freenode is via a hidden service (mejokbp2brhw4omd.onion). Please see URL freenode.net/irc_servers.shtml for more info. Thanks!
[08-06-2006 00:01:24] Diconnected. Sleeping for 2 second(s).
[08-06-2006 00:01:26] >> Connecting to irc.freenode.net:6667
[08-06-2006 00:01:26] >> Connected to irc.freenode.net:6667, registering...
[08-06-2006 00:01:26] >> Warning: Invalid argument supplied for foreach() in /home/web/ezcommunity/ezcommunity/ezirc.ezcommunity.net/ezirc_v001_IQ-0.9.3/include/class.IQBot.php (line 304)
[08-06-2006 00:01:26] -sterling.freenode.net:ezlog- *** Banned: Tor access to freenode is via a hidden service (mejokbp2brhw4omd.onion). Please see URL freenode.net/irc_servers.shtml for more info. Thanks!
[08-06-2006 00:01:26] Diconnected. Sleeping for 2 second(s).
[08-06-2006 00:01:28] >> Connecting to irc.freenode.net:6667
[08-06-2006 00:01:28] >> Connected to irc.freenode.net:6667, registering...
[08-06-2006 00:01:29] >> Warning: Invalid argument supplied for foreach() in /home/web/ezcommunity/ezcommunity/ezirc.ezcommunity.net/ezirc_v001_IQ-0.9.3/include/class.IQBot.php (line 304)
[08-06-2006 00:01:29] -sterling.freenode.net:ezlog- *** Banned: Tor access to freenode is via a hidden service (mejokbp2brhw4omd.onion). Please see URL freenode.net/irc_servers.shtml for more info. Thanks!
[08-06-2006 00:01:29] Diconnected. Sleeping for 2 second(s).
[08-06-2006 00:01:31] >> Connecting to irc.freenode.net:6667
[08-06-2006 00:01:31] >> Connected to irc.freenode.net:6667, registering...
[08-06-2006 00:01:31] >> Warning: Invalid argument supplied for foreach() in /home/web/ezcommunity/ezcommunity/ezirc.ezcommunity.net/ezirc_v001_IQ-0.9.3/include/class.IQBot.php (line 304)
[08-06-2006 00:01:31] -sterling.freenode.net:ezlog- *** Banned: Tor access to freenode is via a hidden service (mejokbp2brhw4omd.onion). Please see URL freenode.net/irc_servers.shtml for more info. Thanks!
[08-06-2006 00:01:31] Diconnected. Sleeping for 2 second(s).
[08-06-2006 00:01:33] >> Connecting to irc.freenode.net:6667
[08-06-2006 00:01:33] >> Connected to irc.freenode.net:6667, registering...
[08-06-2006 00:01:34] >> Warning: Invalid argument supplied for foreach() in /home/web/ezcommunity/ezcommunity/ezirc.ezcommunity.net/ezirc_v001_IQ-0.9.3/include/class.IQBot.php (line 304)
[08-06-2006 00:01:34] -calvino.freenode.net:ezlog- *** Banned: Tor access to freenode is via a hidden service (mejokbp2brhw4omd.onion). Please see URL freenode.net/irc_servers.shtml for more info. Thanks!
[08-06-2006 00:01:34] Diconnected. Sleeping for 2 second(s).
[08-06-2006 00:01:36] >> Connecting to irc.freenode.net:6667
[08-06-2006 00:01:36] >> Connected to irc.freenode.net:6667, registering...
[08-06-2006 00:01:36] >> Warning: Invalid argument supplied for foreach() in /home/web/ezcommunity/ezcommunity/ezirc.ezcommunity.net/ezirc_v001_IQ-0.9.3/include/class.IQBot.php (line 304)
[08-06-2006 00:01:36] -sterling.freenode.net:ezlog- *** Banned: Tor access to freenode is via a hidden service (mejokbp2brhw4omd.onion). Please see URL freenode.net/irc_servers.shtml for more info. Thanks!
[08-06-2006 00:01:36] Diconnected. Sleeping for 2 second(s).
[08-06-2006 00:01:38] >> Connecting to irc.freenode.net:6667
[08-06-2006 00:01:38] >> Connected to irc.freenode.net:6667, registering...
[08-06-2006 00:01:39] >> Warning: Invalid argument supplied for foreach() in /home/web/ezcommunity/ezcommunity/ezirc.ezcommunity.net/ezirc_v001_IQ-0.9.3/include/class.IQBot.php (line 304)
[08-06-2006 00:01:39] -sterling.freenode.net:ezlog- *** Banned: Tor access to freenode is via a hidden service (mejokbp2brhw4omd.onion). Please see URL freenode.net/irc_servers.shtml for more info. Thanks!
[08-06-2006 00:01:39] Diconnected. Sleeping for 2 second(s).
[08-06-2006 00:01:41] >> Connecting to irc.freenode.net:6667
[08-06-2006 00:01:41] >> Connected to irc.freenode.net:6667, registering...
[08-06-2006 00:01:41] >> Warning: Invalid argument supplied for foreach() in /home/web/ezcommunity/ezcommunity/ezirc.ezcommunity.net/ezirc_v001_IQ-0.9.3/include/class.IQBot.php (line 304)
[08-06-2006 00:01:41] -sterling.freenode.net:ezlog- *** Banned: Tor access to freenode is via a hidden service (mejokbp2brhw4omd.onion). Please see URL freenode.net/irc_servers.shtml for more info. Thanks!
[08-06-2006 00:01:41] Diconnected. Sleeping for 2 second(s).
[08-06-2006 00:01:43] >> Connecting to irc.freenode.net:6667
[08-06-2006 00:01:43] >> Connected to irc.freenode.net:6667, registering...
[08-06-2006 00:01:43] >> Warning: Invalid argument supplied for foreach() in /home/web/ezcommunity/ezcommunity/ezirc.ezcommunity.net/ezirc_v001_IQ-0.9.3/include/class.IQBot.php (line 304)
[08-06-2006 00:01:43] -sterling.freenode.net:ezlog- *** Banned: Tor access to freenode is via a hidden service (mejokbp2brhw4omd.onion). Please see URL freenode.net/irc_servers.shtml for more info. Thanks!
[08-06-2006 00:01:43] Diconnected. Sleeping for 2 second(s).
[08-06-2006 00:01:45] >> Connecting to irc.freenode.net:6667
[08-06-2006 00:01:46] >> Connected to irc.freenode.net:6667, registering...
[08-06-2006 00:01:46] >> Warning: Invalid argument supplied for foreach() in /home/web/ezcommunity/ezcommunity/ezirc.ezcommunity.net/ezirc_v001_IQ-0.9.3/include/class.IQBot.php (line 304)
[08-06-2006 00:01:46] -calvino.freenode.net:ezlog- *** Banned: Tor access to freenode is via a hidden service (mejokbp2brhw4omd.onion). Please see URL freenode.net/irc_servers.shtml for more info. Thanks!
[08-06-2006 00:01:46] Diconnected. Sleeping for 2 second(s).
[08-06-2006 00:01:48] >> Connecting to irc.freenode.net:6667
[08-06-2006 00:01:48] >> Connected to irc.freenode.net:6667, registering...
[08-06-2006 00:01:48] >> Warning: Invalid argument supplied for foreach() in /home/web/ezcommunity/ezcommunity/ezirc.ezcommunity.net/ezirc_v001_IQ-0.9.3/include/class.IQBot.php (line 304)
[08-06-2006 00:01:48] -sterling.freenode.net:ezlog- *** Banned: Tor access to freenode is via a hidden service (mejokbp2brhw4omd.onion). Please see URL freenode.net/irc_servers.shtml for more info. Thanks!
[08-06-2006 00:01:48] Diconnected. Sleeping for 2 second(s).
[08-06-2006 00:01:50] >> Connecting to irc.freenode.net:6667
[08-06-2006 00:01:51] >> Connected to irc.freenode.net:6667, registering...
[08-06-2006 00:01:51] >> Warning: Invalid argument supplied for foreach() in /home/web/ezcommunity/ezcommunity/ezirc.ezcommunity.net/ezirc_v001_IQ-0.9.3/include/class.IQBot.php (line 304)
[08-06-2006 00:01:51] -sterling.freenode.net:ezlog- *** Banned: Tor access to freenode is via a hidden service (mejokbp2brhw4omd.onion). Please see URL freenode.net/irc_servers.shtml for more info. Thanks!
[08-06-2006 00:01:51] Diconnected. Sleeping for 2 second(s).
[08-06-2006 00:01:53] >> Connecting to irc.freenode.net:6667
[08-06-2006 00:01:53] >> Connected to irc.freenode.net:6667, registering...
[08-06-2006 00:01:53] >> Warning: Invalid argument supplied for foreach() in /home/web/ezcommunity/ezcommunity/ezirc.ezcommunity.net/ezirc_v001_IQ-0.9.3/include/class.IQBot.php (line 304)
[08-06-2006 00:01:53] -sterling.freenode.net:ezlog- *** Banned: Tor access to freenode is via a hidden service (mejokbp2brhw4omd.onion). Please see URL freenode.net/irc_servers.shtml for more info. Thanks!
[08-06-2006 00:01:53] Diconnected. Sleeping for 2 second(s).
[08-06-2006 00:01:55] >> Connecting to irc.freenode.net:6667
[08-06-2006 00:01:56] >> Connected to irc.freenode.net:6667, registering...
[08-06-2006 00:01:56] >> Warning: Invalid argument supplied for foreach() in /home/web/ezcommunity/ezcommunity/ezirc.ezcommunity.net/ezirc_v001_IQ-0.9.3/include/class.IQBot.php (line 304)
[08-06-2006 00:01:56] -sterling.freenode.net:ezlog- *** Banned: Tor access to freenode is via a hidden service (mejokbp2brhw4omd.onion). Please see URL freenode.net/irc_servers.shtml for more info. Thanks!
[08-06-2006 00:01:56] Diconnected. Sleeping for 2 second(s).
[08-06-2006 00:01:58] >> Connecting to irc.freenode.net:6667
[08-06-2006 00:01:58] >> Connected to irc.freenode.net:6667, registering...
[08-06-2006 00:01:58] >> Warning: Invalid argument supplied for foreach() in /home/web/ezcommunity/ezcommunity/ezirc.ezcommunity.net/ezirc_v001_IQ-0.9.3/include/class.IQBot.php (line 304)
[08-06-2006 00:01:58] -calvino.freenode.net:ezlog- *** Banned: Tor access to freenode is via a hidden service (mejokbp2brhw4omd.onion). Please see URL freenode.net/irc_servers.shtml for more info. Thanks!
[08-06-2006 00:01:58] Diconnected. Sleeping for 2 second(s).
[08-06-2006 00:02:00] >> Connecting to irc.freenode.net:6667
[08-06-2006 00:02:00] >> Connected to irc.freenode.net:6667, registering...
[08-06-2006 00:02:01] >> Warning: Invalid argument supplied for foreach() in /home/web/ezcommunity/ezcommunity/ezirc.ezcommunity.net/ezirc_v001_IQ-0.9.3/include/class.IQBot.php (line 304)
[08-06-2006 00:02:01] -sterling.freenode.net:ezlog- *** Banned: Tor access to freenode is via a hidden service (mejokbp2brhw4omd.onion). Please see URL freenode.net/irc_servers.shtml for more info. Thanks!
[08-06-2006 00:02:01] Diconnected. Sleeping for 2 second(s).
[08-06-2006 00:02:03] >> Connecting to irc.freenode.net:6667
[08-06-2006 00:02:03] >> Connected to irc.freenode.net:6667, registering...
[08-06-2006 00:02:03] >> Warning: Invalid argument supplied for foreach() in /home/web/ezcommunity/ezcommunity/ezirc.ezcommunity.net/ezirc_v001_IQ-0.9.3/include/class.IQBot.php (line 304)
[08-06-2006 00:02:03] -sterling.freenode.net:ezlog- *** Banned: Tor access to freenode is via a hidden service (mejokbp2brhw4omd.onion). Please see URL freenode.net/irc_servers.shtml for more info. Thanks!
[08-06-2006 00:02:03] Diconnected. Sleeping for 2 second(s).
[08-06-2006 00:02:05] >> Connecting to irc.freenode.net:6667
[08-06-2006 00:02:05] >> Connected to irc.freenode.net:6667, registering...
[08-06-2006 00:02:06] >> Warning: Invalid argument supplied for foreach() in /home/web/ezcommunity/ezcommunity/ezirc.ezcommunity.net/ezirc_v001_IQ-0.9.3/include/class.IQBot.php (line 304)
[08-06-2006 00:02:06] -sterling.freenode.net:ezlog- *** Banned: Tor access to freenode is via a hidden service (mejokbp2brhw4omd.onion). Please see URL freenode.net/irc_servers.shtml for more info. Thanks!
[08-06-2006 00:02:06] Diconnected. Sleeping for 2 second(s).
[08-06-2006 00:02:08] >> Connecting to irc.freenode.net:6667
[08-06-2006 00:02:08] >> Connected to irc.freenode.net:6667, registering...
[08-06-2006 00:02:08] >> Warning: Invalid argument supplied for foreach() in /home/web/ezcommunity/ezcommunity/ezirc.ezcommunity.net/ezirc_v001_IQ-0.9.3/include/class.IQBot.php (line 304)
[08-06-2006 00:02:08] -sterling.freenode.net:ezlog- *** Banned: Tor access to freenode is via a hidden service (mejokbp2brhw4omd.onion). Please see URL freenode.net/irc_servers.shtml for more info. Thanks!
[08-06-2006 00:02:08] Diconnected. Sleeping for 2 second(s).
[08-06-2006 00:02:10] >> Connecting to irc.freenode.net:6667
[08-06-2006 00:02:10] >> Connected to irc.freenode.net:6667, registering...
[08-06-2006 00:02:11] >> Warning: Invalid argument supplied for foreach() in /home/web/ezcommunity/ezcommunity/ezirc.ezcommunity.net/ezirc_v001_IQ-0.9.3/include/class.IQBot.php (line 304)
[08-06-2006 00:02:11] -calvino.freenode.net:ezlog- *** Banned: Tor access to freenode is via a hidden service (mejokbp2brhw4omd.onion). Please see URL freenode.net/irc_servers.shtml for more info. Thanks!
[08-06-2006 00:02:11] Diconnected. Sleeping for 2 second(s).
[08-06-2006 00:02:13] >> Connecting to irc.freenode.net:6667
[08-06-2006 00:02:13] >> Connected to irc.freenode.net:6667, registering...
[08-06-2006 00:02:13] >> Warning: Invalid argument supplied for foreach() in /home/web/ezcommunity/ezcommunity/ezirc.ezcommunity.net/ezirc_v001_IQ-0.9.3/include/class.IQBot.php (line 304)
[08-06-2006 00:02:13] -sterling.freenode.net:ezlog- *** Banned: Tor access to freenode is via a hidden service (mejokbp2brhw4omd.onion). Please see URL freenode.net/irc_servers.shtml for more info. Thanks!
[08-06-2006 00:02:13] Diconnected. Sleeping for 2 second(s).
[08-06-2006 00:02:15] >> Connecting to irc.freenode.net:6667
[08-06-2006 00:02:15] >> Connected to irc.freenode.net:6667, registering...
[08-06-2006 00:02:16] >> Warning: Invalid argument supplied for foreach() in /home/web/ezcommunity/ezcommunity/ezirc.ezcommunity.net/ezirc_v001_IQ-0.9.3/include/class.IQBot.php (line 304)
[08-06-2006 00:02:16] -sterling.freenode.net:ezlog- *** Banned: Tor access to freenode is via a hidden service (mejokbp2brhw4omd.onion). Please see URL freenode.net/irc_servers.shtml for more info. Thanks!
[08-06-2006 00:02:16] Diconnected. Sleeping for 2 second(s).
[08-06-2006 00:02:18] >> Connecting to irc.freenode.net:6667
[08-06-2006 00:02:18] >> Connected to irc.freenode.net:6667, registering...
[08-06-2006 00:02:18] >> Warning: Invalid argument supplied for foreach() in /home/web/ezcommunity/ezcommunity/ezirc.ezcommunity.net/ezirc_v001_IQ-0.9.3/include/class.IQBot.php (line 304)
[08-06-2006 00:02:18] -sterling.freenode.net:ezlog- *** Banned: Tor access to freenode is via a hidden service (mejokbp2brhw4omd.onion). Please see URL freenode.net/irc_servers.shtml for more info. Thanks!
[08-06-2006 00:02:18] Diconnected. Sleeping for 2 second(s).
[08-06-2006 00:02:20] >> Connecting to irc.freenode.net:6667
[08-06-2006 00:02:20] >> Connected to irc.freenode.net:6667, registering...
[08-06-2006 00:02:21] >> Warning: Invalid argument supplied for foreach() in /home/web/ezcommunity/ezcommunity/ezirc.ezcommunity.net/ezirc_v001_IQ-0.9.3/include/class.IQBot.php (line 304)
[08-06-2006 00:02:21] -sterling.freenode.net:ezlog- *** Banned: Tor access to freenode is via a hidden service (mejokbp2brhw4omd.onion). Please see URL freenode.net/irc_servers.shtml for more info. Thanks!
[08-06-2006 00:02:21] Diconnected. Sleeping for 2 second(s).
[08-06-2006 00:02:23] >> Connecting to irc.freenode.net:6667
[08-06-2006 00:02:23] >> Connected to irc.freenode.net:6667, registering...
[08-06-2006 00:02:23] >> Warning: Invalid argument supplied for foreach() in /home/web/ezcommunity/ezcommunity/ezirc.ezcommunity.net/ezirc_v001_IQ-0.9.3/include/class.IQBot.php (line 304)
[08-06-2006 00:02:23] -calvino.freenode.net:ezlog- *** Banned: Tor access to freenode is via a hidden service (mejokbp2brhw4omd.onion). Please see URL freenode.net/irc_servers.shtml for more info. Thanks!
[08-06-2006 00:02:23] Diconnected. Sleeping for 2 second(s).
[08-06-2006 00:02:25] >> Connecting to irc.freenode.net:6667
[08-06-2006 00:02:25] >> Connected to irc.freenode.net:6667, registering...
[08-06-2006 00:02:26] >> Warning: Invalid argument supplied for foreach() in /home/web/ezcommunity/ezcommunity/ezirc.ezcommunity.net/ezirc_v001_IQ-0.9.3/include/class.IQBot.php (line 304)
[08-06-2006 00:02:26] -sterling.freenode.net:ezlog- *** Banned: Tor access to freenode is via a hidden service (mejokbp2brhw4omd.onion). Please see URL freenode.net/irc_servers.shtml for more info. Thanks!
[08-06-2006 00:02:26] Diconnected. Sleeping for 2 second(s).
[08-06-2006 00:02:28] >> Connecting to irc.freenode.net:6667
[08-06-2006 00:02:28] >> Connected to irc.freenode.net:6667, registering...
[08-06-2006 00:02:28] >> Warning: Invalid argument supplied for foreach() in /home/web/ezcommunity/ezcommunity/ezirc.ezcommunity.net/ezirc_v001_IQ-0.9.3/include/class.IQBot.php (line 304)
[08-06-2006 00:02:28] -sterling.freenode.net:ezlog- *** Banned: Tor access to freenode is via a hidden service (mejokbp2brhw4omd.onion). Please see URL freenode.net/irc_servers.shtml for more info. Thanks!
[08-06-2006 00:02:28] Diconnected. Sleeping for 2 second(s).
[08-06-2006 00:02:30] >> Connecting to irc.freenode.net:6667
[08-06-2006 00:02:30] >> Connected to irc.freenode.net:6667, registering...
[08-06-2006 00:02:31] >> Warning: Invalid argument supplied for foreach() in /home/web/ezcommunity/ezcommunity/ezirc.ezcommunity.net/ezirc_v001_IQ-0.9.3/include/class.IQBot.php (line 304)
[08-06-2006 00:02:31] -sterling.freenode.net:ezlog- *** Banned: Tor access to freenode is via a hidden service (mejokbp2brhw4omd.onion). Please see URL freenode.net/irc_servers.shtml for more info. Thanks!
[08-06-2006 00:02:31] Diconnected. Sleeping for 2 second(s).
[08-06-2006 00:02:33] >> Connecting to irc.freenode.net:6667
[08-06-2006 00:02:33] >> Connected to irc.freenode.net:6667, registering...
[08-06-2006 00:02:33] >> Warning: Invalid argument supplied for foreach() in /home/web/ezcommunity/ezcommunity/ezirc.ezcommunity.net/ezirc_v001_IQ-0.9.3/include/class.IQBot.php (line 304)
[08-06-2006 00:02:33] -sterling.freenode.net:ezlog- *** Banned: Tor access to freenode is via a hidden service (mejokbp2brhw4omd.onion). Please see URL freenode.net/irc_servers.shtml for more info. Thanks!
[08-06-2006 00:02:33] Diconnected. Sleeping for 2 second(s).
[08-06-2006 00:02:35] >> Connecting to irc.freenode.net:6667
[08-06-2006 00:02:35] >> Connected to irc.freenode.net:6667, registering...
[08-06-2006 00:02:35] >> Warning: Invalid argument supplied for foreach() in /home/web/ezcommunity/ezcommunity/ezirc.ezcommunity.net/ezirc_v001_IQ-0.9.3/include/class.IQBot.php (line 304)
[08-06-2006 00:02:35] -calvino.freenode.net:ezlog- *** Banned: Tor access to freenode is via a hidden service (mejokbp2brhw4omd.onion). Please see URL freenode.net/irc_servers.shtml for more info. Thanks!
[08-06-2006 00:02:35] Diconnected. Sleeping for 2 second(s).
[08-06-2006 00:02:37] >> Connecting to irc.freenode.net:6667
[08-06-2006 00:02:37] >> Connected to irc.freenode.net:6667, registering...
[08-06-2006 00:02:38] >> Warning: Invalid argument supplied for foreach() in /home/web/ezcommunity/ezcommunity/ezirc.ezcommunity.net/ezirc_v001_IQ-0.9.3/include/class.IQBot.php (line 304)
[08-06-2006 00:02:38] -sterling.freenode.net:ezlog- *** Banned: Tor access to freenode is via a hidden service (mejokbp2brhw4omd.onion). Please see URL freenode.net/irc_servers.shtml for more info. Thanks!
[08-06-2006 00:02:38] Diconnected. Sleeping for 2 second(s).
[08-06-2006 00:02:40] >> Connecting to irc.freenode.net:6667
[08-06-2006 00:02:40] >> Connected to irc.freenode.net:6667, registering...
[08-06-2006 00:02:40] >> Warning: Invalid argument supplied for foreach() in /home/web/ezcommunity/ezcommunity/ezirc.ezcommunity.net/ezirc_v001_IQ-0.9.3/include/class.IQBot.php (line 304)
[08-06-2006 00:02:40] -sterling.freenode.net:ezlog- *** Banned: Tor access to freenode is via a hidden service (mejokbp2brhw4omd.onion). Please see URL freenode.net/irc_servers.shtml for more info. Thanks!
[08-06-2006 00:02:40] Diconnected. Sleeping for 2 second(s).
[08-06-2006 00:02:42] >> Connecting to irc.freenode.net:6667
[08-06-2006 00:02:42] >> Connected to irc.freenode.net:6667, registering...
[08-06-2006 00:02:43] >> Warning: Invalid argument supplied for foreach() in /home/web/ezcommunity/ezcommunity/ezirc.ezcommunity.net/ezirc_v001_IQ-0.9.3/include/class.IQBot.php (line 304)
[08-06-2006 00:02:43] -sterling.freenode.net:ezlog- *** Banned: Tor access to freenode is via a hidden service (mejokbp2brhw4omd.onion). Please see URL freenode.net/irc_servers.shtml for more info. Thanks!
[08-06-2006 00:02:43] Diconnected. Sleeping for 2 second(s).
[08-06-2006 00:02:45] >> Connecting to irc.freenode.net:6667
[08-06-2006 00:02:45] >> Connected to irc.freenode.net:6667, registering...
[08-06-2006 00:02:45] >> Warning: Invalid argument supplied for foreach() in /home/web/ezcommunity/ezcommunity/ezirc.ezcommunity.net/ezirc_v001_IQ-0.9.3/include/class.IQBot.php (line 304)
[08-06-2006 00:02:45] -sterling.freenode.net:ezlog- *** Banned: Tor access to freenode is via a hidden service (mejokbp2brhw4omd.onion). Please see URL freenode.net/irc_servers.shtml for more info. Thanks!
[08-06-2006 00:02:45] Diconnected. Sleeping for 2 second(s).
[08-06-2006 00:02:47] >> Connecting to irc.freenode.net:6667
[08-06-2006 00:02:47] >> Connected to irc.freenode.net:6667, registering...
[08-06-2006 00:02:48] >> Warning: Invalid argument supplied for foreach() in /home/web/ezcommunity/ezcommunity/ezirc.ezcommunity.net/ezirc_v001_IQ-0.9.3/include/class.IQBot.php (line 304)
[08-06-2006 00:02:48] -calvino.freenode.net:ezlog- *** Banned: Tor access to freenode is via a hidden service (mejokbp2brhw4omd.onion). Please see URL freenode.net/irc_servers.shtml for more info. Thanks!
[08-06-2006 00:02:48] Diconnected. Sleeping for 2 second(s).
[08-06-2006 00:02:50] >> Connecting to irc.freenode.net:6667
[08-06-2006 00:02:50] >> Connected to irc.freenode.net:6667, registering...
[08-06-2006 00:02:50] >> Warning: Invalid argument supplied for foreach() in /home/web/ezcommunity/ezcommunity/ezirc.ezcommunity.net/ezirc_v001_IQ-0.9.3/include/class.IQBot.php (line 304)
[08-06-2006 00:02:50] -sterling.freenode.net:ezlog- *** Banned: Tor access to freenode is via a hidden service (mejokbp2brhw4omd.onion). Please see URL freenode.net/irc_servers.shtml for more info. Thanks!
[08-06-2006 00:02:50] Diconnected. Sleeping for 2 second(s).
[08-06-2006 00:02:52] >> Connecting to irc.freenode.net:6667
[08-06-2006 00:02:52] >> Connected to irc.freenode.net:6667, registering...
[08-06-2006 00:02:53] >> Warning: Invalid argument supplied for foreach() in /home/web/ezcommunity/ezcommunity/ezirc.ezcommunity.net/ezirc_v001_IQ-0.9.3/include/class.IQBot.php (line 304)
[08-06-2006 00:02:53] -sterling.freenode.net:ezlog- *** Banned: Tor access to freenode is via a hidden service (mejokbp2brhw4omd.onion). Please see URL freenode.net/irc_servers.shtml for more info. Thanks!
[08-06-2006 00:02:53] Diconnected. Sleeping for 2 second(s).
[08-06-2006 00:02:55] >> Connecting to irc.freenode.net:6667
[08-06-2006 00:02:55] >> Connected to irc.freenode.net:6667, registering...
[08-06-2006 00:02:55] >> Warning: Invalid argument supplied for foreach() in /home/web/ezcommunity/ezcommunity/ezirc.ezcommunity.net/ezirc_v001_IQ-0.9.3/include/class.IQBot.php (line 304)
[08-06-2006 00:02:55] -sterling.freenode.net:ezlog- *** Banned: Tor access to freenode is via a hidden service (mejokbp2brhw4omd.onion). Please see URL freenode.net/irc_servers.shtml for more info. Thanks!
[08-06-2006 00:02:55] Diconnected. Sleeping for 2 second(s).
[08-06-2006 00:02:57] >> Connecting to irc.freenode.net:6667
[08-06-2006 00:02:57] >> Connected to irc.freenode.net:6667, registering...
[08-06-2006 00:02:58] >> Warning: Invalid argument supplied for foreach() in /home/web/ezcommunity/ezcommunity/ezirc.ezcommunity.net/ezirc_v001_IQ-0.9.3/include/class.IQBot.php (line 304)
[08-06-2006 00:02:58] -sterling.freenode.net:ezlog- *** Banned: Tor access to freenode is via a hidden service (mejokbp2brhw4omd.onion). Please see URL freenode.net/irc_servers.shtml for more info. Thanks!
[08-06-2006 00:02:58] Diconnected. Sleeping for 2 second(s).
[08-06-2006 00:03:00] >> Connecting to irc.freenode.net:6667
[08-06-2006 00:03:00] >> Connected to irc.freenode.net:6667, registering...
[08-06-2006 00:03:00] >> Warning: Invalid argument supplied for foreach() in /home/web/ezcommunity/ezcommunity/ezirc.ezcommunity.net/ezirc_v001_IQ-0.9.3/include/class.IQBot.php (line 304)
[08-06-2006 00:03:00] -calvino.freenode.net:ezlog- *** Banned: Tor access to freenode is via a hidden service (mejokbp2brhw4omd.onion). Please see URL freenode.net/irc_servers.shtml for more info. Thanks!
[08-06-2006 00:03:00] Diconnected. Sleeping for 2 second(s).
[08-06-2006 00:03:02] >> Connecting to irc.freenode.net:6667
[08-06-2006 00:03:02] >> Connected to irc.freenode.net:6667, registering...
[08-06-2006 00:03:03] >> Warning: Invalid argument supplied for foreach() in /home/web/ezcommunity/ezcommunity/ezirc.ezcommunity.net/ezirc_v001_IQ-0.9.3/include/class.IQBot.php (line 304)
[08-06-2006 00:03:03] -sterling.freenode.net:ezlog- *** Banned: Tor access to freenode is via a hidden service (mejokbp2brhw4omd.onion). Please see URL freenode.net/irc_servers.shtml for more info. Thanks!
[08-06-2006 00:03:03] Diconnected. Sleeping for 2 second(s).
[08-06-2006 00:03:05] >> Connecting to irc.freenode.net:6667
[08-06-2006 00:03:05] >> Connected to irc.freenode.net:6667, registering...
[08-06-2006 00:03:05] >> Warning: Invalid argument supplied for foreach() in /home/web/ezcommunity/ezcommunity/ezirc.ezcommunity.net/ezirc_v001_IQ-0.9.3/include/class.IQBot.php (line 304)
[08-06-2006 00:03:05] -sterling.freenode.net:ezlog- *** Banned: Tor access to freenode is via a hidden service (mejokbp2brhw4omd.onion). Please see URL freenode.net/irc_servers.shtml for more info. Thanks!
[08-06-2006 00:03:05] Diconnected. Sleeping for 2 second(s).
[08-06-2006 00:03:07] >> Connecting to irc.freenode.net:6667
[08-06-2006 00:03:07] >> Connected to irc.freenode.net:6667, registering...
[08-06-2006 00:03:08] >> Warning: Invalid argument supplied for foreach() in /home/web/ezcommunity/ezcommunity/ezirc.ezcommunity.net/ezirc_v001_IQ-0.9.3/include/class.IQBot.php (line 304)
[08-06-2006 00:03:08] -sterling.freenode.net:ezlog- *** Banned: Tor access to freenode is via a hidden service (mejokbp2brhw4omd.onion). Please see URL freenode.net/irc_servers.shtml for more info. Thanks!
[08-06-2006 00:03:08] Diconnected. Sleeping for 2 second(s).
[08-06-2006 00:03:10] >> Connecting to irc.freenode.net:6667
[08-06-2006 00:03:10] >> Connected to irc.freenode.net:6667, registering...
[08-06-2006 00:03:10] >> Warning: Invalid argument supplied for foreach() in /home/web/ezcommunity/ezcommunity/ezirc.ezcommunity.net/ezirc_v001_IQ-0.9.3/include/class.IQBot.php (line 304)
[08-06-2006 00:03:10] -sterling.freenode.net:ezlog- *** Banned: Tor access to freenode is via a hidden service (mejokbp2brhw4omd.onion). Please see URL freenode.net/irc_servers.shtml for more info. Thanks!
[08-06-2006 00:03:10] Diconnected. Sleeping for 2 second(s).
[08-06-2006 00:03:12] >> Connecting to irc.freenode.net:6667
[08-06-2006 00:03:12] >> Connected to irc.freenode.net:6667, registering...
[08-06-2006 00:03:12] >> Warning: Invalid argument supplied for foreach() in /home/web/ezcommunity/ezcommunity/ezirc.ezcommunity.net/ezirc_v001_IQ-0.9.3/include/class.IQBot.php (line 304)
[08-06-2006 00:03:12] -calvino.freenode.net:ezlog- *** Banned: Tor access to freenode is via a hidden service (mejokbp2brhw4omd.onion). Please see URL freenode.net/irc_servers.shtml for more info. Thanks!
[08-06-2006 00:03:12] Diconnected. Sleeping for 2 second(s).
[08-06-2006 00:03:14] >> Connecting to irc.freenode.net:6667
[08-06-2006 00:03:15] >> Connected to irc.freenode.net:6667, registering...
[08-06-2006 00:03:15] >> Warning: Invalid argument supplied for foreach() in /home/web/ezcommunity/ezcommunity/ezirc.ezcommunity.net/ezirc_v001_IQ-0.9.3/include/class.IQBot.php (line 304)
[08-06-2006 00:03:15] -sterling.freenode.net:ezlog- *** Banned: Tor access to freenode is via a hidden service (mejokbp2brhw4omd.onion). Please see URL freenode.net/irc_servers.shtml for more info. Thanks!
[08-06-2006 00:03:15] Diconnected. Sleeping for 2 second(s).
[08-06-2006 00:03:17] >> Connecting to irc.freenode.net:6667
[08-06-2006 00:03:17] >> Connected to irc.freenode.net:6667, registering...
[08-06-2006 00:03:17] >> Warning: Invalid argument supplied for foreach() in /home/web/ezcommunity/ezcommunity/ezirc.ezcommunity.net/ezirc_v001_IQ-0.9.3/include/class.IQBot.php (line 304)
[08-06-2006 00:03:17] -sterling.freenode.net:ezlog- *** Banned: Tor access to freenode is via a hidden service (mejokbp2brhw4omd.onion). Please see URL freenode.net/irc_servers.shtml for more info. Thanks!
[08-06-2006 00:03:17] Diconnected. Sleeping for 2 second(s).
[08-06-2006 00:03:19] >> Connecting to irc.freenode.net:6667
[08-06-2006 00:03:19] >> Connected to irc.freenode.net:6667, registering...
[08-06-2006 00:03:20] >> Warning: Invalid argument supplied for foreach() in /home/web/ezcommunity/ezcommunity/ezirc.ezcommunity.net/ezirc_v001_IQ-0.9.3/include/class.IQBot.php (line 304)
[08-06-2006 00:03:20] -sterling.freenode.net:ezlog- *** Banned: Tor access to freenode is via a hidden service (mejokbp2brhw4omd.onion). Please see URL freenode.net/irc_servers.shtml for more info. Thanks!
[08-06-2006 00:03:20] Diconnected. Sleeping for 2 second(s).
[08-06-2006 00:03:22] >> Connecting to irc.freenode.net:6667
[08-06-2006 00:03:22] >> Connected to irc.freenode.net:6667, registering...
[08-06-2006 00:03:22] >> Warning: Invalid argument supplied for foreach() in /home/web/ezcommunity/ezcommunity/ezirc.ezcommunity.net/ezirc_v001_IQ-0.9.3/include/class.IQBot.php (line 304)
[08-06-2006 00:03:22] -sterling.freenode.net:ezlog- *** Banned: Tor access to freenode is via a hidden service (mejokbp2brhw4omd.onion). Please see URL freenode.net/irc_servers.shtml for more info. Thanks!
[08-06-2006 00:03:22] Diconnected. Sleeping for 2 second(s).
[08-06-2006 00:03:24] >> Connecting to irc.freenode.net:6667
[08-06-2006 00:03:24] >> Connected to irc.freenode.net:6667, registering...
[08-06-2006 00:03:25] >> Warning: Invalid argument supplied for foreach() in /home/web/ezcommunity/ezcommunity/ezirc.ezcommunity.net/ezirc_v001_IQ-0.9.3/include/class.IQBot.php (line 304)
[08-06-2006 00:03:25] -calvino.freenode.net:ezlog- *** Banned: Tor access to freenode is via a hidden service (mejokbp2brhw4omd.onion). Please see URL freenode.net/irc_servers.shtml for more info. Thanks!
[08-06-2006 00:03:25] Diconnected. Sleeping for 2 second(s).
[08-06-2006 00:03:27] >> Connecting to irc.freenode.net:6667
[08-06-2006 00:03:27] >> Connected to irc.freenode.net:6667, registering...
[08-06-2006 00:03:27] >> Warning: Invalid argument supplied for foreach() in /home/web/ezcommunity/ezcommunity/ezirc.ezcommunity.net/ezirc_v001_IQ-0.9.3/include/class.IQBot.php (line 304)
[08-06-2006 00:03:27] -sterling.freenode.net:ezlog- *** Banned: Tor access to freenode is via a hidden service (mejokbp2brhw4omd.onion). Please see URL freenode.net/irc_servers.shtml for more info. Thanks!
[08-06-2006 00:03:27] Diconnected. Sleeping for 2 second(s).
[08-06-2006 00:03:29] >> Connecting to irc.freenode.net:6667
[08-06-2006 00:03:29] >> Connected to irc.freenode.net:6667, registering...
[08-06-2006 00:03:30] >> Warning: Invalid argument supplied for foreach() in /home/web/ezcommunity/ezcommunity/ezirc.ezcommunity.net/ezirc_v001_IQ-0.9.3/include/class.IQBot.php (line 304)
[08-06-2006 00:03:30] -sterling.freenode.net:ezlog- *** Banned: Tor access to freenode is via a hidden service (mejokbp2brhw4omd.onion). Please see URL freenode.net/irc_servers.shtml for more info. Thanks!
[08-06-2006 00:03:30] Diconnected. Sleeping for 2 second(s).
[08-06-2006 00:03:32] >> Connecting to irc.freenode.net:6667
[08-06-2006 00:03:32] >> Connected to irc.freenode.net:6667, registering...
[08-06-2006 00:03:32] >> Warning: Invalid argument supplied for foreach() in /home/web/ezcommunity/ezcommunity/ezirc.ezcommunity.net/ezirc_v001_IQ-0.9.3/include/class.IQBot.php (line 304)
[08-06-2006 00:03:32] -sterling.freenode.net:ezlog- *** Banned: Tor access to freenode is via a hidden service (mejokbp2brhw4omd.onion). Please see URL freenode.net/irc_servers.shtml for more info. Thanks!
[08-06-2006 00:03:32] Diconnected. Sleeping for 2 second(s).
[08-06-2006 00:03:34] >> Connecting to irc.freenode.net:6667
[08-06-2006 00:03:34] >> Connected to irc.freenode.net:6667, registering...
[08-06-2006 00:03:35] >> Warning: Invalid argument supplied for foreach() in /home/web/ezcommunity/ezcommunity/ezirc.ezcommunity.net/ezirc_v001_IQ-0.9.3/include/class.IQBot.php (line 304)
[08-06-2006 00:03:35] -sterling.freenode.net:ezlog- *** Banned: Tor access to freenode is via a hidden service (mejokbp2brhw4omd.onion). Please see URL freenode.net/irc_servers.shtml for more info. Thanks!
[08-06-2006 00:03:35] Diconnected. Sleeping for 2 second(s).
[08-06-2006 00:03:37] >> Connecting to irc.freenode.net:6667
[08-06-2006 00:03:37] >> Connected to irc.freenode.net:6667, registering...
[08-06-2006 00:03:37] >> Warning: Invalid argument supplied for foreach() in /home/web/ezcommunity/ezcommunity/ezirc.ezcommunity.net/ezirc_v001_IQ-0.9.3/include/class.IQBot.php (line 304)
[08-06-2006 00:03:37] -calvino.freenode.net:ezlog- *** Banned: Tor access to freenode is via a hidden service (mejokbp2brhw4omd.onion). Please see URL freenode.net/irc_servers.shtml for more info. Thanks!
[08-06-2006 00:03:37] Diconnected. Sleeping for 2 second(s).
[08-06-2006 00:03:39] >> Connecting to irc.freenode.net:6667
[08-06-2006 00:03:39] >> Connected to irc.freenode.net:6667, registering...
[08-06-2006 00:03:40] >> Warning: Invalid argument supplied for foreach() in /home/web/ezcommunity/ezcommunity/ezirc.ezcommunity.net/ezirc_v001_IQ-0.9.3/include/class.IQBot.php (line 304)
[08-06-2006 00:03:40] -sterling.freenode.net:ezlog- *** Banned: Tor access to freenode is via a hidden service (mejokbp2brhw4omd.onion). Please see URL freenode.net/irc_servers.shtml for more info. Thanks!
[08-06-2006 00:03:40] Diconnected. Sleeping for 2 second(s).
[08-06-2006 00:03:42] >> Connecting to irc.freenode.net:6667
[08-06-2006 00:03:42] >> Connected to irc.freenode.net:6667, registering...
[08-06-2006 00:03:42] >> Warning: Invalid argument supplied for foreach() in /home/web/ezcommunity/ezcommunity/ezirc.ezcommunity.net/ezirc_v001_IQ-0.9.3/include/class.IQBot.php (line 304)
[08-06-2006 00:03:42] -sterling.freenode.net:ezlog- *** Banned: Tor access to freenode is via a hidden service (mejokbp2brhw4omd.onion). Please see URL freenode.net/irc_servers.shtml for more info. Thanks!
[08-06-2006 00:03:42] Diconnected. Sleeping for 2 second(s).
[08-06-2006 00:03:44] >> Connecting to irc.freenode.net:6667
[08-06-2006 00:03:44] >> Connected to irc.freenode.net:6667, registering...
[08-06-2006 00:03:44] >> Warning: Invalid argument supplied for foreach() in /home/web/ezcommunity/ezcommunity/ezirc.ezcommunity.net/ezirc_v001_IQ-0.9.3/include/class.IQBot.php (line 304)
[08-06-2006 00:03:44] -sterling.freenode.net:ezlog- *** Banned: Tor access to freenode is via a hidden service (mejokbp2brhw4omd.onion). Please see URL freenode.net/irc_servers.shtml for more info. Thanks!
[08-06-2006 00:03:44] Diconnected. Sleeping for 2 second(s).
[08-06-2006 00:03:46] >> Connecting to irc.freenode.net:6667
[08-06-2006 00:03:47] >> Connected to irc.freenode.net:6667, registering...
[08-06-2006 00:03:47] >> Warning: Invalid argument supplied for foreach() in /home/web/ezcommunity/ezcommunity/ezirc.ezcommunity.net/ezirc_v001_IQ-0.9.3/include/class.IQBot.php (line 304)
[08-06-2006 00:03:47] -sterling.freenode.net:ezlog- *** Banned: Tor access to freenode is via a hidden service (mejokbp2brhw4omd.onion). Please see URL freenode.net/irc_servers.shtml for more info. Thanks!
[08-06-2006 00:03:47] Diconnected. Sleeping for 2 second(s).
[08-06-2006 00:03:49] >> Connecting to irc.freenode.net:6667
[08-06-2006 00:03:49] >> Connected to irc.freenode.net:6667, registering...
[08-06-2006 00:03:49] >> Warning: Invalid argument supplied for foreach() in /home/web/ezcommunity/ezcommunity/ezirc.ezcommunity.net/ezirc_v001_IQ-0.9.3/include/class.IQBot.php (line 304)
[08-06-2006 00:03:49] -calvino.freenode.net:ezlog- *** Banned: Tor access to freenode is via a hidden service (mejokbp2brhw4omd.onion). Please see URL freenode.net/irc_servers.shtml for more info. Thanks!
[08-06-2006 00:03:49] Diconnected. Sleeping for 2 second(s).
[08-06-2006 00:03:51] >> Connecting to irc.freenode.net:6667
[08-06-2006 00:03:52] >> Connected to irc.freenode.net:6667, registering...
[08-06-2006 00:03:52] >> Warning: Invalid argument supplied for foreach() in /home/web/ezcommunity/ezcommunity/ezirc.ezcommunity.net/ezirc_v001_IQ-0.9.3/include/class.IQBot.php (line 304)
[08-06-2006 00:03:52] -sterling.freenode.net:ezlog- *** Banned: Tor access to freenode is via a hidden service (mejokbp2brhw4omd.onion). Please see URL freenode.net/irc_servers.shtml for more info. Thanks!
[08-06-2006 00:03:52] Diconnected. Sleeping for 2 second(s).
[08-06-2006 00:03:54] >> Connecting to irc.freenode.net:6667
[08-06-2006 00:03:54] >> Connected to irc.freenode.net:6667, registering...
[08-06-2006 00:03:54] >> Warning: Invalid argument supplied for foreach() in /home/web/ezcommunity/ezcommunity/ezirc.ezcommunity.net/ezirc_v001_IQ-0.9.3/include/class.IQBot.php (line 304)
[08-06-2006 00:03:54] -sterling.freenode.net:ezlog- *** Banned: Tor access to freenode is via a hidden service (mejokbp2brhw4omd.onion). Please see URL freenode.net/irc_servers.shtml for more info. Thanks!
[08-06-2006 00:03:54] Diconnected. Sleeping for 2 second(s).
[08-06-2006 00:03:56] >> Connecting to irc.freenode.net:6667
[08-06-2006 00:03:57] >> Connected to irc.freenode.net:6667, registering...
[08-06-2006 00:03:57] >> Warning: Invalid argument supplied for foreach() in /home/web/ezcommunity/ezcommunity/ezirc.ezcommunity.net/ezirc_v001_IQ-0.9.3/include/class.IQBot.php (line 304)
[08-06-2006 00:03:57] -sterling.freenode.net:ezlog- *** Banned: Tor access to freenode is via a hidden service (mejokbp2brhw4omd.onion). Please see URL freenode.net/irc_servers.shtml for more info. Thanks!
[08-06-2006 00:03:57] Diconnected. Sleeping for 2 second(s).
[08-06-2006 00:03:59] >> Connecting to irc.freenode.net:6667
[08-06-2006 00:03:59] >> Connected to irc.freenode.net:6667, registering...
[08-06-2006 00:03:59] >> Warning: Invalid argument supplied for foreach() in /home/web/ezcommunity/ezcommunity/ezirc.ezcommunity.net/ezirc_v001_IQ-0.9.3/include/class.IQBot.php (line 304)
[08-06-2006 00:03:59] -sterling.freenode.net:ezlog- *** Banned: Tor access to freenode is via a hidden service (mejokbp2brhw4omd.onion). Please see URL freenode.net/irc_servers.shtml for more info. Thanks!
[08-06-2006 00:03:59] Diconnected. Sleeping for 2 second(s).
