[01-08-2006 02:54:43] -!- buz [n=buz@80-218-105-74.dclient.hispeed.ch] has joined #ezpublish
[01-08-2006 02:57:34] -!- y_sabal [i=y_sabal@bzq-80-69-146.dsl.bezeqint.net] has joined #ezpublish
[01-08-2006 02:58:09] [#ezpublish] <y_sabal> plop
[01-08-2006 03:40:26] [#ezpublish] <SEAwolfx> pling
[01-08-2006 03:51:54] -!- _kore [n=lordhong@port-83-236-10-208.dynamic.qsc.de] has joined #ezpublish
[01-08-2006 05:34:23] -!- tobyS [n=dotxp@7.80-202-59.nextgentel.com] has joined #ezpublish
[01-08-2006 07:40:56] -!- LottoKim [n=kim@195.28.172.4] has joined #ezpublish
[01-08-2006 08:46:05] -!- hovik [n=hovik@popeye.ez.no] has joined #ezpublish
[01-08-2006 09:05:59] -!- SEAwolfx [n=mike@tor/session/x-69f42cf5d8fd27a2] has quit [Remote closed the connection]
[01-08-2006 09:12:35] -!- SEAwolfx [n=mike@tor/session/x-6f565e17cf716ac2] has joined #ezpublish
[01-08-2006 10:00:20] -!- jota [n=jota@fanzine.igalia.com] has joined #ezpublish
[01-08-2006 10:00:24] -!- jota [n=jota@fanzine.igalia.com] has quit [Client Quit]
[01-08-2006 10:49:03] -!- ordnas [n=ordnas@p549D6DDB.dip.t-dialin.net] has joined #ezpublish
[01-08-2006 12:46:29] -!- buz [n=buz@80-218-105-74.dclient.hispeed.ch] has quit [Remote closed the connection]
[01-08-2006 12:47:59] -!- buz [n=buz@80-218-105-74.dclient.hispeed.ch] has joined #ezpublish
[01-08-2006 12:52:46] -!- y_sabal [i=y_sabal@bzq-80-69-146.dsl.bezeqint.net] has quit [Read error: 104 (Connection reset by peer)]
[01-08-2006 12:53:12] -!- qms2 [i=y_sabal@bzq-80-69-146.dsl.bezeqint.net] has joined #ezpublish
[01-08-2006 13:03:22] -!- ordnas [n=ordnas@p549D6DDB.dip.t-dialin.net] has left #ezpublish []
[01-08-2006 13:14:01] -!- qms2 [i=y_sabal@bzq-80-69-146.dsl.bezeqint.net] has quit []
[01-08-2006 14:13:20] -!- tobmaster [n=tobmaste@dslb-084-061-044-146.pools.arcor-ip.net] has joined #ezpublish
[01-08-2006 16:40:16] -!- tobyS [n=dotxp@7.80-202-59.nextgentel.com] has quit ["Plant your channel to pearadise.net!"]
[01-08-2006 17:05:58] -!- tobmaster [n=tobmaste@dslb-084-061-044-146.pools.arcor-ip.net] has quit ["Thx 4 all the fisch"]
[01-08-2006 17:29:14] -!- buz [n=buz@80-218-105-74.dclient.hispeed.ch] has quit ["Konversation terminated!"]
[01-08-2006 17:57:52] -!- SEAwolfx_ [i=debian-t@trust.httpdnet.com] has joined #ezpublish
[01-08-2006 18:18:20] -!- _kore [n=lordhong@port-83-236-10-208.dynamic.qsc.de] has quit [Read error: 113 (No route to host)]
[01-08-2006 18:22:43] -!- SEAwolfx [n=mike@tor/session/x-6f565e17cf716ac2] has quit [Connection reset by peer]
[01-08-2006 20:10:11] -!- SEAwolfx_ [i=debian-t@trust.httpdnet.com] has quit [K-lined]
[01-08-2006 20:25:01] -!- Bedlore [n=me@219-90-177-160.ip.adam.com.au] has joined #ezpublish
[01-08-2006 20:31:06] -!- mode/#ezpublish [+o fh[eZ]] by ChanServ
[01-08-2006 23:35:14] -!- buz [n=buz@80-218-105-74.dclient.hispeed.ch] has joined #ezpublish
[01-08-2006 23:44:48] -!- seasonfive [n=seasonfi@AGrenoble-152-1-34-113.w82-122.abo.wanadoo.fr] has quit [calvino.freenode.net irc.freenode.net]
[01-08-2006 23:45:36] -!- seasonfive [n=seasonfi@AGrenoble-152-1-34-113.w82-122.abo.wanadoo.fr] has joined #ezpublish
