[05-03-2005 23:05:51] >> IQ standard module loaded
[05-03-2005 23:05:51] -- Configuration loaded.
[05-03-2005 23:05:51] >> Connecting to irc.freenode.net:6667
[05-03-2005 23:05:51] >> Connected to irc.freenode.net:6667, registering...
[05-03-2005 23:05:52] >> Primary nickname in use, trying alternate.
[05-03-2005 23:05:52] >> Alternate nickname also in use, appending numbers to primary nickname. (Sleeping 5 seconds)
[05-03-2005 23:05:57] >> Successfully registered. Nick is: ezlog1
[05-03-2005 23:05:57] >> Attempting to join channels: #ezpublish
[05-03-2005 23:05:57] -!- There are 9398 victims and 11123 hiding on 27 servers
[05-03-2005 23:05:57] -!- 30 flagged staff members
[05-03-2005 23:05:57] -!- 8404 channels formed
[05-03-2005 23:05:57] -!- I have 3412 clients and 0 servers
[05-03-2005 23:05:57] -!- Current local  users: 3412  Max: 4813
[05-03-2005 23:05:57] -!- Current global users: 20521  Max: 24743
[05-03-2005 23:05:57] -!- Highest connection count: 4814 (4813 clients) (672043 since server was (re)started)
[05-03-2005 23:05:58] -!- ezlog1 [[U2FsdGVkX@029.116-30-64.ftth.swbr.surewest.net] has joined #ezpublish
[05-03-2005 23:05:58] -!- Topic for #ezpublish: http://ez.no | trunk status: deep freeze | http://ez.no/community/news/ez_publish_3_6_beta
[05-03-2005 23:05:58] -!- Topic set by fh [@] [Tue,  3 May 2005 01:29:00 -0700]
[05-03-2005 23:06:14] [#ezpublish] <kracker> sweet
[05-03-2005 23:06:31] [#ezpublish] <kracker> wait a second, i'm still playing catchup arn't i ...
[05-03-2005 23:06:38] [#ezpublish] <kracker> yup, hmm
[05-03-2005 23:07:46] >> IQ standard module loaded
[05-03-2005 23:07:46] -- Configuration loaded.
[05-03-2005 23:07:46] >> Connecting to irc.freenode.net:6667
[05-03-2005 23:07:47] >> Connected to irc.freenode.net:6667, registering...
[05-03-2005 23:07:47] >> Successfully registered. Nick is: ezlog
[05-03-2005 23:07:47] >> Attempting to join channels: #ezpublish
[05-03-2005 23:07:47] -!- There are 9387 victims and 11126 hiding on 27 servers
[05-03-2005 23:07:47] -!- 30 flagged staff members
[05-03-2005 23:07:47] -!- 8404 channels formed
[05-03-2005 23:07:47] -!- I have 3407 clients and 0 servers
[05-03-2005 23:07:47] -!- Current local  users: 3407  Max: 4813
[05-03-2005 23:07:47] -!- Current global users: 20513  Max: 24743
[05-03-2005 23:07:47] -!- Highest connection count: 4814 (4813 clients) (672056 since server was (re)started)
[05-03-2005 23:07:47] -!- ezlog [[U2FsdGVkX@029.116-30-64.ftth.swbr.surewest.net] has joined #ezpublish
[05-03-2005 23:07:47] -!- Topic for #ezpublish: http://ez.no | trunk status: deep freeze | http://ez.no/community/news/ez_publish_3_6_beta
[05-03-2005 23:07:47] -!- Topic set by fh [@] [Tue,  3 May 2005 01:29:00 -0700]
[05-03-2005 23:08:04] [#ezpublish] <kracker> ieet, ALL IS WELL
[05-03-2005 23:12:09] >> IQ standard module loaded
[05-03-2005 23:12:09] -- Configuration loaded.
[05-03-2005 23:12:09] >> Connecting to irc.freenode.net:6667
[05-03-2005 23:12:10] >> Connected to irc.freenode.net:6667, registering...
[05-03-2005 23:12:10] >> Primary nickname in use, trying alternate.
[05-03-2005 23:12:11] >> Successfully registered. Nick is: ezpublishlog
[05-03-2005 23:12:11] >> Attempting to join channels: #ezpublish
[05-03-2005 23:12:11] -!- There are 9382 victims and 11121 hiding on 27 servers
[05-03-2005 23:12:11] -!- 30 flagged staff members
[05-03-2005 23:12:11] -!- 8402 channels formed
[05-03-2005 23:12:11] -!- I have 3409 clients and 0 servers
[05-03-2005 23:12:11] -!- Current local  users: 3409  Max: 4813
[05-03-2005 23:12:11] -!- Current global users: 20503  Max: 24743
[05-03-2005 23:12:11] -!- Highest connection count: 4814 (4813 clients) (672084 since server was (re)started)
[05-03-2005 23:12:11] -!- ezpublishlog [[U2FsdGVkX@029.116-30-64.ftth.swbr.surewest.net] has joined #ezpublish
[05-03-2005 23:12:11] -!- Topic for #ezpublish: http://ez.no | trunk status: deep freeze | http://ez.no/community/news/ez_publish_3_6_beta
[05-03-2005 23:12:11] -!- Topic set by fh [@] [Tue,  3 May 2005 01:29:00 -0700]
[05-03-2005 23:13:00] >> IQ standard module loaded
[05-03-2005 23:13:00] -- Configuration loaded.
[05-03-2005 23:13:00] >> Connecting to irc.freenode.net:6667
[05-03-2005 23:13:00] >> Connected to irc.freenode.net:6667, registering...
[05-03-2005 23:13:03] >> Successfully registered. Nick is: ezlog
[05-03-2005 23:13:03] >> Attempting to join channels: #ezpublish
[05-03-2005 23:13:03] -!- There are 9379 victims and 11123 hiding on 27 servers
[05-03-2005 23:13:03] -!- 30 flagged staff members
[05-03-2005 23:13:03] -!- 8401 channels formed
[05-03-2005 23:13:03] -!- I have 2519 clients and 0 servers
[05-03-2005 23:13:03] -!- Current local  users: 2519  Max: 4153
[05-03-2005 23:13:03] -!- Current global users: 20502  Max: 24743
[05-03-2005 23:13:03] -!- Highest connection count: 4154 (4153 clients) (579060 since server was (re)started)
[05-03-2005 23:13:03] -!- ezlog [[U2FsdGVkX@029.116-30-64.ftth.swbr.surewest.net] has joined #ezpublish
[05-03-2005 23:13:03] -!- Topic for #ezpublish: http://ez.no | trunk status: deep freeze | http://ez.no/community/news/ez_publish_3_6_beta
[05-03-2005 23:13:03] -!- Topic set by fh [@] [Tue,  3 May 2005 01:29:00 -0700]
[05-03-2005 23:14:01] [#ezpublish] <kracker> fyi, i just installed the latest ezbotlog (txt version) which will now output it's log into : http://download.ezpublishhosting.com/ezirc/logs/ezpublish.log
[05-03-2005 23:14:37] [#ezpublish] <kracker> and don't forget about our archive of days past in #ezpublish ... a great way on catching up on what's really going on
[05-03-2005 23:14:40] [#ezpublish] <kracker> .
[05-03-2005 23:14:51] [#ezpublish] <kracker> now if only things were going on .... ;)
[05-03-2005 23:15:05] [#ezpublish] <kracker> errum, that's unclear
[05-03-2005 23:15:35] [#ezpublish] <kracker> now we just need to start a fire, first one on the roof is a nutter ...
[05-03-2005 23:15:47] [#ezpublish] <kracker> wait a second, don't you mean last ?
[05-03-2005 23:15:50] [#ezpublish] <kracker> no
[05-03-2005 23:16:00] [#ezpublish] <kracker> so it's a drop?
[05-03-2005 23:16:04] [#ezpublish] <kracker> yup!
[05-03-2005 23:16:23] [#ezpublish] <kracker> course you only know because it takes one to know one ...
[05-03-2005 23:16:29] [#ezpublish] <kracker> weak
[05-03-2005 23:16:32] [#ezpublish] <kracker> sadly ...
[05-03-2005 23:16:55] [#ezpublish] * kracker kracker runs off into the void
[05-03-2005 23:17:15] [#ezpublish] <kracker> it's just not been your day typing has it little guy?
[05-03-2005 23:17:22] [#ezpublish] <kracker> lol, no
[05-03-2005 23:17:29] [#ezpublish] <kracker> no it really hassent ...
[05-03-2005 23:22:05] -!- xbit [xbit@pppoecl77187.minlos.no] has quit [tolkien.freenode.net irc.freenode.net]
[05-03-2005 23:22:05] -!- agentbob [~dan@216.130.216.30] has quit [tolkien.freenode.net irc.freenode.net]
[05-03-2005 23:22:05] -!- Larson [~larson@238.80-202-59.nextgentel.com] has quit [tolkien.freenode.net irc.freenode.net]
[05-03-2005 23:22:05] -!- fh [~fh@stalker.ez.no] has quit [tolkien.freenode.net irc.freenode.net]
[05-03-2005 23:22:44] -!- fh [~fh@stalker.ez.no] has joined #ezpublish
[05-03-2005 23:22:44] -!- xbit [xbit@pppoecl77187.minlos.no] has joined #ezpublish
[05-03-2005 23:22:44] -!- Larson [~larson@238.80-202-59.nextgentel.com] has joined #ezpublish
[05-03-2005 23:22:44] -!- agentbob [~dan@216.130.216.30] has joined #ezpublish
[05-03-2005 23:22:44] -!- mode/#ezpublish [+o fh] by irc.freenode.net
[05-03-2005 23:28:43] >> IQ standard module loaded
[05-03-2005 23:28:43] -- Configuration loaded.
[05-03-2005 23:28:43] >> Connecting to irc.kde.org:6667
[05-03-2005 23:28:44] >> Connected to irc.kde.org:6667, registering...
[05-03-2005 23:28:44] >> Successfully registered. Nick is: ezlog
[05-03-2005 23:28:44] >> Attempting to join channels: #ezpublish
[05-03-2005 23:28:44] -!- There are 9329 victims and 11078 hiding on 27 servers
[05-03-2005 23:28:44] -!- 30 flagged staff members
[05-03-2005 23:28:44] -!- 8408 channels formed
[05-03-2005 23:28:44] -!- I have 3324 clients and 0 servers
[05-03-2005 23:28:44] -!- Current local  users: 3324  Max: 4813
[05-03-2005 23:28:44] -!- Current global users: 20407  Max: 24743
[05-03-2005 23:28:44] -!- Highest connection count: 4814 (4813 clients) (672238 since server was (re)started)
[05-03-2005 23:28:44] -!- ezlog [[U2FsdGVkX@029.116-30-64.ftth.swbr.surewest.net] has joined #ezpublish
[05-03-2005 23:28:44] -!- Topic for #ezpublish: http://ez.no | trunk status: deep freeze | http://ez.no/community/news/ez_publish_3_6_beta
[05-03-2005 23:28:44] -!- Topic set by fh [@] [Tue,  3 May 2005 01:29:00 -0700]
[05-03-2005 23:29:37] [#ezpublish] <kracker> dink
[05-03-2005 23:30:38] -!- kracker [kracker@c-67-171-40-130.hsd1.wa.comcast.net] has quit [Read error: 60 (Operation timed out)]
[05-03-2005 23:30:42] -!- kracker [kracker@c-67-171-40-130.hsd1.wa.comcast.net] has joined #ezpublish
[05-03-2005 23:30:48] [#ezpublish] <kracker> connect irc.kde.org
[05-03-2005 23:32:18] -!- kracker [kracker@c-67-171-40-130.hsd1.wa.comcast.net] has quit [Client Quit]
[05-03-2005 23:35:08] -!- kracker [kracker@c-67-171-40-130.hsd1.wa.comcast.net] has joined #ezpublish
[05-03-2005 23:35:16] [#ezpublish] <kracker> sicky tight!
[05-03-2005 23:36:08] [#ezpublish] <kracker> hopefully, this irc server change for my client will reduce the amount of bs i spit into this channel (yeah...right) by keeping me from getting disconnected every 15min ...
