[06-10-2006 00:48:00] -!- buz [n=buz@217-162-135-182.dclient.hispeed.ch] has joined #ezpublish
[06-10-2006 01:39:57] -!- Enur [n=asd@249.80-203-121.nextgentel.com] has quit [Read error: 110 (Connection timed out)]
[06-10-2006 02:25:02] -!- _kore [n=lordhong@port-83-236-8-180.dynamic.qsc.de] has joined #ezpublish
[06-10-2006 02:26:08] -!- DiGiTa|_ [n=pet2poul@84.4.42.118] has joined #ezpublish
[06-10-2006 02:30:04] -!- DiGiTa|_ [n=pet2poul@84.4.42.118] has quit [Client Quit]
[06-10-2006 02:39:18] -!- awormus [n=aaron@217.185.85.47] has joined #ezpublish
[06-10-2006 02:42:18] -!- DiGiTa|_ [n=pet2poul@84.4.42.118] has joined #ezpublish
[06-10-2006 03:02:42] -!- awormus [n=aaron@217.185.85.47] has quit ["Leaving"]
[06-10-2006 03:23:27] -!- DiGiTa|_ [n=pet2poul@84.4.42.118] has quit []
[06-10-2006 09:47:08] -!- _hovik [n=hovik@173.80-203-136.nextgentel.com] has quit ["Kopete 0.11.1 : http://kopete.kde.org"]
[06-10-2006 10:25:21] -!- awormus [n=aaron@Nd0c4.n.pppool.de] has joined #ezpublish
[06-10-2006 10:34:28] -!- ls [n=ls@unregister049029239087.c29.msk.pl] has joined #ezpublish
[06-10-2006 10:35:06] -!- awormus [n=aaron@Nd0c4.n.pppool.de] has quit ["Leaving"]
[06-10-2006 10:56:40] -!- ls [n=ls@unregister049029239087.c29.msk.pl] has quit [Read error: 110 (Connection timed out)]
[06-10-2006 11:35:55] -!- awormus [n=aaron@Nc843.n.pppool.de] has joined #ezpublish
[06-10-2006 12:01:43] -!- awormus [n=aaron@Nc843.n.pppool.de] has quit ["Leaving"]
[06-10-2006 12:14:22] -!- birger [i=birger@ritchie.ping.uio.no] has joined #ezpublish
[06-10-2006 12:31:30] -!- ls [n=ls@unregister049029239087.c29.msk.pl] has joined #ezpublish
[06-10-2006 13:07:44] -!- ls [n=ls@unregister049029239087.c29.msk.pl] has quit [Read error: 110 (Connection timed out)]
[06-10-2006 13:14:08] -!- ls [n=ls@unregister049029239087.c29.msk.pl] has joined #ezpublish
[06-10-2006 13:44:57] -!- ls [n=ls@unregister049029239087.c29.msk.pl] has quit [Read error: 110 (Connection timed out)]
[06-10-2006 14:16:32] -!- ordnas [n=ordnas@p549D4A4C.dip.t-dialin.net] has joined #ezpublish
[06-10-2006 15:01:13] -!- ordnas [n=ordnas@p549D4A4C.dip.t-dialin.net] has quit [Read error: 104 (Connection reset by peer)]
[06-10-2006 15:01:18] -!- ordna1 [n=ordnas@p549D4A4C.dip.t-dialin.net] has joined #ezpublish
[06-10-2006 15:40:37] -!- ordna1 [n=ordnas@p549D4A4C.dip.t-dialin.net] has left #ezpublish []
[06-10-2006 15:52:44] -!- buz [n=buz@217-162-135-182.dclient.hispeed.ch] has quit ["Konversation terminated!"]
[06-10-2006 16:24:01] -!- _kore [n=lordhong@port-83-236-8-180.dynamic.qsc.de] has quit [Remote closed the connection]
[06-10-2006 16:32:02] -!- ls [n=ls@unregister049029239087.c29.msk.pl] has joined #ezpublish
[06-10-2006 16:38:50] [#ezpublish] <jeremiah> hi
[06-10-2006 16:44:50] -!- ls [n=ls@unregister049029239087.c29.msk.pl] has quit [Remote closed the connection]
[06-10-2006 18:29:08] [#ezpublish] <kracker> dink
