[05-14-2005 02:03:21] [#ezpublish] <kracker> am i still here
[05-14-2005 02:03:29] [#ezpublish] <kracker> wow, i just love that !
[05-14-2005 02:26:48] -!- kracker [~kracker@216.218.247.230] has quit ["BitchX-1.1-final -- just do it."]
[05-14-2005 02:40:39] -!- buz [~buz@80-218-107-8.dclient.hispeed.ch] has joined #ezpublish
[05-14-2005 04:37:55] -!- Katana` [~katana@ankh-morpork.net] has joined #ezpublish
[05-14-2005 04:48:30] -!- buz [~buz@80-218-107-8.dclient.hispeed.ch] has quit [Read error: 104 (Connection reset by peer)]
[05-14-2005 04:50:54] -!- buz [~buz@80-218-107-8.dclient.hispeed.ch] has joined #ezpublish
[05-14-2005 06:13:02] -!- SEAwolfx_ [~mike@d08378e9a3dad109.session.tor] has joined #ezpublish
[05-14-2005 06:14:18] -!- SEAwolfx [~mike@e2845bb034c41fc5.session.tor] has quit [Remote closed the connection]
[05-14-2005 07:16:43] -!- CoderForLife [~mirc@nr17-66-117-210-235.fuse.net] has joined #ezpublish
[05-14-2005 09:11:41] -!- SEAwolfx_ [~mike@d08378e9a3dad109.session.tor] has quit [Remote closed the connection]
[05-14-2005 09:11:46] -!- SEAwolfx [~mike@52fc4e49787affd5.session.tor] has joined #ezpublish
[05-14-2005 09:21:49] -!- SEAwolfx_ [~mike@8063424b3e04f66a.session.tor] has joined #ezpublish
[05-14-2005 09:34:00] -!- SEAwolfx [~mike@52fc4e49787affd5.session.tor] has quit [Remote closed the connection]
[05-14-2005 11:09:51] -!- Katana` [~katana@ankh-morpork.net] has quit [Read error: 148 (No route to host)]
[05-14-2005 11:51:19] -!- kracker [~kracker@216.218.247.230] has joined #ezpublish
[05-14-2005 11:51:39] [#ezpublish] <kracker> gorillaz : clint eastwood ...
[05-14-2005 11:51:47] [#ezpublish] <kracker> *boom*
[05-14-2005 11:52:24] [#ezpublish] <kracker> what say ye, arrrrg?
[05-14-2005 12:31:33] [#ezpublish] <CoderForLife> are you some kind of pirate?
[05-14-2005 12:34:08] [#ezpublish] <kracker> lol, sealab : ashdtv
[05-14-2005 12:34:28] [#ezpublish] <kracker> i was watching spongebob, square pants
[05-14-2005 12:34:52] [#ezpublish] <kracker> mr. crabs says arrgg a lot, *shrugs*
[05-14-2005 12:36:07] [#ezpublish] <CoderForLife> ah, can't say I have tumbled on the SBSP thing
[05-14-2005 14:47:58] -!- luke_ [~Luke@ntwklan-62-233-244-90.devs.futuro.pl] has joined #ezpublish
[05-14-2005 15:03:10] -!- luke_ [~Luke@ntwklan-62-233-244-90.devs.futuro.pl] has quit ["Chatzilla 0.9.68a [Firefox 1.0.4/20050511]"]
[05-14-2005 15:37:03] -!- CoderForLife [~mirc@nr17-66-117-210-235.fuse.net] has left #ezpublish []
[05-14-2005 15:43:01] -!- buz [~buz@80-218-107-8.dclient.hispeed.ch] has quit ["Konversation terminated!"]
[05-14-2005 17:25:56] [#ezpublish] <kracker> wewh? moving boxes is tuff ...
[05-14-2005 17:28:12] [#ezpublish] <kracker> well, back at it ...
[05-14-2005 17:29:54] -!- SEAwolfx_ is now known as SEAwolfx
[05-14-2005 18:49:00] -!- seasonfive_ [~Yannick@AGrenoble-152-1-35-182.w82-122.abo.wanadoo.fr] has joined #ezpublish
[05-14-2005 19:05:03] -!- seasonfive__ [~Yannick@AGrenoble-152-1-35-247.w82-122.abo.wanadoo.fr] has quit [Read error: 110 (Connection timed out)]
