[05-23-2006 00:42:58] -!- awormus [n=aaron@p54B12570.dip0.t-ipconnect.de] has joined #ezpublish
[05-23-2006 00:49:53] -!- buz [n=buz@217-162-135-182.dclient.hispeed.ch] has joined #ezpublish
[05-23-2006 01:11:31] -!- _kore [n=lordhong@port-83-236-8-180.dynamic.qsc.de] has joined #ezpublish
[05-23-2006 01:26:12] [#ezpublish] <Tidemann> "good" morning
[05-23-2006 01:34:14] [#ezpublish] <kris10an> Tidemann: do you know if Noah has more room in his ark?
[05-23-2006 01:34:29] [#ezpublish] <kris10an> This is the worst rainfall i have seen i ages..
[05-23-2006 01:39:58] -!- DiGiTa|_ [n=pet2poul@84.4.39.193] has joined #ezpublish
[05-23-2006 01:43:52] -!- _hovik [n=hovik@85.19.74.66] has joined #ezpublish
[05-23-2006 01:46:58] -!- kore_ [n=lordhong@F0-EZSYSTEMS.customer.getit.de] has joined #ezpublish
[05-23-2006 01:49:48] -!- hovik [n=hovik@173.80-203-136.nextgentel.com] has quit [Read error: 110 (Connection timed out)]
[05-23-2006 01:56:18] -!- jota [n=jota@cm216016.red83-165.mundo-r.com] has joined #ezpublish
[05-23-2006 02:16:21] [#ezpublish] <awormus> kris10an: where are you? we had the rain over the weekend here in .de
[05-23-2006 02:20:32] -!- tobmaster [n=tobmaste@F0-EZSYSTEMS.customer.getit.de] has joined #ezpublish
[05-23-2006 02:41:28] [#ezpublish] <kris10an> awormus: .no
[05-23-2006 02:46:18] [#ezpublish] <tobmaster> moin
[05-23-2006 03:00:00] -!- buz [n=buz@217-162-135-182.dclient.hispeed.ch] has quit [Read error: 104 (Connection reset by peer)]
[05-23-2006 03:00:51] -!- kalooni [n=nicolas@fbx.internethic.net] has joined #ezpublish
[05-23-2006 03:01:29] -!- buz [n=buz@217-162-135-182.dclient.hispeed.ch] has joined #ezpublish
[05-23-2006 03:29:58] -!- katana` [n=Katana@gai69-1-87-91-102-67.dsl.club-internet.fr] has joined #ezpublish
[05-23-2006 03:47:26] -!- nfrp [n=nfrp@LSt-Amand-152-31-36-33.w82-127.abo.wanadoo.fr] has joined #ezpublish
[05-23-2006 05:08:25] -!- Tidemann [n=tidemann@ti132110a340-3091.bb.online.no] has quit [Read error: 104 (Connection reset by peer)]
[05-23-2006 05:24:51] -!- Tidemann [n=tidemann@ti132110a340-3091.bb.online.no] has joined #ezpublish
[05-23-2006 05:25:07] [#ezpublish] <Tidemann> kris10an: what's the progress on the draft-bug i 3.8?
[05-23-2006 05:34:42] -!- Tidemann [n=tidemann@ti132110a340-3091.bb.online.no] has quit [Read error: 104 (Connection reset by peer)]
[05-23-2006 06:16:57] -!- kalooni [n=nicolas@fbx.internethic.net] has quit ["Quitte"]
[05-23-2006 06:26:26] -!- awormus [n=aaron@p54B12570.dip0.t-ipconnect.de] has quit ["Leaving"]
[05-23-2006 06:52:54] [#ezpublish] <kris10an> And then Tidemann left and did not come back..
[05-23-2006 06:57:20] [#ezpublish] <buz> he obviously didnt read the topic
[05-23-2006 06:59:39] -!- awormus [n=aaron@p54B12570.dip0.t-ipconnect.de] has joined #ezpublish
[05-23-2006 07:01:42] [#ezpublish] <kris10an> If he comes back, tell him that it should be fixed in 3.8.1
[05-23-2006 07:02:05] [#ezpublish] <kris10an> in a few weeks..
[05-23-2006 07:27:45] -!- DiGiTa|_ [n=pet2poul@84.4.39.193] has quit []
[05-23-2006 07:31:56] -!- buz [n=buz@217-162-135-182.dclient.hispeed.ch] has quit [Success]
[05-23-2006 07:33:07] -!- buz [n=buz@217-162-135-182.dclient.hispeed.ch] has joined #ezpublish
[05-23-2006 07:33:58] -!- buz [n=buz@217-162-135-182.dclient.hispeed.ch] has quit [Success]
[05-23-2006 07:35:32] -!- buz [n=buz@217-162-135-182.dclient.hispeed.ch] has joined #ezpublish
[05-23-2006 07:36:54] -!- buz [n=buz@217-162-135-182.dclient.hispeed.ch] has quit [Success]
[05-23-2006 07:38:30] -!- buz [n=buz@217-162-135-182.dclient.hispeed.ch] has joined #ezpublish
[05-23-2006 08:23:32] -!- Tidemann [n=tidemann@ti132110a340-3091.bb.online.no] has joined #ezpublish
[05-23-2006 08:23:39] [#ezpublish] <Tidemann> kris10an?
[05-23-2006 08:29:00] [#ezpublish] <katana`> [14:33] (kris10an): If he comes back, tell him that it should be fixed in 3.8.1
[05-23-2006 08:29:00] [#ezpublish] <katana`> [14:34] (kris10an): in a few weeks..
[05-23-2006 08:57:36] -!- tobmaster [n=tobmaste@F0-EZSYSTEMS.customer.getit.de] has quit [Read error: 110 (Connection timed out)]
[05-23-2006 09:33:14] -!- ordnas [n=ordnas@p549D71DB.dip.t-dialin.net] has left #ezpublish []
[05-23-2006 09:47:33] -!- nfrp [n=nfrp@LSt-Amand-152-31-36-33.w82-127.abo.wanadoo.fr] has quit ["Leaving"]
[05-23-2006 10:08:10] -!- katana` [n=Katana@gai69-1-87-91-102-67.dsl.club-internet.fr] has quit [Read error: 104 (Connection reset by peer)]
[05-23-2006 10:15:28] -!- kracker [n=kracker@pdpc/supporter/sustaining/kracker] has joined #ezpublish
[05-23-2006 10:43:58] -!- kore_ [n=lordhong@F0-EZSYSTEMS.customer.getit.de] has quit []
[05-23-2006 10:52:26] -!- Allman [n=allman@ti132110a340-2407.bb.online.no] has joined #ezpublish
[05-23-2006 11:19:42] [#ezpublish] <xiglet> I have made a "Add new <class>" button (form, submit, name="NewButton" bla bla) but I don't want the button, I want pure text .. like a href .. How can I accomplish this?
[05-23-2006 11:20:55] [#ezpublish] <xiglet> Do I have to use js? ( http://www.thesitewizard.com/archive/textsubmit.shtml )
[05-23-2006 11:24:25] -!- _hovik [n=hovik@85.19.74.66] has quit [Read error: 113 (No route to host)]
[05-23-2006 11:26:17] -!- _hovik [n=hovik@173.80-203-136.nextgentel.com] has joined #ezpublish
[05-23-2006 11:53:27] [#ezpublish] <buz> js looks easiest
[05-23-2006 12:32:17] [#ezpublish] <xiglet> ok
[05-23-2006 12:46:00] [#ezpublish] <buz> maybe you could style a button like a link
[05-23-2006 12:46:34] [#ezpublish] <buz> or use texttoimage and an image button
[05-23-2006 12:51:03] -!- jota [n=jota@cm216016.red83-165.mundo-r.com] has quit [Remote closed the connection]
[05-23-2006 13:08:49] [#ezpublish] <xiglet> hmm.. but still not quite the same :)
[05-23-2006 13:09:01] [#ezpublish] <xiglet> btw, the texttoimage function is awesome
[05-23-2006 14:18:26] -!- Allman [n=allman@ti132110a340-2407.bb.online.no] has quit [Read error: 110 (Connection timed out)]
[05-23-2006 14:30:21] -!- ls [n=ls@unregister049029239087.c29.msk.pl] has joined #ezpublish
[05-23-2006 15:30:03] -!- awormus [n=aaron@p54B12570.dip0.t-ipconnect.de] has quit ["Leaving"]
[05-23-2006 16:22:47] -!- ls [n=ls@unregister049029239087.c29.msk.pl] has quit [Remote closed the connection]
[05-23-2006 17:08:20] -!- _kore [n=lordhong@port-83-236-8-180.dynamic.qsc.de] has quit [Remote closed the connection]
[05-23-2006 17:58:57] -!- zr1 [n=zurgutt@roop.pri.ee] has joined #ezpublish
[05-23-2006 19:54:04] -!- kracker [n=kracker@pdpc/supporter/sustaining/kracker] has quit ["Later ..."]
[05-23-2006 23:31:45] -!- awormus [n=aaron@p54B12FF8.dip0.t-ipconnect.de] has joined #ezpublish
[05-23-2006 23:57:34] -!- ordnas [n=ordnas@p549D7025.dip.t-dialin.net] has joined #ezpublish
