[05-18-2005 00:00:47] -!- SEAwolfx [~mike@3a6c5e7cdd0d242e.session.tor] has joined #ezpublish
[05-18-2005 00:20:25] -!- ordna1 [~ordnas@p549DEE20.dip.t-dialin.net] has joined #ezpublish
[05-18-2005 00:50:36] [#ezpublish] <kracker> allo? anyone else still grindin their wooden teeth?
[05-18-2005 00:51:13] [#ezpublish] <kracker> anyone else care to share an fdd belief ?
[05-18-2005 01:08:56] -!- ordna1 [~ordnas@p549DEE20.dip.t-dialin.net] has quit [Read error: 110 (Connection timed out)]
[05-18-2005 01:40:20] -!- Katana` [~katana@217.31.64.170] has joined #ezpublish
[05-18-2005 02:04:14] [#ezpublish] <SEAwolfx> jey ... morning
[05-18-2005 02:04:42] [#ezpublish] <SEAwolfx> hey kracker .. fdd?
[05-18-2005 02:13:41] -!- fh [~fh@stalker.ez.no] has joined #ezpublish
[05-18-2005 02:22:45] -!- Katana` [~katana@217.31.64.170] has quit [Read error: 131 (Connection reset by peer)]
[05-18-2005 02:25:36] -!- danmiru [~chatzilla@80.94.225.138] has joined #ezpublish
[05-18-2005 02:47:24] -!- ordna1 [~ordnas@p549DEE20.dip.t-dialin.net] has joined #ezpublish
[05-18-2005 04:14:47] -!- jota [~jota@fanzine.igalia.com] has joined #ezpublish
[05-18-2005 04:18:10] [#ezpublish] <SEAwolfx> argh ... to time i cant checkout by using "svn co http://pubsvn.ez.no/nextgen/stable/3.5/ test"
[05-18-2005 04:18:22] [#ezpublish] <SEAwolfx> svn: REPORT request failed on '/nextgen/!svn/vcc/default'
[05-18-2005 04:18:23] [#ezpublish] <SEAwolfx> svn: REPORT of '/nextgen/!svn/vcc/default': 400 Bad Request (http://pubsvn.ez.no)
[05-18-2005 04:20:00] [#ezpublish] <fh> pubsvn broken?
[05-18-2005 04:20:08] [#ezpublish] <SEAwolfx> hmm .. it seems so.
[05-18-2005 04:20:08] [#ezpublish] <SEAwolfx> ;(
[05-18-2005 04:20:27] [#ezpublish] <SEAwolfx> a major change-request ;)
[05-18-2005 04:21:13] [#ezpublish] <SEAwolfx> btw ... an update also fails with "svn: Can't recode string"
[05-18-2005 04:22:10] [#ezpublish] <SEAwolfx> then i first try to set the $LANG var with "export LANG=en_US"
[05-18-2005 04:22:31] [#ezpublish] <SEAwolfx> which also ends with the previous error message i posted here.
[05-18-2005 04:23:33] [#ezpublish] <fh> you should talk to the pubsvn guys
[05-18-2005 04:23:41] [#ezpublish] <fh> I have no idea how it is set up or how it works
[05-18-2005 04:24:23] [#ezpublish] <SEAwolfx> get them here in this channel .. here is the bleeding edge ;)
[05-18-2005 04:26:43] [#ezpublish] <SEAwolfx> who are the pubsvn guys?
[05-18-2005 04:30:22] [#ezpublish] <SEAwolfx> the same with updating the xmlarea extension
[05-18-2005 04:30:34] [#ezpublish] <SEAwolfx> ->
[05-18-2005 04:30:34] [#ezpublish] <SEAwolfx> svn: REPORT request failed on '/community/!svn/vcc/default'
[05-18-2005 04:30:34] [#ezpublish] <SEAwolfx> svn: REPORT of '/community/!svn/vcc/default': 400 Bad Request (http://pubsvn.ez.no)
[05-18-2005 04:31:08] [#ezpublish] <SEAwolfx> the complete svn server seems to be broken?!
[05-18-2005 04:33:22] [#ezpublish] <SEAwolfx> fh .. could you plz start a svn co like this? "svn co http://pubsvn.ez.no/nextgen/stable/3.5/ test"
[05-18-2005 04:34:03] [#ezpublish] <SEAwolfx> '/community/!svn/vcc/default' -> has to look like this '/community/.svn/vcc/default', i guess.
[05-18-2005 04:53:39] -!- buz [~buz@80-218-107-8.dclient.hispeed.ch] has quit [Read error: 110 (Connection timed out)]
[05-18-2005 05:10:10] [#ezpublish] <SEAwolfx> hmm .. it seem that the problem resides on my side.
[05-18-2005 05:49:06] -!- ordna1 [~ordnas@p549DEE20.dip.t-dialin.net] has left #ezpublish []
[05-18-2005 05:52:12] -!- ordnas [~ordnas@p549DEE20.dip.t-dialin.net] has joined #ezpublish
[05-18-2005 06:31:55] [#ezpublish] <seasonfive_> Hi ppl !
[05-18-2005 06:31:56] -!- fh [~fh@stalker.ez.no] has quit [Read error: 104 (Connection reset by peer)]
[05-18-2005 06:32:03] [#ezpublish] <seasonfive_> I've got a little (stupid ?) question.
[05-18-2005 06:32:15] [#ezpublish] <seasonfive_> how to overide design/base/templates/content/search.tpl ?
[05-18-2005 06:32:37] [#ezpublish] <seasonfive_> (used for display search results)
[05-18-2005 06:33:00] [#ezpublish] <seasonfive_> since this isn't attached to a node or class ... ?
[05-18-2005 06:33:22] -!- ordnas [~ordnas@p549DEE20.dip.t-dialin.net] has quit [Read error: 60 (Operation timed out)]
[05-18-2005 06:40:31] -!- fh [~fh@stalker.ez.no] has joined #ezpublish
[05-18-2005 06:49:54] -!- jota [~jota@fanzine.igalia.com] has quit ["Abandonando"]
[05-18-2005 07:22:23] -!- ordnas [~ordnas@84.157.238.32] has joined #ezpublish
[05-18-2005 07:43:19] [#ezpublish] <SEAwolfx> seasonfive_: take a look on the override.ini.append of ur siteaccess.
[05-18-2005 07:51:22] -!- ordnas [~ordnas@84.157.238.32] has quit [Read error: 145 (Connection timed out)]
[05-18-2005 08:00:31] [#ezpublish] <seasonfive_> thx. Source is for the original and MatchFile for the override ?
[05-18-2005 08:01:58] [#ezpublish] <seasonfive_> what is the name inside [ and ] ?
[05-18-2005 08:09:32] [#ezpublish] <seasonfive_> i want override design/base/templates/content/search.tpl
[05-18-2005 08:09:33] [#ezpublish] <seasonfive_> so i add
[05-18-2005 08:09:39] [#ezpublish] <seasonfive_> [search]
[05-18-2005 08:09:39] [#ezpublish] <seasonfive_> Source=content/search.tpl
[05-18-2005 08:09:39] [#ezpublish] <seasonfive_> MatchFile=test.tpl
[05-18-2005 08:09:39] [#ezpublish] <seasonfive_> Subdir=templates
[05-18-2005 08:09:53] [#ezpublish] <seasonfive_> but, of course, that don't work ... :(
[05-18-2005 08:15:27] [#ezpublish] <seasonfive_> yes that works now ... forgot to clear cache ... :p
[05-18-2005 08:15:29] [#ezpublish] <seasonfive_> thx ! :)
[05-18-2005 08:27:48] [#ezpublish] <SEAwolfx> oops
[05-18-2005 08:28:24] [#ezpublish] <SEAwolfx> u should use my nickname to give me an auditable signal.
[05-18-2005 08:29:10] [#ezpublish] <SEAwolfx> seasonfive_: like i do now with ur nickname
[05-18-2005 08:29:12] [#ezpublish] <SEAwolfx> ;)
[05-18-2005 08:32:47] [#ezpublish] <seasonfive_> SEAwolfx: ok :) btw, no pb for lag ... since i found before disturbing you ;)
[05-18-2005 08:33:22] [#ezpublish] <SEAwolfx> ;)
[05-18-2005 08:46:41] -!- ordnas [~ordnas@p549DEE20.dip.t-dialin.net] has joined #ezpublish
[05-18-2005 09:27:53] [#ezpublish] * kracker wakes up and takes a 2x4 to my forhead (four!)
[05-18-2005 09:30:32] [#ezpublish] <kracker> nunnnnaaannnaaaa .... (caddyshack)
[05-18-2005 09:35:50] [#ezpublish] <kracker> updated, to get the best of me, before (t)he(y) do(es) .... http://audio.kracker.org/
[05-18-2005 09:37:56] [#ezpublish] <kracker> SEAwolfx: I'll prolly start putting my vocals (raw/edit masters) into this application (re: ezradio ) : http://audio.kracker.org:8088/ezradio/sessions/
[05-18-2005 09:40:58] [#ezpublish] <kracker> SEAwolfx: an, I haven't forgotten amout the much promo'd single for q1/2005 (vocals) that we talked about ... for fun, something with dark menacying overtones to reflect the first part of the year
[05-18-2005 09:53:55] -!- fh [~fh@stalker.ez.no] has quit ["using sirc version 2.211+KSIRC/1.3.11"]
[05-18-2005 10:13:19] -!- danmiru [~chatzilla@80.94.225.138] has quit ["Chatzilla 0.9.68a [Firefox 1.0.4/20050511]"]
[05-18-2005 11:44:42] -!- ordnas [~ordnas@p549DEE20.dip.t-dialin.net] has quit [Read error: 110 (Connection timed out)]
[05-18-2005 12:13:26] -!- luke_ [~Luke@ntwklan-62-233-244-90.devs.futuro.pl] has joined #ezpublish
[05-18-2005 12:30:40] -!- ordnas [~ordnas@p549DEE20.dip.t-dialin.net] has joined #ezpublish
[05-18-2005 12:34:25] -!- luke_ [~Luke@ntwklan-62-233-244-90.devs.futuro.pl] has quit ["Chatzilla 0.9.68a [Firefox 1.0.4/20050511]"]
[05-18-2005 12:34:36] [#ezpublish] <SEAwolfx> hey kracker
[05-18-2005 12:54:50] [#ezpublish] <kracker> sry, just got back from core dumpin' my bank into da bank
[05-18-2005 12:55:38] [#ezpublish] <kracker> n' checkin the male, get it the mail? --eminem : i'm back
[05-18-2005 12:57:27] [#ezpublish] <SEAwolfx> ;)
[05-18-2005 12:57:38] [#ezpublish] <SEAwolfx> currently looking sin city
[05-18-2005 12:57:59] [#ezpublish] <kracker> that one is for you too boo, throwing your banner right back at you with a dark matter brick back at ya thick krull, i'm just geting started and i'm already this dull, look the crowd in the eyes as they screem back "bull...."
[05-18-2005 12:58:29] [#ezpublish] * kracker smirks
[05-18-2005 13:16:38] [#ezpublish] * kracker runs off like madness ..... buck65 : bandits
[05-18-2005 13:22:26] -!- ordnas [~ordnas@p549DEE20.dip.t-dialin.net] has left #ezpublish []
[05-18-2005 15:27:28] -!- SEAwolfx [~mike@3a6c5e7cdd0d242e.session.tor] has quit [Remote closed the connection]
[05-18-2005 16:45:33] -!- SEAwolfx [~mike@75f3b97207677633.session.tor] has joined #ezpublish
[05-18-2005 22:10:14] -!- lucasr [~lucasr@201.19.236.129] has joined #ezpublish
[05-18-2005 22:22:54] -!- xbit [xbit@pppoecl77071.minlos.no] has quit [Read error: 110 (Connection timed out)]
[05-18-2005 23:49:10] -!- lucasr [~lucasr@201.19.236.129] has quit ["Leaving"]
