[05-17-2005 00:17:10] [#ezpublish] <agentbob> aha! is it they who are stubborn or you who are stubborn!
[05-17-2005 00:17:20] [#ezpublish] <agentbob> omg who is driving car? BEAR IS DRIVING HOW CAN DIS Be!
[05-17-2005 02:03:39] -!- Katana` [~katana@217.31.64.170] has joined #ezpublish
[05-17-2005 02:11:39] -!- ordna1 [~ordnas@p549DE8DA.dip.t-dialin.net] has joined #ezpublish
[05-17-2005 03:56:45] -!- SEAwolf [~SEAwolf@p549431B7.dip.t-dialin.net] has joined #ezpublish
[05-17-2005 03:56:48] [#ezpublish] <SEAwolf> re
[05-17-2005 05:09:46] -!- danmiru [~chatzilla@80.94.225.138] has joined #ezpublish
[05-17-2005 05:09:46] -!- SEAwolf [~SEAwolf@p549431B7.dip.t-dialin.net] has quit [Read error: 104 (Connection reset by peer)]
[05-17-2005 05:54:53] [#ezpublish] <danmiru> hello everyone
[05-17-2005 05:55:26] [#ezpublish] <danmiru> i'm trying to set up russian localization on 3.5.2
[05-17-2005 05:55:50] [#ezpublish] <danmiru> all the letters turns into ???? and that's all
[05-17-2005 05:55:59] [#ezpublish] <danmiru> what's the problem?
[05-17-2005 05:59:20] [#ezpublish] <danmiru> found - i18n.override.append.php
[05-17-2005 06:03:24] -!- Katana` [~katana@217.31.64.170] has quit [Read error: 148 (No route to host)]
[05-17-2005 06:58:46] -!- Katana` [~katana@217.31.64.170] has joined #ezpublish
[05-17-2005 07:28:53] -!- _Katana` [~katana@217.31.64.170] has joined #ezpublish
[05-17-2005 07:28:53] -!- Katana` [~katana@217.31.64.170] has quit [Read error: 131 (Connection reset by peer)]
[05-17-2005 07:29:19] -!- _Katana` is now known as Katana`
[05-17-2005 08:38:05] -!- ordna1 [~ordnas@p549DE8DA.dip.t-dialin.net] has quit [Read error: 110 (Connection timed out)]
[05-17-2005 08:50:18] -!- ordna1 [~ordnas@p549DE8DA.dip.t-dialin.net] has joined #ezpublish
[05-17-2005 09:51:40] [#ezpublish] <kracker> lol, agent bob ..
[05-17-2005 09:52:20] [#ezpublish] <kracker> i know it's them, they are the one who keep coming back with the same thread topic
[05-17-2005 09:52:38] [#ezpublish] <kracker> i have a gif for that tho. ...
[05-17-2005 09:54:03] [#ezpublish] <kracker> funny tho, i battle star glattica against it all the time my all time fav mos def(inition) of stuipid is ...
[05-17-2005 09:54:53] [#ezpublish] <kracker> doing the same thing twice and expecting different results ... (some might call that persistant, or un relenting, or with minor variations the scientific method)
[05-17-2005 09:56:32] [#ezpublish] <kracker> my last 'retainer' / boss spoke it as stuipid
[05-17-2005 09:58:13] [#ezpublish] <kracker> course then your rebutal shives in with clarity
[05-17-2005 09:58:36] [#ezpublish] <kracker> why bother being here at all ... i mean, no body's listening
[05-17-2005 10:05:07] [#ezpublish] <kracker> http://www.ez.no/var/ezno/storage/images/users/guest_accounts/kracker/198317-122-eng-GB/kracker.jpg
[05-17-2005 10:19:19] -!- danmiru [~chatzilla@80.94.225.138] has quit ["Chatzilla 0.9.68a [Firefox 1.0.4/20050511]"]
[05-17-2005 10:19:23] [#ezpublish] <kracker> lol
[05-17-2005 10:58:21] [#ezpublish] <kracker> oh yeah
[05-17-2005 10:58:52] [#ezpublish] <kracker> well perhapse I am a little 'quick(silver)' to judge
[05-17-2005 10:59:17] [#ezpublish] <kracker> lol (judge rinehold), seems she opened the door and walked through ...
[05-17-2005 10:59:41] [#ezpublish] <kracker> congrats for her! now if only i could do that in real life ...
[05-17-2005 11:01:25] -!- ordna1 [~ordnas@p549DE8DA.dip.t-dialin.net] has left #ezpublish []
[05-17-2005 11:09:57] -!- Katana` [~katana@217.31.64.170] has quit [Read error: 148 (No route to host)]
[05-17-2005 11:38:45] [#ezpublish] <kracker> Sole : Imsotierd...
[05-17-2005 11:41:02] [#ezpublish] <xbit> Folk & Roevere - Pepperkakemann
[05-17-2005 11:53:19] [#ezpublish] <kracker> wow
[05-17-2005 11:53:37] [#ezpublish] <kracker> dvorak cuts through me with a blade ...
[05-17-2005 11:53:43] [#ezpublish] <kracker> http://linux.slashdot.org/article.pl?sid=05/05/17/1543226&tid=149&tid=133&tid=1&tid=106
[05-17-2005 11:55:58] [#ezpublish] <xbit> paranoid crackpot leftovers from the waning amiga days
[05-17-2005 11:56:04] [#ezpublish] <kracker> Carly Simon : You're so vain ...
[05-17-2005 11:56:14] [#ezpublish] <xbit> he is right! :)
[05-17-2005 11:56:31] [#ezpublish] <kracker> my mother's husband fire's a shot right back at me with a audio drop
[05-17-2005 11:56:51] [#ezpublish] <kracker> to each his own()
[05-17-2005 11:57:31] [#ezpublish] <xbit> song lyrics again?
[05-17-2005 11:58:10] [#ezpublish] <kracker> again? when did it ever end, did i miss the end? is this the end ?
[05-17-2005 11:58:36] [#ezpublish] <kracker> :) it's still early ...
[05-17-2005 11:59:36] [#ezpublish] <xbit> obviously :)
[05-17-2005 11:59:53] [#ezpublish] <kracker> while i was thinking a similar thread the other day as a negative rebutal to the sun vs. fsf (re: OO as free software)
[05-17-2005 12:01:00] [#ezpublish] <kracker> i disagree, while i love dvorak's opinions, he's really anti free software and couldn't verbaly respect the difference between open and free, so he would say 'ish like that ...
[05-17-2005 12:02:19] [#ezpublish] <kracker> in a community, those who fail to stand up get trounced sometimes hard, when it all falls down ... we can only cheer for what we belive in, if that's mob rule then who's left playing the fool?
[05-17-2005 12:04:09] [#ezpublish] <kracker> lol, "Too nutty even for the Mac community? We welcome you!"
[05-17-2005 12:05:09] [#ezpublish] <kracker> course, i don't know what he was really refering too, threats on irl ain't cool
[05-17-2005 12:07:00] [#ezpublish] <kracker> s/on//
[05-17-2005 12:11:37] -!- Katana` [~katana@ankh-morpork.net] has joined #ezpublish
[05-17-2005 12:12:10] [#ezpublish] <agentbob> lol have it on my page too http://www.dankind.com/misc/bleu.php
[05-17-2005 12:15:18] [#ezpublish] <kracker> <grin>
[05-17-2005 12:53:17] [#ezpublish] <kracker> okkkkeee boeeeyzz
[05-17-2005 12:53:31] [#ezpublish] <kracker> i can't wait to have my ezpublish blog back online w/ comments
[05-17-2005 12:53:51] [#ezpublish] <kracker> then you all can taunt me with your own audio drops more frequently
[05-17-2005 12:54:08] [#ezpublish] <kracker> despite what your subconsious might say, i love 'em
[05-17-2005 12:54:38] [#ezpublish] <kracker> and as of today i have to grep my logs to see just what you all have been saying over the past 7months :0
[05-17-2005 13:21:44] [#ezpublish] <kracker> neat drop xbit :) too bad i couldn't find any samples to dl
[05-17-2005 13:23:22] [#ezpublish] <xbit> drop? samples....huh?
[05-17-2005 13:23:34] [#ezpublish] <xbit> not following you
[05-17-2005 13:24:23] [#ezpublish] <kracker> no worries, i was just trying to listen to the music group you mentioned
[05-17-2005 13:24:33] [#ezpublish] <kracker> then i was looking to translate the lyrics
[05-17-2005 13:24:42] [#ezpublish] <kracker> found this neat tool : http://translation.langenberg.com/
[05-17-2005 13:26:07] [#ezpublish] <xbit> ah
[05-17-2005 13:26:12] [#ezpublish] <xbit> :)
[05-17-2005 13:26:21] [#ezpublish] <xbit> did you find the same track?
[05-17-2005 13:26:54] [#ezpublish] <kracker> no i don't think i did, i was reading this (fan like page)
[05-17-2005 13:26:55] [#ezpublish] <kracker> 
[05-17-2005 13:26:56] [#ezpublish] <kracker> http://www.google.com/search?num=50&hl=en&lr=&safe=off&c2coff=1&q=Pepperkakemann&btnG=Search
[05-17-2005 13:27:01] [#ezpublish] <kracker> http://www.sohappy.no/folk/pepperkakemann.html
[05-17-2005 13:27:29] [#ezpublish] <xbit> mmh
[05-17-2005 13:28:50] [#ezpublish] <xbit> http://intertwine.org/~xbit/temp/03-folk_og_roevere_-_pepperkakemann-sms.mp3 <- enjoy :)
[05-17-2005 13:29:06] [#ezpublish] <kracker> kickass! thnx xbit
[05-17-2005 13:29:28] [#ezpublish] <xbit> np :)
[05-17-2005 13:32:40] [#ezpublish] <kracker> nice and mellow, i should be so good as to take a breather :P
[05-17-2005 13:34:09] [#ezpublish] <xbit> yup :)
[05-17-2005 15:09:27] -!- luke_ [~Luke@ntwklan-62-233-244-90.devs.futuro.pl] has joined #ezpublish
[05-17-2005 15:13:19] -!- luke_ [~Luke@ntwklan-62-233-244-90.devs.futuro.pl] has quit [Client Quit]
[05-17-2005 15:17:33] -!- Katana` [~katana@ankh-morpork.net] has quit [Read error: 148 (No route to host)]
[05-17-2005 15:24:04] -!- SEAwolfx [~mike@aa9eaf20f42e0610.session.tor] has joined #ezpublish
[05-17-2005 15:24:44] [#ezpublish] <SEAwolfx> g. evening
[05-17-2005 16:05:09] [#ezpublish] <kracker> sup
[05-17-2005 16:22:19] -!- ordna1 [~ordnas@p549DE8DA.dip.t-dialin.net] has joined #ezpublish
[05-17-2005 16:22:45] -!- ordna1 [~ordnas@p549DE8DA.dip.t-dialin.net] has left #ezpublish []
[05-17-2005 20:12:17] [#ezpublish] <kracker> i've become everything i hated as a child haven't i ...
[05-17-2005 20:12:55] [#ezpublish] <kracker> only the wind will respond to me anylonger ... and even it takes me for a ride ...
[05-17-2005 20:15:03] [#ezpublish] <kracker> heh
[05-17-2005 20:15:32] [#ezpublish] <kracker> manic chuckle just after a stable build goes green and holds ...
[05-17-2005 20:16:28] [#ezpublish] <kracker> it's never enough ... and (payback) is all ways a .....
[05-17-2005 20:25:12] -!- SEAwolfx [~mike@aa9eaf20f42e0610.session.tor] has quit [Remote closed the connection]
[05-17-2005 20:30:37] -!- SEAwolfx [~mike@5e196e4b6943c0bb.session.tor] has joined #ezpublish
[05-17-2005 20:44:45] [#ezpublish] <kracker> in a see of nodding novolty dolls ...
[05-17-2005 23:59:51] -!- SEAwolfx [~mike@5e196e4b6943c0bb.session.tor] has quit [Remote closed the connection]
