[07-02-2006 00:30:47] -!- awormus [n=aaron@p54B070B3.dip.t-dialin.net] has joined #ezpublish
[07-02-2006 00:37:49] -!- SEAwolfx [n=SEAwolfx@p5493AD27.dip0.t-ipconnect.de] has joined #ezpublish
[07-02-2006 01:29:22] -!- _kore [n=lordhong@port-83-236-8-180.dynamic.qsc.de] has joined #ezpublish
[07-02-2006 01:59:07] [#ezpublish] <jeremiah> hi
[07-02-2006 01:59:19] [#ezpublish] <jeremiah> how could i remove newsletters from the send queue?, i dont understand very well it.
[07-02-2006 02:10:52] -!- ordnas [n=ordnas@p549D6051.dip.t-dialin.net] has joined #ezpublish
[07-02-2006 03:29:31] -!- ordnas [n=ordnas@p549D6051.dip.t-dialin.net] has quit [Read error: 104 (Connection reset by peer)]
[07-02-2006 09:34:53] -!- tobmaster [n=tobmaste@dslb-084-061-048-111.pools.arcor-ip.net] has joined #ezpublish
[07-02-2006 09:35:21] [#ezpublish] <tobmaster> hi
[07-02-2006 09:50:52] -!- buz [n=buz@217-162-135-182.dclient.hispeed.ch] has joined #ezpublish
[07-02-2006 10:31:47] -!- zrg [n=zurgutt@80-235-54-231-dsl.kjj.estpak.ee] has joined #ezpublish
[07-02-2006 10:32:06] [#ezpublish] <zrg> yo
[07-02-2006 12:01:16] -!- ordnas [n=ordnas@p549D6051.dip.t-dialin.net] has joined #ezpublish
[07-02-2006 12:20:07] -!- zrg [n=zurgutt@80-235-54-231-dsl.kjj.estpak.ee] has quit [Read error: 104 (Connection reset by peer)]
[07-02-2006 12:36:11] -!- ordnas [n=ordnas@p549D6051.dip.t-dialin.net] has quit [Read error: 104 (Connection reset by peer)]
[07-02-2006 12:54:16] -!- buz [n=buz@217-162-135-182.dclient.hispeed.ch] has quit ["Konversation terminated!"]
[07-02-2006 12:54:17] -!- awormus_ [n=aaron@p54B05B22.dip.t-dialin.net] has joined #ezpublish
[07-02-2006 12:54:38] -!- tobmaster [n=tobmaste@dslb-084-061-048-111.pools.arcor-ip.net] has quit ["Thx 4 all the fisch"]
[07-02-2006 13:10:31] -!- awormus [n=aaron@p54B070B3.dip.t-dialin.net] has quit [Read error: 110 (Connection timed out)]
[07-02-2006 13:45:16] -!- zrg [n=zurgutt@80-235-54-231-dsl.kjj.estpak.ee] has joined #ezpublish
[07-02-2006 14:14:00] -!- zrg [n=zurgutt@80-235-54-231-dsl.kjj.estpak.ee] has quit [Read error: 110 (Connection timed out)]
[07-02-2006 14:17:18] -!- ls [n=ls@85.19.74.66] has joined #ezpublish
[07-02-2006 15:11:04] -!- ls [n=ls@85.19.74.66] has quit [Remote closed the connection]
[07-02-2006 15:51:45] -!- _kore [n=lordhong@port-83-236-8-180.dynamic.qsc.de] has quit [Remote closed the connection]
[07-02-2006 16:20:35] -!- awormus_ [n=aaron@p54B05B22.dip.t-dialin.net] has quit [Read error: 110 (Connection timed out)]
[07-02-2006 17:59:47] -!- SEAwolfx [n=SEAwolfx@p5493AD27.dip0.t-ipconnect.de] has left #ezpublish []
[07-02-2006 23:32:23] -!- SEAwolfx [n=SEAwolfx@p54939060.dip0.t-ipconnect.de] has joined #ezpublish
[07-02-2006 23:44:16] -!- awormus [n=aaron@p54B05B22.dip.t-dialin.net] has joined #ezpublish
