[06-17-2006 00:26:02] -!- SEAwolfx [n=SEAwolfx@p5493C035.dip0.t-ipconnect.de] has quit []
[06-17-2006 01:01:44] -!- aaronw [n=aaron@p54B047AD.dip.t-dialin.net] has joined #ezpublish
[06-17-2006 01:09:18] -!- awormus_ [n=aaron@p54B0751B.dip.t-dialin.net] has quit [Read error: 145 (Connection timed out)]
[06-17-2006 01:10:11] -!- awormus [n=aaron@p54B0641B.dip.t-dialin.net] has joined #ezpublish
[06-17-2006 01:25:22] -!- aaronw [n=aaron@p54B047AD.dip.t-dialin.net] has quit [Read error: 110 (Connection timed out)]
[06-17-2006 01:35:13] -!- _kore [n=lordhong@port-83-236-8-180.dynamic.qsc.de] has joined #ezpublish
[06-17-2006 01:47:46] -!- _buz [n=buz@217-162-135-182.dclient.hispeed.ch] has joined #ezpublish
[06-17-2006 02:32:21] -!- awormus_ [n=aaron@p54B053B3.dip.t-dialin.net] has joined #ezpublish
[06-17-2006 02:46:29] [#ezpublish] <kracker> we sure could use a more ... *verbose/specific/shell command* specific tutorial for 3.6.x -> 3.8.0 upgrades
[06-17-2006 02:46:45] [#ezpublish] <kracker> i mean i know it works .. right but ..
[06-17-2006 02:47:26] [#ezpublish] <kracker> a number of users (*sigh* including me) have hit the same kinds of *crazy* errors durring upgrade process (first few tries ...)
[06-17-2006 02:48:09] -!- _buz [n=buz@217-162-135-182.dclient.hispeed.ch] has quit [Read error: 110 (Connection timed out)]
[06-17-2006 02:50:44] -!- awormus [n=aaron@p54B0641B.dip.t-dialin.net] has quit [Read error: 110 (Connection timed out)]
[06-17-2006 03:21:25] -!- awormus_ [n=aaron@p54B053B3.dip.t-dialin.net] has quit [Read error: 104 (Connection reset by peer)]
[06-17-2006 03:39:32] -!- _buz [n=buz@217-162-135-182.dclient.hispeed.ch] has joined #ezpublish
[06-17-2006 04:11:23] -!- _buz [n=buz@217-162-135-182.dclient.hispeed.ch] has quit [Read error: 110 (Connection timed out)]
[06-17-2006 04:31:50] -!- _buz [n=buz@217-162-135-182.dclient.hispeed.ch] has joined #ezpublish
[06-17-2006 05:05:44] -!- _buz [n=buz@217-162-135-182.dclient.hispeed.ch] has quit [Read error: 110 (Connection timed out)]
[06-17-2006 05:57:06] -!- _buz [n=buz@217-162-135-182.dclient.hispeed.ch] has joined #ezpublish
[06-17-2006 06:19:35] -!- _buz [n=buz@217-162-135-182.dclient.hispeed.ch] has quit [Read error: 110 (Connection timed out)]
[06-17-2006 06:54:56] -!- _buz [n=buz@217-162-135-182.dclient.hispeed.ch] has joined #ezpublish
[06-17-2006 07:26:47] -!- _buz [n=buz@217-162-135-182.dclient.hispeed.ch] has quit [Read error: 110 (Connection timed out)]
[06-17-2006 07:30:18] -!- _buz [n=buz@217-162-135-182.dclient.hispeed.ch] has joined #ezpublish
[06-17-2006 08:08:09] -!- _buz [n=buz@217-162-135-182.dclient.hispeed.ch] has quit [Read error: 110 (Connection timed out)]
[06-17-2006 08:23:13] -!- buz [n=buz@217-162-135-182.dclient.hispeed.ch] has joined #ezpublish
[06-17-2006 08:27:30] -!- zrg [n=zurgutt@213-35-164-23-dsl.kjj.estpak.ee] has joined #ezpublish
[06-17-2006 08:33:38] -!- buz [n=buz@217-162-135-182.dclient.hispeed.ch] has quit [Remote closed the connection]
[06-17-2006 08:50:45] [#ezpublish] <zrg> dum di dum
[06-17-2006 08:54:50] -!- _buz [n=buz@217-162-135-182.dclient.hispeed.ch] has joined #ezpublish
[06-17-2006 09:15:27] -!- _buz [n=buz@217-162-135-182.dclient.hispeed.ch] has quit [Read error: 110 (Connection timed out)]
[06-17-2006 09:39:45] -!- zrg [n=zurgutt@213-35-164-23-dsl.kjj.estpak.ee] has quit [Read error: 104 (Connection reset by peer)]
[06-17-2006 10:47:02] -!- _buz [n=buz@217-162-135-182.dclient.hispeed.ch] has joined #ezpublish
[06-17-2006 11:08:35] -!- _buz [n=buz@217-162-135-182.dclient.hispeed.ch] has quit [Read error: 110 (Connection timed out)]
[06-17-2006 11:11:15] -!- _buz [n=buz@217-162-135-182.dclient.hispeed.ch] has joined #ezpublish
[06-17-2006 11:32:51] -!- _buz [n=buz@217-162-135-182.dclient.hispeed.ch] has quit [Read error: 110 (Connection timed out)]
[06-17-2006 11:45:21] -!- zrg [n=zurgutt@213-35-164-23-dsl.kjj.estpak.ee] has joined #ezpublish
[06-17-2006 11:45:29] [#ezpublish] <zrg> yo yo yo!
[06-17-2006 11:45:37] [#ezpublish] <zrg> whos coming to skien?
[06-17-2006 11:51:34] [#ezpublish] * zrg pokes you with frozen herring
[06-17-2006 12:01:00] -!- _buz [n=buz@217-162-135-182.dclient.hispeed.ch] has joined #ezpublish
[06-17-2006 12:24:09] -!- _buz [n=buz@217-162-135-182.dclient.hispeed.ch] has quit [Read error: 110 (Connection timed out)]
[06-17-2006 12:33:55] -!- _buz [n=buz@217-162-135-182.dclient.hispeed.ch] has joined #ezpublish
[06-17-2006 14:36:24] -!- zrg [n=zurgutt@213-35-164-23-dsl.kjj.estpak.ee] has quit ["Download Gaim: http://gaim.sourceforge.net/"]
[06-17-2006 15:42:20] [#ezpublish] <kracker> hey i bruise eZily
[06-17-2006 15:52:46] -!- _buz [n=buz@217-162-135-182.dclient.hispeed.ch] has quit ["Konversation terminated!"]
[06-17-2006 16:12:55] -!- kalooni [n=kalooni@86.69.54.13] has joined #ezpublish
[06-17-2006 16:13:11] -!- kalooni [n=kalooni@86.69.54.13] has left #ezpublish []
[06-17-2006 16:53:53] [#ezpublish] <kracker> kottonmouth kings - king klick
[06-17-2006 17:14:58] -!- zrg [n=zrg@vpn474.tele2.ee] has joined #ezpublish
[06-17-2006 17:16:47] [#ezpublish] <zrg> hi folks
[06-17-2006 17:33:38] -!- _kore [n=lordhong@port-83-236-8-180.dynamic.qsc.de] has quit [Remote closed the connection]
[06-17-2006 18:08:13] -!- zrg [n=zrg@vpn474.tele2.ee] has quit [Read error: 113 (No route to host)]
