[11-27-2005 00:04:23] -!- nnn0 [n=therion@195.204.221.183] has quit [calvino.freenode.net irc.freenode.net]
[11-27-2005 02:27:06] -!- buz [n=buz@80-218-105-74.dclient.hispeed.ch] has joined #ezpublish
[11-27-2005 02:29:17] -!- nnn0 [n=therion@unaffiliated/nnn0] has joined #ezpublish
[11-27-2005 02:32:38] [#ezpublish] <nnn0> thank god for ezbrowsersniff :D
[11-27-2005 03:57:35] -!- ordnas [n=ordnas@p549DD315.dip.t-dialin.net] has joined #ezpublish
[11-27-2005 04:38:24] -!- ordnas [n=ordnas@p549DD315.dip.t-dialin.net] has left #ezpublish []
[11-27-2005 05:13:10] -!- zrg [n=zurgutt@roop.pri.ee] has joined #ezpublish
[11-27-2005 05:13:45] [#ezpublish] <zrg> blessed be his noodles!
[11-27-2005 05:14:53] [#ezpublish] <nnn0> eheheh you didn't see my comment before you ?
[11-27-2005 05:15:20] [#ezpublish] <buz> aaaaaaaarh
[11-27-2005 05:18:07] [#ezpublish] <hovik> morning.
[11-27-2005 05:30:18] [#ezpublish] <nnn0> hm i can't seem to embed images in a ezxmltext
[11-27-2005 05:37:03] [#ezpublish] <nnn0> hm or it's invisible maybe
[11-27-2005 05:47:36] [#ezpublish] <nnn0> aarg
[11-27-2005 05:53:11] [#ezpublish] <nnn0> wtf
[11-27-2005 05:53:16] [#ezpublish] <nnn0> nothing is working
[11-27-2005 05:53:29] [#ezpublish] <nnn0> not even a bloody stativ link
[11-27-2005 05:53:33] [#ezpublish] <nnn0> statc
[11-27-2005 05:53:39] [#ezpublish] <nnn0> STATIC
[11-27-2005 05:53:40] [#ezpublish] <nnn0> aarg
[11-27-2005 05:53:44] [#ezpublish] <nnn0> time for a break
[11-27-2005 05:53:45] [#ezpublish] <nnn0> bbl
[11-27-2005 06:44:42] -!- zrg [n=zurgutt@roop.pri.ee] has quit ["Download Gaim: http://gaim.sourceforge.net/"]
[11-27-2005 08:01:03] -!- CoderForLife [n=CoderFor@nr24-66-161-205-62.fuse.net] has joined #ezpublish
[11-27-2005 09:21:03] -!- fh2 [n=fh@popeye.ez.no] has joined #ezpublish
[11-27-2005 11:11:21] -!- CoderForLife [n=CoderFor@nr24-66-161-205-62.fuse.net] has left #ezpublish []
[11-27-2005 11:59:27] -!- AIG|Straight [n=Straight@p5092134D.dip0.t-ipconnect.de] has quit [Read error: 110 (Connection timed out)]
[11-27-2005 13:06:51] -!- ordnas [n=ordnas@p549DFD82.dip.t-dialin.net] has joined #ezpublish
[11-27-2005 13:40:27] -!- Straightliner [n=Straight@p509223DF.dip0.t-ipconnect.de] has joined #ezpublish
[11-27-2005 14:09:16] -!- Straightliner [n=Straight@p509223DF.dip0.t-ipconnect.de] has quit []
[11-27-2005 14:44:58] -!- buz [n=buz@80-218-105-74.dclient.hispeed.ch] has quit [Remote closed the connection]
[11-27-2005 14:58:30] -!- ordnas [n=ordnas@p549DFD82.dip.t-dialin.net] has quit [Read error: 104 (Connection reset by peer)]
[11-27-2005 21:09:33] -!- Bedlore [n=me@219-90-189-43.ip.adam.com.au] has joined #ezpublish
[11-27-2005 23:34:50] -!- ordna1 [n=ordnas@p549DFD82.dip.t-dialin.net] has joined #ezpublish
[11-27-2005 23:57:48] -!- buz [n=buz@80-218-105-74.dclient.hispeed.ch] has joined #ezpublish
