[05-09-2005 01:10:14] -!- buz [~buz@217-162-134-214.dclient.hispeed.ch] has joined #ezpublish
[05-09-2005 01:24:47] -!- jota [~jota@fanzine.igalia.com] has joined #ezpublish
[05-09-2005 01:47:13] -!- ordnas [~ordnas@p549DCC17.dip.t-dialin.net] has joined #ezpublish
[05-09-2005 01:56:50] -!- Katana` [~katana@217.31.64.170] has joined #ezpublish
[05-09-2005 02:02:47] -!- fh [~fh@stalker.ez.no] has joined #ezpublish
[05-09-2005 02:52:42] -!- ordnas [~ordnas@p549DCC17.dip.t-dialin.net] has quit [Read error: 110 (Connection timed out)]
[05-09-2005 03:50:13] -!- ordna1 [~ordnas@p549DCC17.dip.t-dialin.net] has joined #ezpublish
[05-09-2005 03:53:40] -!- Katana` [~katana@217.31.64.170] has quit [Read error: 104 (Connection reset by peer)]
[05-09-2005 04:09:12] -!- Katana` [~katana@217.31.64.170] has joined #ezpublish
[05-09-2005 04:18:02] -!- buz [~buz@217-162-134-214.dclient.hispeed.ch] has quit ["Konversation terminated!"]
[05-09-2005 05:56:30] -!- ordna1 [~ordnas@p549DCC17.dip.t-dialin.net] has quit [Read error: 110 (Connection timed out)]
[05-09-2005 06:14:58] -!- Katana` [~katana@217.31.64.170] has quit [Read error: 113 (No route to host)]
[05-09-2005 06:33:58] -!- jota [~jota@fanzine.igalia.com] has quit ["Abandonando"]
[05-09-2005 06:44:29] -!- ordnas [~ordnas@p549DCC17.dip.t-dialin.net] has joined #ezpublish
[05-09-2005 07:00:46] -!- Katana` [~katana@217.31.64.170] has joined #ezpublish
[05-09-2005 07:19:49] -!- ordnas [~ordnas@p549DCC17.dip.t-dialin.net] has quit [Read error: 110 (Connection timed out)]
[05-09-2005 07:28:21] -!- fh [~fh@stalker.ez.no] has quit [Read error: 60 (Operation timed out)]
[05-09-2005 07:31:11] -!- ordnas [~ordnas@p549DCC17.dip.t-dialin.net] has joined #ezpublish
[05-09-2005 07:41:40] -!- _buz [~buz@217-162-134-214.dclient.hispeed.ch] has joined #ezpublish
[05-09-2005 08:10:47] -!- fh [~fh@stalker.ez.no] has joined #ezpublish
[05-09-2005 08:29:53] -!- ordnas [~ordnas@p549DCC17.dip.t-dialin.net] has quit [Read error: 110 (Connection timed out)]
[05-09-2005 08:37:20] -!- ordna1 [~ordnas@p549DCC17.dip.t-dialin.net] has joined #ezpublish
[05-09-2005 09:34:00] -!- ordna1 [~ordnas@p549DCC17.dip.t-dialin.net] has quit [Read error: 60 (Operation timed out)]
[05-09-2005 10:08:06] -!- kracker [~kracker@c-24-0-43-159.hsd1.tx.comcast.net] has joined #ezpublish
[05-09-2005 10:08:12] [#ezpublish] <kracker> what's crew?
[05-09-2005 10:08:19] [#ezpublish] <kracker> who knew?
[05-09-2005 10:08:26] [#ezpublish] <kracker> erum what's up crew?
[05-09-2005 10:08:36] [#ezpublish] <xbit> hola hola
[05-09-2005 10:08:39] [#ezpublish] <kracker> don't let them blues clue you
[05-09-2005 10:09:21] [#ezpublish] <kracker> wow, so i'm back and they are twice as abuseive to themselves since i was gone and i can see how bad the next 2-4 weeks is going to be ...
[05-09-2005 10:10:48] [#ezpublish] <kracker> there is a skit on chapell show : season 2 that has a guy doing this "holla holaa" skit, it's very funny
[05-09-2005 10:11:40] [#ezpublish] <xbit> maybe it'll be aired in norway in some years ;)
[05-09-2005 10:13:20] [#ezpublish] <kracker> perhapse, i suggest the hacker alternative in it's stead
[05-09-2005 10:13:32] [#ezpublish] <kracker> but you don't have to take my word for it
[05-09-2005 10:14:09] [#ezpublish] <kracker> hey what's a name for someone whom it seems everything they say is centered about themself (psyco-disorder)
[05-09-2005 10:14:28] [#ezpublish] <kracker> hehe, i need to  be in #disorders
[05-09-2005 10:15:41] [#ezpublish] <kracker> ahh http://www.webster.com/cgi-bin/dictionary?sourceid=Mozilla-search&va=egotist+
[05-09-2005 10:16:55] [#ezpublish] <kracker> i swear ya'd think i was talking about myself but i'm really just looking to find a way to send spam to someone to let em know
[05-09-2005 10:17:23] [#ezpublish] <xbit> i bet you are :p
[05-09-2005 10:17:40] [#ezpublish] <kracker> hey they fired first
[05-09-2005 10:18:08] [#ezpublish] <kracker> it's a pistol dual and i'm just overreacting to someone else who is being crewl
[05-09-2005 10:18:25] [#ezpublish] <xbit> oookay...i guess
[05-09-2005 10:18:28] [#ezpublish] <xbit> :)
[05-09-2005 10:28:58] [#ezpublish] <kracker> who's more culpable? the parent or the child?
[05-09-2005 10:29:46] [#ezpublish] <xbit> what's culpable?
[05-09-2005 10:30:25] [#ezpublish] <kracker> http://www.webster.com/cgi-bin/dictionary?sourceid=Mozilla-search&va=culpable
[05-09-2005 10:30:25] [#ezpublish] <kracker> 1 archaic : GUILTY, CRIMINAL
[05-09-2005 10:30:25] [#ezpublish] <kracker> 2 : meriting condemnation or blame especially as wrong or harmful <culpable negligence>
[05-09-2005 10:30:40] [#ezpublish] <kracker> aka.... who is more guilty?
[05-09-2005 10:31:00] [#ezpublish] <kracker> i tried too google it and the results made me laugh
[05-09-2005 10:33:40] [#ezpublish] <xbit> the parent is more guilty for putting the child to this world
[05-09-2005 10:33:42] [#ezpublish] <xbit> obviously
[05-09-2005 10:34:03] [#ezpublish] <kracker> naturaly (with emphasis to the natural order ...)
[05-09-2005 10:34:52] [#ezpublish] <kracker> funny how quickly they all turn it arround to suite them on a whim ...
[05-09-2005 10:36:43] [#ezpublish] <xbit> umm..yeah
[05-09-2005 10:36:46] [#ezpublish] <xbit> :o
[05-09-2005 10:40:15] [#ezpublish] <kracker> yeah, i'd love to tell ya'll but really ... if you don't understand, i can't explain it
[05-09-2005 10:41:11] [#ezpublish] <xbit> yeah, sorry duude :)
[05-09-2005 10:41:46] [#ezpublish] <kracker> na, don't be, i'm not
[05-09-2005 10:42:01] [#ezpublish] <kracker> if you let them get you feeling sorry, they they win ...
[05-09-2005 10:45:56] -!- ordna1 [~ordnas@p549DCDC7.dip.t-dialin.net] has joined #ezpublish
[05-09-2005 10:47:00] -!- SEAwolfx [~mike@DSL01.83.171.155.203.NEFkom.net] has joined #ezpublish
[05-09-2005 10:47:23] [#ezpublish] <SEAwolfx> hi
[05-09-2005 10:54:04] -!- kracker [~kracker@c-24-0-43-159.hsd1.tx.comcast.net] has quit [Read error: 145 (Connection timed out)]
[05-09-2005 10:58:48] -!- _buz [~buz@217-162-134-214.dclient.hispeed.ch] has quit [Read error: 110 (Connection timed out)]
[05-09-2005 11:06:30] -!- Katana` [~katana@217.31.64.170] has quit [Read error: 60 (Operation timed out)]
[05-09-2005 11:42:29] -!- Bedlore [~me@ppp229-63.lns3.adl2.internode.on.net] has joined #ezpublish
[05-09-2005 11:56:41] -!- kracker [~kracker@c-24-0-43-159.hsd1.tx.comcast.net] has joined #ezpublish
[05-09-2005 11:57:16] [#ezpublish] <kracker> aesop rock : babies with guns
[05-09-2005 11:57:26] [#ezpublish] * kracker goes n/a in frustration ...
[05-09-2005 11:58:30] [#ezpublish] <SEAwolfx> doh ... dont do that. ;)
[05-09-2005 12:00:51] -!- ordna1 [~ordnas@p549DCDC7.dip.t-dialin.net] has quit [Read error: 110 (Connection timed out)]
[05-09-2005 12:09:37] -!- kracker [~kracker@c-24-0-43-159.hsd1.tx.comcast.net] has quit [Read error: 145 (Connection timed out)]
[05-09-2005 12:16:40] -!- Katana` [~katana@ankh-morpork.net] has joined #ezpublish
[05-09-2005 12:27:32] -!- daffen [~bob@kunde195204237130.frenabb.no] has joined #ezpublish
[05-09-2005 13:03:13] -!- SachaS [~Sacha@216.138.89.5] has joined #ezpublish
[05-09-2005 13:03:36] -!- SachaS [~Sacha@216.138.89.5] has left #ezpublish ["Client exiting"]
[05-09-2005 13:05:56] -!- Allman [~allman@ti132110a080-0888.bb.online.no] has joined #ezpublish
[05-09-2005 13:23:29] -!- Katana` [~katana@ankh-morpork.net] has quit [Read error: 113 (No route to host)]
[05-09-2005 13:35:06] -!- Allman [~allman@ti132110a080-0888.bb.online.no] has quit []
[05-09-2005 13:46:12] -!- Katana` [~katana@ankh-morpork.net] has joined #ezpublish
[05-09-2005 13:58:34] -!- kracker [~kracker@c-24-0-43-159.hsd1.tx.comcast.net] has joined #ezpublish
[05-09-2005 13:59:26] -!- _Katana` [~katana@ankh-morpork.net] has joined #ezpublish
[05-09-2005 13:59:40] -!- Katana` [~katana@ankh-morpork.net] has quit [Read error: 113 (No route to host)]
[05-09-2005 13:59:44] -!- _Katana` is now known as Katana`
[05-09-2005 14:13:10] -!- _Katana` [~katana@ankh-morpork.net] has joined #ezpublish
[05-09-2005 14:13:10] -!- Katana` [~katana@ankh-morpork.net] has quit [Read error: 104 (Connection reset by peer)]
[05-09-2005 14:13:32] -!- _Katana` is now known as Katana`
[05-09-2005 14:26:43] -!- luke_ [~Luke@ntwklan-62-233-244-90.devs.futuro.pl] has joined #ezpublish
[05-09-2005 14:26:56] [#ezpublish] <luke_> hi
[05-09-2005 14:31:06] -!- kracker [~kracker@c-24-0-43-159.hsd1.tx.comcast.net] has quit [Read error: 110 (Connection timed out)]
[05-09-2005 14:48:20] -!- luke__ [~Luke@ntwklan-62-233-244-90.devs.futuro.pl] has joined #ezpublish
[05-09-2005 15:06:43] -!- luke_ [~Luke@ntwklan-62-233-244-90.devs.futuro.pl] has quit [Read error: 110 (Connection timed out)]
[05-09-2005 15:10:17] -!- _buz [~buz@80-218-107-8.dclient.hispeed.ch] has joined #ezpublish
[05-09-2005 15:17:39] -!- _Katana` [~katana@ankh-morpork.net] has joined #ezpublish
[05-09-2005 15:18:14] -!- Katana` [~katana@ankh-morpork.net] has quit [Read error: 113 (No route to host)]
[05-09-2005 15:18:15] -!- _Katana` is now known as Katana`
[05-09-2005 15:48:26] -!- luke___ [~Luke@ntwklan-62-233-244-90.devs.futuro.pl] has joined #ezpublish
[05-09-2005 15:48:29] -!- luke___ is now known as luke_
[05-09-2005 15:59:55] -!- kracker [~kracker@c-24-0-43-159.hsd1.tx.comcast.net] has joined #ezpublish
[05-09-2005 16:00:40] -!- Katana` [~katana@ankh-morpork.net] has quit [Read error: 113 (No route to host)]
[05-09-2005 16:00:46] -!- Katana` [~katana@ankh-morpork.net] has joined #ezpublish
[05-09-2005 16:05:49] -!- luke__ [~Luke@ntwklan-62-233-244-90.devs.futuro.pl] has quit [Read error: 110 (Connection timed out)]
[05-09-2005 16:06:39] -!- _buz [~buz@80-218-107-8.dclient.hispeed.ch] has quit ["Konversation terminated!"]
[05-09-2005 16:06:59] -!- Katana` [~katana@ankh-morpork.net] has quit []
[05-09-2005 16:07:30] -!- luke_ [~Luke@ntwklan-62-233-244-90.devs.futuro.pl] has quit ["Chatzilla 0.9.68a [Firefox 1.0.3/20050414]"]
[05-09-2005 16:14:21] -!- kracker [~kracker@c-24-0-43-159.hsd1.tx.comcast.net] has quit [Read error: 60 (Operation timed out)]
[05-09-2005 16:40:39] -!- daffen [~bob@kunde195204237130.frenabb.no] has left #ezpublish []
[05-09-2005 18:00:57] -!- kracker [~kracker@c-24-0-43-159.hsd1.tx.comcast.net] has joined #ezpublish
[05-09-2005 18:07:31] [#ezpublish] <kracker> .
[05-09-2005 18:25:48] [#ezpublish] <SEAwolfx> ..
[05-09-2005 18:34:44] -!- kracker [~kracker@c-24-0-43-159.hsd1.tx.comcast.net] has quit [Read error: 145 (Connection timed out)]
[05-09-2005 19:58:17] -!- Bedlore [~me@ppp229-63.lns3.adl2.internode.on.net] has quit []
[05-09-2005 19:59:00] -!- Bedlore [~me@ppp229-63.lns3.adl2.internode.on.net] has joined #ezpublish
[05-09-2005 19:59:36] -!- mode/#ezpublish [+o fh] by ChanServ
[05-09-2005 20:07:38] -!- kracker [~kracker@c-24-0-43-159.hsd1.tx.comcast.net] has joined #ezpublish
[05-09-2005 20:56:02] [#ezpublish] <Bedlore> ez.no appears down again :(
[05-09-2005 21:04:34] -!- kracker [~kracker@c-24-0-43-159.hsd1.tx.comcast.net] has quit [Read error: 60 (Operation timed out)]
[05-09-2005 21:07:35] -!- Bedlore [~me@ppp229-63.lns3.adl2.internode.on.net] has quit []
[05-09-2005 21:23:29] -!- SachaS [~Sacha@12.44.147.178] has joined #ezpublish
[05-09-2005 21:52:36] -!- Bedlore [~me@ppp229-63.lns3.adl2.internode.on.net] has joined #ezpublish
[05-09-2005 22:07:53] -!- kracker [~kracker@c-24-0-43-159.hsd1.tx.comcast.net] has joined #ezpublish
[05-09-2005 23:55:21] -!- _buz [~buz@80-218-107-8.dclient.hispeed.ch] has joined #ezpublish
