[11-18-2005 00:47:35] -!- buz [n=buz@80-218-105-74.dclient.hispeed.ch] has joined #ezpublish
[11-18-2005 01:33:20] -!- DiGiTa|_ [n=guillaum@84.6.33.175] has joined #ezpublish
[11-18-2005 01:47:21] -!- buz [n=buz@80-218-105-74.dclient.hispeed.ch] has quit ["Konversation terminated!"]
[11-18-2005 01:59:27] -!- jota [n=jota@fanzine.igalia.com] has joined #ezpublish
[11-18-2005 01:59:55] -!- DiGiTa|__ [n=guillaum@84.4.124.59] has joined #ezpublish
[11-18-2005 02:03:26] -!- ordnas [n=ordnas@p549DF0AF.dip.t-dialin.net] has joined #ezpublish
[11-18-2005 02:09:10] -!- jota [n=jota@fanzine.igalia.com] has quit ["Abandonando"]
[11-18-2005 02:13:44] -!- DiGiTa|_ [n=guillaum@84.6.33.175] has quit [Read error: 110 (Connection timed out)]
[11-18-2005 02:30:01] -!- kracker [n=kracker@pdpc/supporter/sustaining/kracker] has quit [Read error: 110 (Connection timed out)]
[11-18-2005 03:11:46] -!- kh[eZ] [n=kh@popeye.ez.no] has joined #ezpublish
[11-18-2005 03:41:13] -!- ordnas [n=ordnas@p549DF0AF.dip.t-dialin.net] has quit ["Download Gaim: http://gaim.sourceforge.net/"]
[11-18-2005 03:41:48] -!- ordnas [n=ordnas@p549DF0AF.dip.t-dialin.net] has joined #ezpublish
[11-18-2005 04:13:42] -!- kracker [n=kracker@pdpc/supporter/sustaining/kracker] has joined #ezpublish
[11-18-2005 04:25:19] -!- _rappy_ is now known as _Rappy_
[11-18-2005 04:25:25] [#ezpublish] <_Rappy_> hi all
[11-18-2005 04:37:53] [#ezpublish] <_Rappy_> does anyone know if there is a limit to how many roles eZ can hadle?
[11-18-2005 07:45:40] -!- buz [n=buz@80-218-105-74.dclient.hispeed.ch] has joined #ezpublish
[11-18-2005 08:53:58] -!- buz [n=buz@80-218-105-74.dclient.hispeed.ch] has quit [Remote closed the connection]
[11-18-2005 09:04:21] -!- _Rappy_ is now known as _rappy_
[11-18-2005 09:07:49] -!- _rappy_ [n=hunt-pre@dsl-253-122.monet.no] has quit ["Leaving"]
[11-18-2005 09:23:00] -!- DiGiTa|_ [n=guillaum@84.4.189.186] has joined #ezpublish
[11-18-2005 09:31:14] -!- DiGiTa|__ [n=guillaum@84.4.124.59] has quit [Read error: 110 (Connection timed out)]
[11-18-2005 09:32:42] -!- ordnas [n=ordnas@p549DF0AF.dip.t-dialin.net] has quit [Read error: 110 (Connection timed out)]
[11-18-2005 09:35:14] -!- ordna1 [n=ordnas@p549DD81A.dip.t-dialin.net] has joined #ezpublish
[11-18-2005 10:01:05] [#ezpublish] <LottoKim> hmm, i cant see pictures if im a anonymous user, but i can see them if i am admin, how can i fix this?
[11-18-2005 10:03:07] [#ezpublish] <kh[eZ]> content  read  class (images), section( media )
[11-18-2005 10:09:40] -!- buz [n=buz@80-218-105-74.dclient.hispeed.ch] has joined #ezpublish
[11-18-2005 11:10:14] [#ezpublish] <DiGiTa|_> http://coba-immobilier.com/proprietes
[11-18-2005 11:10:23] [#ezpublish] <DiGiTa|_> my custom ajax search engine
[11-18-2005 11:10:27] [#ezpublish] <DiGiTa|_> :)
[11-18-2005 13:01:38] -!- ordna1 [n=ordnas@p549DD81A.dip.t-dialin.net] has quit [Read error: 104 (Connection reset by peer)]
[11-18-2005 13:04:37] -!- ls[eZ] [n=ls@unregister049205219081.c205.msk.pl] has joined #ezpublish
[11-18-2005 13:16:54] -!- xbit [n=stian@pppoecl83027.minlos.no] has joined #ezpublish
[11-18-2005 15:33:33] -!- ordnas [n=ordnas@p549DD81A.dip.t-dialin.net] has joined #ezpublish
[11-18-2005 16:21:14] -!- DiGiTa|_ [n=guillaum@84.4.189.186] has quit []
[11-18-2005 17:05:24] -!- xiglet [n=xiglet@cD9088F2C.sdsl.catch.no] has joined #ezpublish
[11-18-2005 17:06:06] [#ezpublish] <xiglet> will the online editor be compatible in other browsers than mozilla/firefox and IE in the near future?
[11-18-2005 17:25:29] -!- ordnas [n=ordnas@p549DD81A.dip.t-dialin.net] has quit [Read error: 104 (Connection reset by peer)]
[11-18-2005 17:26:59] -!- CoderForLife [n=CoderFor@nr24-66-161-205-62.fuse.net] has joined #ezpublish
[11-18-2005 17:31:23] [#ezpublish] <kracker> heh
[11-18-2005 17:33:44] [#ezpublish] <kracker> konqueror?
[11-18-2005 17:34:09] [#ezpublish] <xiglet> yes
[11-18-2005 18:13:26] [#ezpublish] <kracker> safari?
[11-18-2005 18:16:09] -!- ls[eZ] [n=ls@unregister049205219081.c205.msk.pl] has quit ["Leaving"]
[11-18-2005 18:19:40] [#ezpublish] <Proteque> will it work at all on mac?
[11-18-2005 18:19:46] [#ezpublish] <Proteque> that would be a great start
[11-18-2005 18:19:47] [#ezpublish] <Proteque> hehe
[11-18-2005 18:47:40] -!- CoderForLife [n=CoderFor@nr24-66-161-205-62.fuse.net] has left #ezpublish []
[11-18-2005 19:13:16] [#ezpublish] <kracker> heh, lynx vs wget ? <smirk />
