[05-10-2006 00:13:00] -!- awormus [n=aaron@p54B119FB.dip0.t-ipconnect.de] has joined #ezpublish
[05-10-2006 00:40:54] -!- ordnas [n=ordnas@p549D5136.dip.t-dialin.net] has joined #ezpublish
[05-10-2006 00:45:39] -!- ordnas [n=ordnas@p549D5136.dip.t-dialin.net] has quit [Read error: 104 (Connection reset by peer)]
[05-10-2006 00:49:41] -!- ordnas [n=ordnas@p549D5136.dip.t-dialin.net] has joined #ezpublish
[05-10-2006 01:04:30] -!- DiGiTa|_ [n=pet2poul@84.4.71.47] has joined #ezpublish
[05-10-2006 01:09:55] -!- _kore [n=lordhong@port-83-236-9-237.dynamic.qsc.de] has joined #ezpublish
[05-10-2006 01:45:18] -!- jota [n=jota@cm216016.red83-165.mundo-r.com] has joined #ezpublish
[05-10-2006 01:54:14] -!- tobmaster [n=tobmaste@F0-EZSYSTEMS.customer.getit.de] has joined #ezpublish
[05-10-2006 02:29:38] -!- DiGiTa|_ [n=pet2poul@84.4.71.47] has quit []
[05-10-2006 02:30:17] -!- DiGiTa|_ [n=pet2poul@84.4.71.47] has joined #ezpublish
[05-10-2006 02:37:31] -!- kalooni [n=nicolas@fbx.internethic.net] has joined #ezpublish
[05-10-2006 03:05:04] -!- ordna1 [n=ordnas@p549D6C4F.dip.t-dialin.net] has joined #ezpublish
[05-10-2006 03:20:25] -!- buz [n=buz@dhcp-202-131-vpn.unizh.ch] has joined #ezpublish
[05-10-2006 03:22:25] -!- ordnas [n=ordnas@p549D5136.dip.t-dialin.net] has quit [Read error: 110 (Connection timed out)]
[05-10-2006 03:24:56] -!- buz [n=buz@dhcp-202-131-vpn.unizh.ch] has quit [Read error: 104 (Connection reset by peer)]
[05-10-2006 04:35:21] -!- kore__ [n=lordhong@F0-EZSYSTEMS.customer.getit.de] has joined #ezpublish
[05-10-2006 05:25:56] -!- hovik [n=hovik@213.236.139.146] has joined #ezpublish
[05-10-2006 05:35:20] -!- hovik [n=hovik@213.236.139.146] has quit [Remote closed the connection]
[05-10-2006 06:36:58] -!- kore__ [n=lordhong@F0-EZSYSTEMS.customer.getit.de] has quit []
[05-10-2006 06:40:02] -!- kore__ [n=lordhong@F0-EZSYSTEMS.customer.getit.de] has joined #ezpublish
[05-10-2006 06:56:05] -!- nfrp [n=nfrp@LSt-Amand-152-31-36-33.w82-127.abo.wanadoo.fr] has joined #ezpublish
[05-10-2006 07:39:31] [#ezpublish] <kalooni> hello nrfp
[05-10-2006 07:39:54] [#ezpublish] <kalooni> for your information a french channel for ez user also exist : ezpublish-fr
[05-10-2006 07:40:07] -!- domas [n=midom@wikipedia/Midom] has left #ezpublish ["Leaving"]
[05-10-2006 07:50:48] -!- buz [n=buz@217-162-135-182.dclient.hispeed.ch] has joined #ezpublish
[05-10-2006 07:54:23] [#ezpublish] <nfrp> hello kalooni:)
[05-10-2006 07:54:47] [#ezpublish] <nfrp> i'll tune in then.
[05-10-2006 08:00:12] -!- caee [i=ce@tunnel-43-54.vpn.uib.no] has joined #ezpublish
[05-10-2006 08:09:54] [#ezpublish] * kris10an slaps nfrp with a trout
[05-10-2006 08:11:56] [#ezpublish] <buz> tune in to what
[05-10-2006 08:14:06] [#ezpublish] <nfrp> ezpublish-fr, french speaking channel for eZp.
[05-10-2006 08:14:26] [#ezpublish] <buz> bleh
[05-10-2006 08:14:26] [#ezpublish] <buz> french
[05-10-2006 08:14:45] [#ezpublish] <DiGiTa|_> lol
[05-10-2006 08:14:51] [#ezpublish] <nfrp> mm...sounds like a swiss-like remark ... :P
[05-10-2006 08:14:52] [#ezpublish] <DiGiTa|_> schtroumpf grognon
[05-10-2006 08:15:18] [#ezpublish] <buz> french was the worst mark in my highschool graduation
[05-10-2006 08:15:43] [#ezpublish] <buz> tho honestly i'd say i was even worse than the mark
[05-10-2006 08:17:35] [#ezpublish] <buz> french wine is much better than swiss though
[05-10-2006 08:23:13] -!- caee [i=ce@tunnel-43-54.vpn.uib.no] has quit [Read error: 113 (No route to host)]
[05-10-2006 08:38:30] -!- _buz [n=buz@217-162-135-182.dclient.hispeed.ch] has joined #ezpublish
[05-10-2006 08:45:59] -!- nfrp [n=nfrp@LSt-Amand-152-31-36-33.w82-127.abo.wanadoo.fr] has quit [Remote closed the connection]
[05-10-2006 08:49:32] -!- _rappy_ [n=hunt-pre@80-89-35-2.network.itconnect.no] has quit ["Ex-Chat"]
[05-10-2006 09:05:22] -!- ordna1 [n=ordnas@p549D6C4F.dip.t-dialin.net] has quit [Read error: 110 (Connection timed out)]
[05-10-2006 09:09:31] -!- nfrp [n=nfrp@LSt-Amand-152-31-36-33.w82-127.abo.wanadoo.fr] has joined #ezpublish
[05-10-2006 09:10:53] -!- buz_ [n=buz@dhcp-203-105-vpn.unizh.ch] has joined #ezpublish
[05-10-2006 09:25:16] -!- buz [n=buz@217-162-135-182.dclient.hispeed.ch] has quit [Read error: 110 (Connection timed out)]
[05-10-2006 09:49:51] -!- B-KiLLer` [n=me@bart.interact.lu] has joined #ezpublish
[05-10-2006 09:51:01] -!- buz_ is now known as buz
[05-10-2006 10:10:55] -!- Sulfur__ [n=Sulfur@85.20.2.139] has joined #ezpublish
[05-10-2006 10:10:55] -!- Sulfur__ [n=Sulfur@85.20.2.139] has quit [Client Quit]
[05-10-2006 10:11:42] -!- Sulfur [n=mbariola@85.20.2.139] has joined #ezpublish
[05-10-2006 10:11:50] [#ezpublish] <Sulfur> hiya
[05-10-2006 10:12:29] [#ezpublish] <Sulfur> anyone ever tried to import an  ezbinaryfile from php?
[05-10-2006 10:24:24] [#ezpublish] <kalooni> hi
[05-10-2006 10:24:41] [#ezpublish] <kalooni> in a template I want to do a redirection, how should I do that ?
[05-10-2006 10:25:25] [#ezpublish] <B-KiLLer`> it should be done in the module associated to that template, if I'm not wrong :)
[05-10-2006 10:25:32] [#ezpublish] <B-KiLLer`> in the PHP code, I mean
[05-10-2006 10:25:43] [#ezpublish] <kalooni> no other way ?
[05-10-2006 10:37:37] [#ezpublish] <B-KiLLer`> none I'm aware of...
[05-10-2006 10:40:16] [#ezpublish] <kalooni> eh; just found something great : http://ez.no/community/contribs/template_plugins/redirect_operators
[05-10-2006 10:41:14] -!- _buz [n=buz@217-162-135-182.dclient.hispeed.ch] has quit [Read error: 110 (Connection timed out)]
[05-10-2006 10:42:11] [#ezpublish] <B-KiLLer`> oh yes, nice one !
[05-10-2006 10:43:10] -!- caee [i=ce@tunnel-43-185.vpn.uib.no] has joined #ezpublish
[05-10-2006 10:50:39] [#ezpublish] <DiGiTa|_> i'm playing with transparency and css : http://www.coquelicot-prod.com/clients/ventes-flash/templates/product_listing.htm
[05-10-2006 11:11:57] -!- kalooni [n=nicolas@fbx.internethic.net] has quit ["Quitte"]
[05-10-2006 11:12:07] -!- kore__ [n=lordhong@F0-EZSYSTEMS.customer.getit.de] has quit []
[05-10-2006 11:50:58] -!- nfrp [n=nfrp@LSt-Amand-152-31-36-33.w82-127.abo.wanadoo.fr] has quit ["Leaving"]
[05-10-2006 11:59:04] -!- tobmaster [n=tobmaste@F0-EZSYSTEMS.customer.getit.de] has quit ["Thx 4 all the fisch"]
[05-10-2006 12:05:04] -!- Sulfur [n=mbariola@85.20.2.139] has quit ["Leaving."]
[05-10-2006 12:43:03] -!- _buz [n=buz@217-162-135-182.dclient.hispeed.ch] has joined #ezpublish
[05-10-2006 12:45:27] -!- jota [n=jota@cm216016.red83-165.mundo-r.com] has quit ["Abandonando"]
[05-10-2006 12:50:18] -!- _buz [n=buz@217-162-135-182.dclient.hispeed.ch] has quit [Remote closed the connection]
[05-10-2006 12:58:20] -!- buz [n=buz@dhcp-203-105-vpn.unizh.ch] has quit [Read error: 113 (No route to host)]
[05-10-2006 13:00:00] -!- ls [n=ls@unregister049029239087.c29.msk.pl] has joined #ezpublish
[05-10-2006 13:44:35] -!- ordnas [n=ordnas@p549D6C4F.dip.t-dialin.net] has joined #ezpublish
[05-10-2006 14:00:43] -!- ls [n=ls@unregister049029239087.c29.msk.pl] has quit [Read error: 110 (Connection timed out)]
[05-10-2006 14:03:58] -!- ls [n=ls@unregister049029239087.c29.msk.pl] has joined #ezpublish
[05-10-2006 14:09:52] -!- ls [n=ls@unregister049029239087.c29.msk.pl] has quit ["Leaving"]
[05-10-2006 14:25:24] -!- awormus [n=aaron@p54B119FB.dip0.t-ipconnect.de] has quit [Read error: 60 (Operation timed out)]
[05-10-2006 14:29:34] -!- awormus [n=aaron@84.177.25.251] has joined #ezpublish
[05-10-2006 14:45:26] -!- caee [i=ce@tunnel-43-185.vpn.uib.no] has quit ["My damn controlling terminal disappeared!"]
[05-10-2006 15:10:30] -!- ordnas [n=ordnas@p549D6C4F.dip.t-dialin.net] has left #ezpublish []
[05-10-2006 15:57:29] -!- DiGiTa|_ [n=pet2poul@84.4.71.47] has quit []
[05-10-2006 16:03:36] -!- awormus [n=aaron@84.177.25.251] has quit [Read error: 104 (Connection reset by peer)]
[05-10-2006 16:59:37] -!- _kore [n=lordhong@port-83-236-9-237.dynamic.qsc.de] has quit [""The Flag is a symbol of the fact that man is still a herd animal.""]
[05-10-2006 19:54:49] -!- _kh [n=kh@85.19.74.66] has joined #ezpublish
[05-10-2006 19:54:50] -!- kris10an [n=kh@85.19.74.66] has quit [Read error: 104 (Connection reset by peer)]
